#
# A fatal error has been detected by the Java Runtime Environment:
#
#  EXCEPTION_ACCESS_VIOLATION (0xc0000005) at pc=0x00007ffdce0d6a87, pid=7836, tid=5196
#
# JRE version: Java(TM) SE Runtime Environment (17.0.2+8) (build 17.0.2+8-LTS-86)
# Java VM: Java HotSpot(TM) 64-Bit Server VM (17.0.2+8-LTS-86, mixed mode, sharing, tiered, compressed oops, compressed class ptrs, g1 gc, windows-amd64)
# Problematic frame:
# C  [glass.dll+0x26a87]
#
# No core dump will be written. Minidumps are not enabled by default on client versions of Windows
#
# If you would like to submit a bug report, please visit:
#   https://bugreport.java.com/bugreport/crash.jsp
#

---------------  S U M M A R Y ------------

Command Line: -javaagent:C:\Program Files\JetBrains\IntelliJ IDEA 2022.1.3\lib\idea_rt.jar=55505:C:\Program Files\JetBrains\IntelliJ IDEA 2022.1.3\bin -Dfile.encoding=UTF-8 --module-path=C:\Users\Andres\.m2\repository\org\openjfx\javafx-graphics\17.0.1\javafx-graphics-17.0.1-win.jar;C:\Users\Andres\IdeaProjects\demo2\target\classes;C:\Users\Andres\.m2\repository\org\openjfx\javafx-fxml\17.0.1\javafx-fxml-17.0.1-win.jar;C:\Users\Andres\.m2\repository\org\openjfx\javafx-base\17.0.1\javafx-base-17.0.1-win.jar;C:\Users\Andres\.m2\repository\org\openjfx\javafx-controls\17.0.1\javafx-controls-17.0.1-win.jar -Djdk.module.main=com.example.demo2 com.example.demo2/com.example.demo2.HelloApplication

Host: Intel(R) Core(TM) i3-4130 CPU @ 3.40GHz, 4 cores, 7G,  Windows 10 , 64 bit Build 19041 (10.0.19041.1889)
Time: Thu Sep 29 05:27:27 2022 Hora estándar de línea de fecha elapsed time: 53.042616 seconds (0d 0h 0m 53s)

---------------  T H R E A D  ---------------

Current thread (0x000001effcfc2ae0):  VMThread "VM Thread" [stack: 0x0000003682b00000,0x0000003682c00000] [id=5196]

Stack: [0x0000003682b00000,0x0000003682c00000],  sp=0x0000003682bff2c0,  free space=1020k
Native frames: (J=compiled Java code, j=interpreted, Vv=VM code, C=native code)
C  [glass.dll+0x26a87]


siginfo: EXCEPTION_ACCESS_VIOLATION (0xc0000005), reading address 0x0000000000000000


Register to memory mapping:

RIP=0x00007ffdce0d6a87 glass.dll
RAX=0x0 is NULL
RBX=0x000001effcfd7d48 is a global jni handle
RCX=0x000001effcfc2ae0 points into unknown readable memory: 0x00007ffdb882e890 | 90 e8 82 b8 fd 7f 00 00
RDX=0x0000003682bff2c0 points into unknown readable memory: 0x0000000000000000 | 00 00 00 00 00 00 00 00
RSP=0x0000003682bff2c0 points into unknown readable memory: 0x0000000000000000 | 00 00 00 00 00 00 00 00
RBP=0x000001effe5caee8 points into unknown readable memory: 0x0000739e6be901dc | dc 01 e9 6b 9e 73 00 00
RSI=0x000001effe5caec0 points into unknown readable memory: 0xdce0a078abe90623 | 23 06 e9 ab 78 a0 e0 dc
RDI=0x0000739e6be901dc is an unknown value
R8 =0x0000000000010002 is an unknown value
R9 =0x0000739e6be901dc is an unknown value
R10=0x0000000000008000 is an unknown value
R11=0x0000003682bff250 points into unknown readable memory: 0x000001effe5caec0 | c0 ae 5c fe ef 01 00 00
R12=0x00007ffdce0d4354 glass.dll
R13=0x0000000000000001 is an unknown value
R14=0x0000003682bff3b8 points into unknown readable memory: 0x0000003682bff3a0 | a0 f3 bf 82 36 00 00 00
R15=0x000001effe5caec0 points into unknown readable memory: 0xdce0a078abe90623 | 23 06 e9 ab 78 a0 e0 dc


Registers:
RAX=0x0000000000000000, RBX=0x000001effcfd7d48, RCX=0x000001effcfc2ae0, RDX=0x0000003682bff2c0
RSP=0x0000003682bff2c0, RBP=0x000001effe5caee8, RSI=0x000001effe5caec0, RDI=0x0000739e6be901dc
R8 =0x0000000000010002, R9 =0x0000739e6be901dc, R10=0x0000000000008000, R11=0x0000003682bff250
R12=0x00007ffdce0d4354, R13=0x0000000000000001, R14=0x0000003682bff3b8, R15=0x000001effe5caec0
RIP=0x00007ffdce0d6a87, EFLAGS=0x0000000000010206

Top of Stack: (sp=0x0000003682bff2c0)
0x0000003682bff2c0:   0000000000000000 000001effe5caec0
0x0000003682bff2d0:   0000000000000001 00007ffdce0d4354
0x0000003682bff2e0:   000001effe5caec8 00007ffded6d42d6
0x0000003682bff2f0:   0000739e6be901dc 000001ef00000000
0x0000003682bff300:   000001effe5caee8 000001effe5caec0
0x0000003682bff310:   fffffffffffffffe 0000000000000000
0x0000003682bff320:   0000000000000001 00007ffdce0b0000
0x0000003682bff330:   0000003682bff3a8 00007ffded6d41fb
0x0000003682bff340:   0000000000000000 0000003682bff3b8
0x0000003682bff350:   0000003682bff6e0 00007ffded7b0e40
0x0000003682bff360:   0000000000000001 00007ffded6d41b4
0x0000003682bff370:   0000000000000000 0000000000000001
0x0000003682bff380:   0000000000000001 0000003682bff3a8
0x0000003682bff390:   0000000000000001 00007ffdce0d41e1
0x0000003682bff3a0:   00007ffdce0ea138 0000000000000002
0x0000003682bff3b0:   0000000000000002 0000003682bff3a0 

Instructions: (pc=0x00007ffdce0d6a87)
0x00007ffdce0d6987:   8b 4d 58 e8 01 cf ff ff 48 8b 4d 60 e8 f8 ce ff
0x00007ffdce0d6997:   ff 48 8b 95 80 00 00 00 48 8b 8d 18 01 00 00 e8
0x00007ffdce0d69a7:   c6 c3 ff ff 33 d2 33 c9 e8 3c e1 ff ff 90 48 89
0x00007ffdce0d69b7:   54 24 10 55 48 83 ec 20 48 8b ea 48 b8 00 00 00
0x00007ffdce0d69c7:   00 00 00 00 00 48 83 c4 20 5d c3 cc 40 55 48 8b
0x00007ffdce0d69d7:   ea 48 8b 01 33 c9 81 38 05 00 00 c0 0f 94 c1 8b
0x00007ffdce0d69e7:   c1 5d c3 cc 40 55 48 83 ec 20 48 8b ea 8a 4d 40
0x00007ffdce0d69f7:   48 83 c4 20 5d e9 f7 d2 ff ff cc 40 55 48 83 ec
0x00007ffdce0d6a07:   20 48 8b ea 8a 4d 20 e8 e5 d2 ff ff 90 48 83 c4
0x00007ffdce0d6a17:   20 5d c3 cc 40 55 48 83 ec 20 48 8b ea 48 83 c4
0x00007ffdce0d6a27:   20 5d e9 46 d1 ff ff cc 40 55 48 83 ec 30 48 8b
0x00007ffdce0d6a37:   ea 48 8b 01 8b 10 48 89 4c 24 28 89 54 24 20 4c
0x00007ffdce0d6a47:   8d 0d e7 d5 ff ff 4c 8b 45 70 8b 55 68 48 8b 4d
0x00007ffdce0d6a57:   60 e8 87 d0 ff ff 90 48 83 c4 30 5d c3 cc cc cc
0x00007ffdce0d6a67:   cc cc cc cc cc cc cc cc cc 40 53 48 83 ec 20 48
0x00007ffdce0d6a77:   8b 1d b3 30 01 00 48 85 db 74 16 e8 09 8b ff ff
0x00007ffdce0d6a87:   4c 8b 00 48 8b d3 48 8b c8 41 ff 90 b0 00 00 00
0x00007ffdce0d6a97:   90 48 83 c4 20 5b c3 cc cc 40 53 48 83 ec 20 48
0x00007ffdce0d6aa7:   8b 1d 2b 32 01 00 48 85 db 74 57 b8 ff ff ff ff
0x00007ffdce0d6ab7:   f0 0f c1 43 10 83 f8 01 75 3d 48 85 db 74 38 48
0x00007ffdce0d6ac7:   8b 0b 48 85 c9 74 0d ff 15 d4 07 00 00 48 c7 03
0x00007ffdce0d6ad7:   00 00 00 00 48 8b 4b 08 48 85 c9 74 0d e8 a7 cd
0x00007ffdce0d6ae7:   ff ff 48 c7 43 08 00 00 00 00 ba 18 00 00 00 48
0x00007ffdce0d6af7:   8b cb e8 92 cd ff ff 48 c7 05 cf 31 01 00 00 00
0x00007ffdce0d6b07:   00 00 48 83 c4 20 5b c3 cc 40 53 48 83 ec 20 48
0x00007ffdce0d6b17:   8b 1d 9b 31 01 00 48 85 db 74 57 b8 ff ff ff ff
0x00007ffdce0d6b27:   f0 0f c1 43 10 83 f8 01 75 3d 48 85 db 74 38 48
0x00007ffdce0d6b37:   8b 0b 48 85 c9 74 0d ff 15 64 07 00 00 48 c7 03
0x00007ffdce0d6b47:   00 00 00 00 48 8b 4b 08 48 85 c9 74 0d e8 37 cd
0x00007ffdce0d6b57:   ff ff 48 c7 43 08 00 00 00 00 ba 18 00 00 00 48
0x00007ffdce0d6b67:   8b cb e8 22 cd ff ff 48 c7 05 3f 31 01 00 00 00
0x00007ffdce0d6b77:   00 00 48 83 c4 20 5b c3 cc 40 53 48 83 ec 20 48 


Stack slot to memory mapping:
stack at sp + 0 slots: 0x0 is NULL
stack at sp + 1 slots: 0x000001effe5caec0 points into unknown readable memory: 0xdce0a078abe90623 | 23 06 e9 ab 78 a0 e0 dc
stack at sp + 2 slots: 0x0000000000000001 is an unknown value
stack at sp + 3 slots: 0x00007ffdce0d4354 glass.dll
stack at sp + 4 slots: 0x000001effe5caec8 points into unknown readable memory: 0x0000739e6be901dc | dc 01 e9 6b 9e 73 00 00
stack at sp + 5 slots: 0x00007ffded6d42d6 ucrtbase.dll
stack at sp + 6 slots: 0x0000739e6be901dc is an unknown value
stack at sp + 7 slots: 0x000001ef00000000 is an unknown value

VM_Operation (0x00000036844fee50): Exit, mode: safepoint, requested by thread 0x000001effe6dc860


---------------  P R O C E S S  ---------------

Threads class SMR info:
_java_thread_list=0x000001ef95fc7130, length=20, elements={
0x000001efee87e830, 0x000001effcfc9ec0, 0x000001effcfcac40, 0x000001effcfdc820,
0x000001effcfdd0e0, 0x000001effcfdd9a0, 0x000001effcfde590, 0x000001effcfef480,
0x000001effcfefd80, 0x000001effcfb0110, 0x000001effdd77a20, 0x000001effe1c7260,
0x000001effe559690, 0x000001effe5b8740, 0x000001effe5b9830, 0x000001effe6d9840,
0x000001effe6da1e0, 0x000001effe6db520, 0x000001effe6da6b0, 0x000001effe6dc860
}

Java Threads: ( => current thread )
  0x000001efee87e830 JavaThread "main" [_thread_blocked, id=9436, stack(0x0000003682500000,0x0000003682600000)]
  0x000001effcfc9ec0 JavaThread "Reference Handler" daemon [_thread_blocked, id=6876, stack(0x0000003682c00000,0x0000003682d00000)]
  0x000001effcfcac40 JavaThread "Finalizer" daemon [_thread_blocked, id=1040, stack(0x0000003682d00000,0x0000003682e00000)]
  0x000001effcfdc820 JavaThread "Attach Listener" daemon [_thread_blocked, id=6740, stack(0x0000003682f00000,0x0000003683000000)]
  0x000001effcfdd0e0 JavaThread "Service Thread" daemon [_thread_blocked, id=3268, stack(0x0000003683000000,0x0000003683100000)]
  0x000001effcfdd9a0 JavaThread "Monitor Deflation Thread" daemon [_thread_blocked, id=4636, stack(0x0000003683100000,0x0000003683200000)]
  0x000001effcfde590 JavaThread "C2 CompilerThread0" daemon [_thread_blocked, id=2244, stack(0x0000003683200000,0x0000003683300000)]
  0x000001effcfef480 JavaThread "C1 CompilerThread0" daemon [_thread_blocked, id=8608, stack(0x0000003683300000,0x0000003683400000)]
  0x000001effcfefd80 JavaThread "Sweeper thread" daemon [_thread_blocked, id=8816, stack(0x0000003683400000,0x0000003683500000)]
  0x000001effcfb0110 JavaThread "Common-Cleaner" daemon [_thread_blocked, id=6664, stack(0x0000003683500000,0x0000003683600000)]
  0x000001effdd77a20 JavaThread "Monitor Ctrl-Break" daemon [_thread_in_native, id=6900, stack(0x0000003683700000,0x0000003683800000)]
  0x000001effe1c7260 JavaThread "Notification Thread" daemon [_thread_blocked, id=6488, stack(0x0000003683800000,0x0000003683900000)]
  0x000001effe559690 JavaThread "QuantumRenderer-0" daemon [_thread_blocked, id=792, stack(0x0000003683a00000,0x0000003683b00000)]
  0x000001effe5b8740 JavaThread "InvokeLaterDispatcher" daemon [_thread_blocked, id=10208, stack(0x0000003683e00000,0x0000003683f00000)]
  0x000001effe5b9830 JavaThread "JavaFX Application Thread" [_thread_in_native, id=7508, stack(0x0000003683f00000,0x0000003684000000)]
  0x000001effe6d9840 JavaThread "Thread-1" daemon [_thread_in_native, id=9252, stack(0x0000003684200000,0x0000003684300000)]
  0x000001effe6da1e0 JavaThread "JavaFX-Launcher" [_thread_blocked, id=5348, stack(0x0000003684300000,0x0000003684400000)]
  0x000001effe6db520 JavaThread "Prism Font Disposer" daemon [_thread_blocked, id=6252, stack(0x0000003684800000,0x0000003684900000)]
  0x000001effe6da6b0 JavaThread "Cleaner-0" daemon [_thread_blocked, id=8624, stack(0x0000003684900000,0x0000003684a00000)]
  0x000001effe6dc860 JavaThread "SIGINT handler" daemon [_thread_blocked, id=9608, stack(0x0000003684400000,0x0000003684500000)]

Other Threads:
=>0x000001effcfc2ae0 VMThread "VM Thread" [stack: 0x0000003682b00000,0x0000003682c00000] [id=5196]
  0x000001efee8bb2b0 GCTaskThread "GC Thread#0" [stack: 0x0000003682600000,0x0000003682700000] [id=4720]
  0x000001effe5ad7c0 GCTaskThread "GC Thread#1" [stack: 0x0000003683b00000,0x0000003683c00000] [id=1604]
  0x000001effe5ada70 GCTaskThread "GC Thread#2" [stack: 0x0000003683c00000,0x0000003683d00000] [id=9680]
  0x000001effe5cf320 GCTaskThread "GC Thread#3" [stack: 0x0000003683d00000,0x0000003683e00000] [id=8012]
  0x000001efee8ccce0 ConcurrentGCThread "G1 Main Marker" terminated
  0x000001efee8cdda0 ConcurrentGCThread "G1 Conc#0" [stack: 0x0000003682800000,0x0000003682900000] [id=9920]
  0x000001efee94b0b0 ConcurrentGCThread "G1 Refine#0" terminated
  0x000001efee94b9e0 ConcurrentGCThread "G1 Service" terminated

Threads with active compile tasks:

VM state: at safepoint (shutting down)

VM Mutex/Monitor currently owned by a thread:  ([mutex/lock_event])
[0x000001efee878b70] Threads_lock - owner thread: 0x000001effcfc2ae0
[0x000001efee879350] Heap_lock - owner thread: 0x000001effe6dc860

Heap address: 0x0000000082c00000, size: 2004 MB, Compressed Oops mode: 32-bit

CDS archive(s) mapped at: [0x0000000800000000-0x0000000800bc0000-0x0000000800bc0000), size 12320768, SharedBaseAddress: 0x0000000800000000, ArchiveRelocationMode: 0.
Compressed class space mapped at: 0x0000000800c00000-0x0000000840c00000, reserved size: 1073741824
Narrow klass base: 0x0000000800000000, Narrow klass shift: 0, Narrow klass range: 0x100000000

GC Precious Log:
 CPUs: 4 total, 4 available
 Memory: 8009M
 Large Page Support: Disabled
 NUMA Support: Disabled
 Compressed Oops: Enabled (32-bit)
 Heap Region Size: 1M
 Heap Min Capacity: 8M
 Heap Initial Capacity: 126M
 Heap Max Capacity: 2004M
 Pre-touch: Disabled
 Parallel Workers: 4
 Concurrent Workers: 1
 Concurrent Refinement Workers: 4
 Periodic GC: Disabled

Heap:
 garbage-first heap   total 129024K, used 48939K [0x0000000082c00000, 0x0000000100000000)
  region size 1024K, 45 young (46080K), 3 survivors (3072K)
 Metaspace       used 17659K, committed 17856K, reserved 1064960K
  class space    used 2595K, committed 2688K, reserved 1048576K

Heap Regions: E=young(eden), S=young(survivor), O=old, HS=humongous(starts), HC=humongous(continues), CS=collection set, F=free, OA=open archive, CA=closed archive, TAMS=top-at-mark-start (previous, next)
|   0|0x0000000082c00000, 0x0000000082d00000, 0x0000000082d00000|100%| O|  |TAMS 0x0000000082c00000, 0x0000000082c00000| Untracked 
|   1|0x0000000082d00000, 0x0000000082dcac00, 0x0000000082e00000| 79%| O|  |TAMS 0x0000000082d00000, 0x0000000082d00000| Untracked 
|   2|0x0000000082e00000, 0x0000000082f00000, 0x0000000082f00000|100%|HS|  |TAMS 0x0000000082e00000, 0x0000000082e00000| Complete 
|   3|0x0000000082f00000, 0x0000000083000000, 0x0000000083000000|100%|HC|  |TAMS 0x0000000082f00000, 0x0000000082f00000| Complete 
|   4|0x0000000083000000, 0x0000000083000000, 0x0000000083100000|  0%| F|  |TAMS 0x0000000083000000, 0x0000000083000000| Untracked 
|   5|0x0000000083100000, 0x0000000083100000, 0x0000000083200000|  0%| F|  |TAMS 0x0000000083100000, 0x0000000083100000| Untracked 
|   6|0x0000000083200000, 0x0000000083200000, 0x0000000083300000|  0%| F|  |TAMS 0x0000000083200000, 0x0000000083200000| Untracked 
|   7|0x0000000083300000, 0x0000000083300000, 0x0000000083400000|  0%| F|  |TAMS 0x0000000083300000, 0x0000000083300000| Untracked 
|   8|0x0000000083400000, 0x0000000083400000, 0x0000000083500000|  0%| F|  |TAMS 0x0000000083400000, 0x0000000083400000| Untracked 
|   9|0x0000000083500000, 0x0000000083500000, 0x0000000083600000|  0%| F|  |TAMS 0x0000000083500000, 0x0000000083500000| Untracked 
|  10|0x0000000083600000, 0x0000000083600000, 0x0000000083700000|  0%| F|  |TAMS 0x0000000083600000, 0x0000000083600000| Untracked 
|  11|0x0000000083700000, 0x0000000083700000, 0x0000000083800000|  0%| F|  |TAMS 0x0000000083700000, 0x0000000083700000| Untracked 
|  12|0x0000000083800000, 0x0000000083800000, 0x0000000083900000|  0%| F|  |TAMS 0x0000000083800000, 0x0000000083800000| Untracked 
|  13|0x0000000083900000, 0x0000000083900000, 0x0000000083a00000|  0%| F|  |TAMS 0x0000000083900000, 0x0000000083900000| Untracked 
|  14|0x0000000083a00000, 0x0000000083a00000, 0x0000000083b00000|  0%| F|  |TAMS 0x0000000083a00000, 0x0000000083a00000| Untracked 
|  15|0x0000000083b00000, 0x0000000083b00000, 0x0000000083c00000|  0%| F|  |TAMS 0x0000000083b00000, 0x0000000083b00000| Untracked 
|  16|0x0000000083c00000, 0x0000000083c00000, 0x0000000083d00000|  0%| F|  |TAMS 0x0000000083c00000, 0x0000000083c00000| Untracked 
|  17|0x0000000083d00000, 0x0000000083d00000, 0x0000000083e00000|  0%| F|  |TAMS 0x0000000083d00000, 0x0000000083d00000| Untracked 
|  18|0x0000000083e00000, 0x0000000083e00000, 0x0000000083f00000|  0%| F|  |TAMS 0x0000000083e00000, 0x0000000083e00000| Untracked 
|  19|0x0000000083f00000, 0x0000000083f00000, 0x0000000084000000|  0%| F|  |TAMS 0x0000000083f00000, 0x0000000083f00000| Untracked 
|  20|0x0000000084000000, 0x0000000084000000, 0x0000000084100000|  0%| F|  |TAMS 0x0000000084000000, 0x0000000084000000| Untracked 
|  21|0x0000000084100000, 0x0000000084100000, 0x0000000084200000|  0%| F|  |TAMS 0x0000000084100000, 0x0000000084100000| Untracked 
|  22|0x0000000084200000, 0x0000000084200000, 0x0000000084300000|  0%| F|  |TAMS 0x0000000084200000, 0x0000000084200000| Untracked 
|  23|0x0000000084300000, 0x0000000084300000, 0x0000000084400000|  0%| F|  |TAMS 0x0000000084300000, 0x0000000084300000| Untracked 
|  24|0x0000000084400000, 0x0000000084400000, 0x0000000084500000|  0%| F|  |TAMS 0x0000000084400000, 0x0000000084400000| Untracked 
|  25|0x0000000084500000, 0x0000000084500000, 0x0000000084600000|  0%| F|  |TAMS 0x0000000084500000, 0x0000000084500000| Untracked 
|  26|0x0000000084600000, 0x0000000084600000, 0x0000000084700000|  0%| F|  |TAMS 0x0000000084600000, 0x0000000084600000| Untracked 
|  27|0x0000000084700000, 0x0000000084700000, 0x0000000084800000|  0%| F|  |TAMS 0x0000000084700000, 0x0000000084700000| Untracked 
|  28|0x0000000084800000, 0x0000000084800000, 0x0000000084900000|  0%| F|  |TAMS 0x0000000084800000, 0x0000000084800000| Untracked 
|  29|0x0000000084900000, 0x0000000084900000, 0x0000000084a00000|  0%| F|  |TAMS 0x0000000084900000, 0x0000000084900000| Untracked 
|  30|0x0000000084a00000, 0x0000000084a00000, 0x0000000084b00000|  0%| F|  |TAMS 0x0000000084a00000, 0x0000000084a00000| Untracked 
|  31|0x0000000084b00000, 0x0000000084b00000, 0x0000000084c00000|  0%| F|  |TAMS 0x0000000084b00000, 0x0000000084b00000| Untracked 
|  32|0x0000000084c00000, 0x0000000084c00000, 0x0000000084d00000|  0%| F|  |TAMS 0x0000000084c00000, 0x0000000084c00000| Untracked 
|  33|0x0000000084d00000, 0x0000000084d00000, 0x0000000084e00000|  0%| F|  |TAMS 0x0000000084d00000, 0x0000000084d00000| Untracked 
|  34|0x0000000084e00000, 0x0000000084e00000, 0x0000000084f00000|  0%| F|  |TAMS 0x0000000084e00000, 0x0000000084e00000| Untracked 
|  35|0x0000000084f00000, 0x0000000084f00000, 0x0000000085000000|  0%| F|  |TAMS 0x0000000084f00000, 0x0000000084f00000| Untracked 
|  36|0x0000000085000000, 0x0000000085000000, 0x0000000085100000|  0%| F|  |TAMS 0x0000000085000000, 0x0000000085000000| Untracked 
|  37|0x0000000085100000, 0x0000000085100000, 0x0000000085200000|  0%| F|  |TAMS 0x0000000085100000, 0x0000000085100000| Untracked 
|  38|0x0000000085200000, 0x0000000085200000, 0x0000000085300000|  0%| F|  |TAMS 0x0000000085200000, 0x0000000085200000| Untracked 
|  39|0x0000000085300000, 0x0000000085300000, 0x0000000085400000|  0%| F|  |TAMS 0x0000000085300000, 0x0000000085300000| Untracked 
|  40|0x0000000085400000, 0x0000000085400000, 0x0000000085500000|  0%| F|  |TAMS 0x0000000085400000, 0x0000000085400000| Untracked 
|  41|0x0000000085500000, 0x0000000085500000, 0x0000000085600000|  0%| F|  |TAMS 0x0000000085500000, 0x0000000085500000| Untracked 
|  42|0x0000000085600000, 0x0000000085600000, 0x0000000085700000|  0%| F|  |TAMS 0x0000000085600000, 0x0000000085600000| Untracked 
|  43|0x0000000085700000, 0x0000000085700000, 0x0000000085800000|  0%| F|  |TAMS 0x0000000085700000, 0x0000000085700000| Untracked 
|  44|0x0000000085800000, 0x0000000085800000, 0x0000000085900000|  0%| F|  |TAMS 0x0000000085800000, 0x0000000085800000| Untracked 
|  45|0x0000000085900000, 0x0000000085900000, 0x0000000085a00000|  0%| F|  |TAMS 0x0000000085900000, 0x0000000085900000| Untracked 
|  46|0x0000000085a00000, 0x0000000085a00000, 0x0000000085b00000|  0%| F|  |TAMS 0x0000000085a00000, 0x0000000085a00000| Untracked 
|  47|0x0000000085b00000, 0x0000000085b00000, 0x0000000085c00000|  0%| F|  |TAMS 0x0000000085b00000, 0x0000000085b00000| Untracked 
|  48|0x0000000085c00000, 0x0000000085c00000, 0x0000000085d00000|  0%| F|  |TAMS 0x0000000085c00000, 0x0000000085c00000| Untracked 
|  49|0x0000000085d00000, 0x0000000085d00000, 0x0000000085e00000|  0%| F|  |TAMS 0x0000000085d00000, 0x0000000085d00000| Untracked 
|  50|0x0000000085e00000, 0x0000000085e00000, 0x0000000085f00000|  0%| F|  |TAMS 0x0000000085e00000, 0x0000000085e00000| Untracked 
|  51|0x0000000085f00000, 0x0000000085f00000, 0x0000000086000000|  0%| F|  |TAMS 0x0000000085f00000, 0x0000000085f00000| Untracked 
|  52|0x0000000086000000, 0x0000000086000000, 0x0000000086100000|  0%| F|  |TAMS 0x0000000086000000, 0x0000000086000000| Untracked 
|  53|0x0000000086100000, 0x0000000086100000, 0x0000000086200000|  0%| F|  |TAMS 0x0000000086100000, 0x0000000086100000| Untracked 
|  54|0x0000000086200000, 0x0000000086200000, 0x0000000086300000|  0%| F|  |TAMS 0x0000000086200000, 0x0000000086200000| Untracked 
|  55|0x0000000086300000, 0x0000000086300000, 0x0000000086400000|  0%| F|  |TAMS 0x0000000086300000, 0x0000000086300000| Untracked 
|  56|0x0000000086400000, 0x0000000086400000, 0x0000000086500000|  0%| F|  |TAMS 0x0000000086400000, 0x0000000086400000| Untracked 
|  57|0x0000000086500000, 0x0000000086500000, 0x0000000086600000|  0%| F|  |TAMS 0x0000000086500000, 0x0000000086500000| Untracked 
|  58|0x0000000086600000, 0x0000000086600000, 0x0000000086700000|  0%| F|  |TAMS 0x0000000086600000, 0x0000000086600000| Untracked 
|  59|0x0000000086700000, 0x0000000086700000, 0x0000000086800000|  0%| F|  |TAMS 0x0000000086700000, 0x0000000086700000| Untracked 
|  60|0x0000000086800000, 0x0000000086800000, 0x0000000086900000|  0%| F|  |TAMS 0x0000000086800000, 0x0000000086800000| Untracked 
|  61|0x0000000086900000, 0x0000000086900000, 0x0000000086a00000|  0%| F|  |TAMS 0x0000000086900000, 0x0000000086900000| Untracked 
|  62|0x0000000086a00000, 0x0000000086a00000, 0x0000000086b00000|  0%| F|  |TAMS 0x0000000086a00000, 0x0000000086a00000| Untracked 
|  63|0x0000000086b00000, 0x0000000086b00000, 0x0000000086c00000|  0%| F|  |TAMS 0x0000000086b00000, 0x0000000086b00000| Untracked 
|  64|0x0000000086c00000, 0x0000000086c00000, 0x0000000086d00000|  0%| F|  |TAMS 0x0000000086c00000, 0x0000000086c00000| Untracked 
|  65|0x0000000086d00000, 0x0000000086d00000, 0x0000000086e00000|  0%| F|  |TAMS 0x0000000086d00000, 0x0000000086d00000| Untracked 
|  66|0x0000000086e00000, 0x0000000086e00000, 0x0000000086f00000|  0%| F|  |TAMS 0x0000000086e00000, 0x0000000086e00000| Untracked 
|  67|0x0000000086f00000, 0x0000000086f00000, 0x0000000087000000|  0%| F|  |TAMS 0x0000000086f00000, 0x0000000086f00000| Untracked 
|  68|0x0000000087000000, 0x0000000087000000, 0x0000000087100000|  0%| F|  |TAMS 0x0000000087000000, 0x0000000087000000| Untracked 
|  69|0x0000000087100000, 0x0000000087100000, 0x0000000087200000|  0%| F|  |TAMS 0x0000000087100000, 0x0000000087100000| Untracked 
|  70|0x0000000087200000, 0x0000000087200000, 0x0000000087300000|  0%| F|  |TAMS 0x0000000087200000, 0x0000000087200000| Untracked 
|  71|0x0000000087300000, 0x0000000087300000, 0x0000000087400000|  0%| F|  |TAMS 0x0000000087300000, 0x0000000087300000| Untracked 
|  72|0x0000000087400000, 0x0000000087400000, 0x0000000087500000|  0%| F|  |TAMS 0x0000000087400000, 0x0000000087400000| Untracked 
|  73|0x0000000087500000, 0x0000000087500000, 0x0000000087600000|  0%| F|  |TAMS 0x0000000087500000, 0x0000000087500000| Untracked 
|  74|0x0000000087600000, 0x0000000087600000, 0x0000000087700000|  0%| F|  |TAMS 0x0000000087600000, 0x0000000087600000| Untracked 
|  75|0x0000000087700000, 0x0000000087700000, 0x0000000087800000|  0%| F|  |TAMS 0x0000000087700000, 0x0000000087700000| Untracked 
|  76|0x0000000087800000, 0x0000000087800000, 0x0000000087900000|  0%| F|  |TAMS 0x0000000087800000, 0x0000000087800000| Untracked 
|  77|0x0000000087900000, 0x0000000087900000, 0x0000000087a00000|  0%| F|  |TAMS 0x0000000087900000, 0x0000000087900000| Untracked 
|  78|0x0000000087a00000, 0x0000000087a00000, 0x0000000087b00000|  0%| F|  |TAMS 0x0000000087a00000, 0x0000000087a00000| Untracked 
|  79|0x0000000087b00000, 0x0000000087b00000, 0x0000000087c00000|  0%| F|  |TAMS 0x0000000087b00000, 0x0000000087b00000| Untracked 
|  80|0x0000000087c00000, 0x0000000087c00000, 0x0000000087d00000|  0%| F|  |TAMS 0x0000000087c00000, 0x0000000087c00000| Untracked 
|  81|0x0000000087d00000, 0x0000000087dddb40, 0x0000000087e00000| 86%| E|  |TAMS 0x0000000087d00000, 0x0000000087d00000| Complete 
|  82|0x0000000087e00000, 0x0000000087f00000, 0x0000000087f00000|100%| E|CS|TAMS 0x0000000087e00000, 0x0000000087e00000| Complete 
|  83|0x0000000087f00000, 0x0000000088000000, 0x0000000088000000|100%| E|CS|TAMS 0x0000000087f00000, 0x0000000087f00000| Complete 
|  84|0x0000000088000000, 0x0000000088100000, 0x0000000088100000|100%| E|CS|TAMS 0x0000000088000000, 0x0000000088000000| Complete 
|  85|0x0000000088100000, 0x0000000088200000, 0x0000000088200000|100%| E|CS|TAMS 0x0000000088100000, 0x0000000088100000| Complete 
|  86|0x0000000088200000, 0x0000000088300000, 0x0000000088300000|100%| E|CS|TAMS 0x0000000088200000, 0x0000000088200000| Complete 
|  87|0x0000000088300000, 0x0000000088400000, 0x0000000088400000|100%| E|CS|TAMS 0x0000000088300000, 0x0000000088300000| Complete 
|  88|0x0000000088400000, 0x0000000088500000, 0x0000000088500000|100%| E|CS|TAMS 0x0000000088400000, 0x0000000088400000| Complete 
|  89|0x0000000088500000, 0x0000000088600000, 0x0000000088600000|100%| E|CS|TAMS 0x0000000088500000, 0x0000000088500000| Complete 
|  90|0x0000000088600000, 0x0000000088700000, 0x0000000088700000|100%| E|CS|TAMS 0x0000000088600000, 0x0000000088600000| Complete 
|  91|0x0000000088700000, 0x0000000088800000, 0x0000000088800000|100%| E|CS|TAMS 0x0000000088700000, 0x0000000088700000| Complete 
|  92|0x0000000088800000, 0x0000000088900000, 0x0000000088900000|100%| E|CS|TAMS 0x0000000088800000, 0x0000000088800000| Complete 
|  93|0x0000000088900000, 0x0000000088a00000, 0x0000000088a00000|100%| E|CS|TAMS 0x0000000088900000, 0x0000000088900000| Complete 
|  94|0x0000000088a00000, 0x0000000088b00000, 0x0000000088b00000|100%| E|CS|TAMS 0x0000000088a00000, 0x0000000088a00000| Complete 
|  95|0x0000000088b00000, 0x0000000088c00000, 0x0000000088c00000|100%| E|CS|TAMS 0x0000000088b00000, 0x0000000088b00000| Complete 
|  96|0x0000000088c00000, 0x0000000088d00000, 0x0000000088d00000|100%| E|CS|TAMS 0x0000000088c00000, 0x0000000088c00000| Complete 
|  97|0x0000000088d00000, 0x0000000088e00000, 0x0000000088e00000|100%| E|CS|TAMS 0x0000000088d00000, 0x0000000088d00000| Complete 
|  98|0x0000000088e00000, 0x0000000088f00000, 0x0000000088f00000|100%| E|CS|TAMS 0x0000000088e00000, 0x0000000088e00000| Complete 
|  99|0x0000000088f00000, 0x0000000089000000, 0x0000000089000000|100%| E|CS|TAMS 0x0000000088f00000, 0x0000000088f00000| Complete 
| 100|0x0000000089000000, 0x0000000089100000, 0x0000000089100000|100%| E|CS|TAMS 0x0000000089000000, 0x0000000089000000| Complete 
| 101|0x0000000089100000, 0x0000000089200000, 0x0000000089200000|100%| E|CS|TAMS 0x0000000089100000, 0x0000000089100000| Complete 
| 102|0x0000000089200000, 0x0000000089300000, 0x0000000089300000|100%| E|CS|TAMS 0x0000000089200000, 0x0000000089200000| Complete 
| 103|0x0000000089300000, 0x0000000089400000, 0x0000000089400000|100%| E|CS|TAMS 0x0000000089300000, 0x0000000089300000| Complete 
| 104|0x0000000089400000, 0x0000000089500000, 0x0000000089500000|100%| S|CS|TAMS 0x0000000089400000, 0x0000000089400000| Complete 
| 105|0x0000000089500000, 0x0000000089600000, 0x0000000089600000|100%| S|CS|TAMS 0x0000000089500000, 0x0000000089500000| Complete 
| 106|0x0000000089600000, 0x0000000089700000, 0x0000000089700000|100%| S|CS|TAMS 0x0000000089600000, 0x0000000089600000| Complete 
| 107|0x0000000089700000, 0x0000000089800000, 0x0000000089800000|100%| E|CS|TAMS 0x0000000089700000, 0x0000000089700000| Complete 
| 108|0x0000000089800000, 0x0000000089900000, 0x0000000089900000|100%| E|CS|TAMS 0x0000000089800000, 0x0000000089800000| Complete 
| 109|0x0000000089900000, 0x0000000089a00000, 0x0000000089a00000|100%| E|CS|TAMS 0x0000000089900000, 0x0000000089900000| Complete 
| 110|0x0000000089a00000, 0x0000000089b00000, 0x0000000089b00000|100%| E|CS|TAMS 0x0000000089a00000, 0x0000000089a00000| Complete 
| 111|0x0000000089b00000, 0x0000000089c00000, 0x0000000089c00000|100%| E|CS|TAMS 0x0000000089b00000, 0x0000000089b00000| Complete 
| 112|0x0000000089c00000, 0x0000000089d00000, 0x0000000089d00000|100%| E|CS|TAMS 0x0000000089c00000, 0x0000000089c00000| Complete 
| 113|0x0000000089d00000, 0x0000000089e00000, 0x0000000089e00000|100%| E|CS|TAMS 0x0000000089d00000, 0x0000000089d00000| Complete 
| 114|0x0000000089e00000, 0x0000000089f00000, 0x0000000089f00000|100%| E|CS|TAMS 0x0000000089e00000, 0x0000000089e00000| Complete 
| 115|0x0000000089f00000, 0x000000008a000000, 0x000000008a000000|100%| E|CS|TAMS 0x0000000089f00000, 0x0000000089f00000| Complete 
| 116|0x000000008a000000, 0x000000008a100000, 0x000000008a100000|100%| E|CS|TAMS 0x000000008a000000, 0x000000008a000000| Complete 
| 117|0x000000008a100000, 0x000000008a200000, 0x000000008a200000|100%| E|CS|TAMS 0x000000008a100000, 0x000000008a100000| Complete 
| 118|0x000000008a200000, 0x000000008a300000, 0x000000008a300000|100%| E|CS|TAMS 0x000000008a200000, 0x000000008a200000| Complete 
| 119|0x000000008a300000, 0x000000008a400000, 0x000000008a400000|100%| E|CS|TAMS 0x000000008a300000, 0x000000008a300000| Complete 
| 120|0x000000008a400000, 0x000000008a500000, 0x000000008a500000|100%| E|CS|TAMS 0x000000008a400000, 0x000000008a400000| Complete 
| 121|0x000000008a500000, 0x000000008a600000, 0x000000008a600000|100%| E|CS|TAMS 0x000000008a500000, 0x000000008a500000| Complete 
| 122|0x000000008a600000, 0x000000008a700000, 0x000000008a700000|100%| E|CS|TAMS 0x000000008a600000, 0x000000008a600000| Complete 
| 123|0x000000008a700000, 0x000000008a800000, 0x000000008a800000|100%| E|CS|TAMS 0x000000008a700000, 0x000000008a700000| Complete 
| 124|0x000000008a800000, 0x000000008a900000, 0x000000008a900000|100%| E|CS|TAMS 0x000000008a800000, 0x000000008a800000| Complete 
| 125|0x000000008a900000, 0x000000008aa00000, 0x000000008aa00000|100%| E|CS|TAMS 0x000000008a900000, 0x000000008a900000| Complete 

Card table byte_map: [0x000001eff64d0000,0x000001eff68c0000] _byte_map_base: 0x000001eff60ba000

Marking Bits (Prev, Next): (CMBitMap*) 0x000001efee8bc7e0, (CMBitMap*) 0x000001efee8bc820
 Prev Bits: [0x000001eff6cb0000, 0x000001eff8c00000)
 Next Bits: [0x000001eff8c00000, 0x000001effab50000)

Polling page: 0x000001efee060000

Metaspace:

Usage:
  Non-class:     14.71 MB used.
      Class:      2.54 MB used.
       Both:     17.25 MB used.

Virtual space:
  Non-class space:       16.00 MB reserved,      14.81 MB ( 93%) committed,  2 nodes.
      Class space:        1.00 GB reserved,       2.62 MB ( <1%) committed,  1 nodes.
             Both:        1.02 GB reserved,      17.44 MB (  2%) committed. 

Chunk freelists:
   Non-Class:  736.00 KB
       Class:  1.34 MB
        Both:  2.06 MB

MaxMetaspaceSize: unlimited
CompressedClassSpaceSize: 1.00 GB
Initial GC threshold: 21.00 MB
Current GC threshold: 21.00 MB
CDS: on
MetaspaceReclaimPolicy: balanced
 - commit_granule_bytes: 65536.
 - commit_granule_words: 8192.
 - virtual_space_node_default_size: 1048576.
 - enlarge_chunks_in_place: 1.
 - new_chunks_are_fully_committed: 0.
 - uncommit_free_chunks: 1.
 - use_allocation_guard: 0.
 - handle_deallocations: 1.


Internal statistics:

num_allocs_failed_limit: 0.
num_arena_births: 218.
num_arena_deaths: 0.
num_vsnodes_births: 3.
num_vsnodes_deaths: 0.
num_space_committed: 279.
num_space_uncommitted: 0.
num_chunks_returned_to_freelist: 0.
num_chunks_taken_from_freelist: 788.
num_chunk_merges: 0.
num_chunk_splits: 544.
num_chunks_enlarged: 427.
num_purges: 0.
num_inconsistent_stats: 0.

CodeHeap 'non-profiled nmethods': size=120000Kb used=1097Kb max_used=1097Kb free=118902Kb
 bounds [0x000001ef87ad0000, 0x000001ef87d40000, 0x000001ef8f000000]
CodeHeap 'profiled nmethods': size=120000Kb used=5590Kb max_used=5590Kb free=114409Kb
 bounds [0x000001ef805a0000, 0x000001ef80b20000, 0x000001ef87ad0000]
CodeHeap 'non-nmethods': size=5760Kb used=1436Kb max_used=1484Kb free=4323Kb
 bounds [0x000001ef80000000, 0x000001ef80270000, 0x000001ef805a0000]
 total_blobs=3749 nmethods=2947 adapters=713
 compilation: enabled
              stopped_count=0, restarted_count=0
 full_count=0

Compilation events (20 events):
Event: 6.879 Thread 0x000001effcfde590 2941       4       java.lang.StringBuilder::<init> (7 bytes)
Event: 6.880 Thread 0x000001effcfef480 2942       3       java.lang.StackTraceElement::<init> (10 bytes)
Event: 6.880 Thread 0x000001effcfef480 nmethod 2942 0x000001ef80b0cc90 code [0x000001ef80b0ce20, 0x000001ef80b0cf98]
Event: 6.880 Thread 0x000001effcfef480 2943       3       java.lang.ModuleLayer::boot (4 bytes)
Event: 6.880 Thread 0x000001effcfef480 nmethod 2943 0x000001ef80b0d090 code [0x000001ef80b0d220, 0x000001ef80b0d318]
Event: 6.880 Thread 0x000001effcfef480 2944  s!   3       java.lang.StackTraceElement::computeFormat (71 bytes)
Event: 6.881 Thread 0x000001effcfef480 nmethod 2944 0x000001ef80b0d390 code [0x000001ef80b0d5a0, 0x000001ef80b0de58]
Event: 6.881 Thread 0x000001effcfef480 2945       3       java.lang.StackTraceElement::isHashedInJavaBase (31 bytes)
Event: 6.881 Thread 0x000001effcfde590 nmethod 2941 0x000001ef87be2310 code [0x000001ef87be24a0, 0x000001ef87be2658]
Event: 6.881 Thread 0x000001effcfef480 nmethod 2945 0x000001ef80b0e110 code [0x000001ef80b0e300, 0x000001ef80b0e818]
Event: 6.881 Thread 0x000001effcfef480 2946       3       java.lang.Module::getLayer (43 bytes)
Event: 6.882 Thread 0x000001effcfef480 nmethod 2946 0x000001ef80b0e990 code [0x000001ef80b0eb60, 0x000001ef80b0ef28]
Event: 6.882 Thread 0x000001effcfef480 2948  s    3       java.io.BufferedOutputStream::flush (12 bytes)
Event: 6.882 Thread 0x000001effcfef480 nmethod 2948 0x000001ef80b0f010 code [0x000001ef80b0f1e0, 0x000001ef80b0f5f8]
Event: 6.882 Thread 0x000001effcfef480 2947       3       java.lang.StackTraceElement::equals (120 bytes)
Event: 6.883 Thread 0x000001effcfef480 nmethod 2947 0x000001ef80b0f710 code [0x000001ef80b0f980, 0x000001ef80b10678]
Event: 7.648 Thread 0x000001effcfef480 2949       3       javafx.scene.Scene$MouseHandler::process (793 bytes)
Event: 7.659 Thread 0x000001effcfef480 nmethod 2949 0x000001ef80b10910 code [0x000001ef80b10f00, 0x000001ef80b14698]
Event: 7.659 Thread 0x000001effcfef480 2950   !   3       javafx.scene.Node::sceneToLocal (13 bytes)
Event: 7.659 Thread 0x000001effcfef480 nmethod 2950 0x000001ef80b15590 code [0x000001ef80b15740, 0x000001ef80b158c8]

GC Heap History (4 events):
Event: 0.713 GC heap before
{Heap before GC invocations=0 (full 0):
 garbage-first heap   total 129024K, used 13312K [0x0000000082c00000, 0x0000000100000000)
  region size 1024K, 13 young (13312K), 0 survivors (0K)
 Metaspace       used 2893K, committed 3072K, reserved 1056768K
  class space    used 311K, committed 384K, reserved 1048576K
}
Event: 0.717 GC heap after
{Heap after GC invocations=1 (full 0):
 garbage-first heap   total 129024K, used 1957K [0x0000000082c00000, 0x0000000100000000)
  region size 1024K, 2 young (2048K), 2 survivors (2048K)
 Metaspace       used 2893K, committed 3072K, reserved 1056768K
  class space    used 311K, committed 384K, reserved 1048576K
}
Event: 1.106 GC heap before
{Heap before GC invocations=1 (full 0):
 garbage-first heap   total 129024K, used 18341K [0x0000000082c00000, 0x0000000100000000)
  region size 1024K, 19 young (19456K), 2 survivors (2048K)
 Metaspace       used 8564K, committed 8768K, reserved 1056768K
  class space    used 1078K, committed 1152K, reserved 1048576K
}
Event: 1.111 GC heap after
{Heap after GC invocations=2 (full 0):
 garbage-first heap   total 129024K, used 4907K [0x0000000082c00000, 0x0000000100000000)
  region size 1024K, 3 young (3072K), 3 survivors (3072K)
 Metaspace       used 8564K, committed 8768K, reserved 1056768K
  class space    used 1078K, committed 1152K, reserved 1048576K
}

Deoptimization events (20 events):
Event: 5.791 Thread 0x000001effe5b9830 Uncommon trap: trap_request=0xffffffd6 fr.pc=0x000001ef87bd5560 relative=0x0000000000000220
Event: 5.791 Thread 0x000001effe5b9830 Uncommon trap: reason=array_check action=maybe_recompile pc=0x000001ef87bd5560 method=javafx.css.SimpleSelector.applies(Ljavafx/css/Styleable;[Ljava/util/Set;I)Z @ 37 c2
Event: 5.791 Thread 0x000001effe5b9830 DEOPT PACKING pc=0x000001ef87bd5560 sp=0x0000003683ff7570
Event: 5.791 Thread 0x000001effe5b9830 DEOPT UNPACKING pc=0x000001ef800523a3 sp=0x0000003683ff7518 mode 2
Event: 5.791 Thread 0x000001effe5b9830 Uncommon trap: trap_request=0xffffffd6 fr.pc=0x000001ef87bd5560 relative=0x0000000000000220
Event: 5.791 Thread 0x000001effe5b9830 Uncommon trap: reason=array_check action=maybe_recompile pc=0x000001ef87bd5560 method=javafx.css.SimpleSelector.applies(Ljavafx/css/Styleable;[Ljava/util/Set;I)Z @ 37 c2
Event: 5.791 Thread 0x000001effe5b9830 DEOPT PACKING pc=0x000001ef87bd5560 sp=0x0000003683ff7470
Event: 5.791 Thread 0x000001effe5b9830 DEOPT UNPACKING pc=0x000001ef800523a3 sp=0x0000003683ff7418 mode 2
Event: 5.791 Thread 0x000001effe5b9830 Uncommon trap: trap_request=0xffffffd6 fr.pc=0x000001ef87bd5560 relative=0x0000000000000220
Event: 5.791 Thread 0x000001effe5b9830 Uncommon trap: reason=array_check action=maybe_recompile pc=0x000001ef87bd5560 method=javafx.css.SimpleSelector.applies(Ljavafx/css/Styleable;[Ljava/util/Set;I)Z @ 37 c2
Event: 5.791 Thread 0x000001effe5b9830 DEOPT PACKING pc=0x000001ef87bd5560 sp=0x0000003683ff7910
Event: 5.791 Thread 0x000001effe5b9830 DEOPT UNPACKING pc=0x000001ef800523a3 sp=0x0000003683ff78b8 mode 2
Event: 5.791 Thread 0x000001effe5b9830 Uncommon trap: trap_request=0xffffffd6 fr.pc=0x000001ef87bd5560 relative=0x0000000000000220
Event: 5.791 Thread 0x000001effe5b9830 Uncommon trap: reason=array_check action=maybe_recompile pc=0x000001ef87bd5560 method=javafx.css.SimpleSelector.applies(Ljavafx/css/Styleable;[Ljava/util/Set;I)Z @ 37 c2
Event: 5.791 Thread 0x000001effe5b9830 DEOPT PACKING pc=0x000001ef87bd5560 sp=0x0000003683ff7910
Event: 5.791 Thread 0x000001effe5b9830 DEOPT UNPACKING pc=0x000001ef800523a3 sp=0x0000003683ff78b8 mode 2
Event: 5.816 Thread 0x000001effe5b9830 Uncommon trap: trap_request=0xffffffd6 fr.pc=0x000001ef87bd93fc relative=0x000000000000107c
Event: 5.816 Thread 0x000001effe5b9830 Uncommon trap: reason=array_check action=maybe_recompile pc=0x000001ef87bd93fc method=javafx.css.SimpleSelector.applies(Ljavafx/css/Styleable;[Ljava/util/Set;I)Z @ 37 c2
Event: 5.816 Thread 0x000001effe5b9830 DEOPT PACKING pc=0x000001ef87bd93fc sp=0x0000003683ff7500
Event: 5.816 Thread 0x000001effe5b9830 DEOPT UNPACKING pc=0x000001ef800523a3 sp=0x0000003683ff7460 mode 2

Classes unloaded (0 events):
No events

Classes redefined (0 events):
No events

Internal exceptions (20 events):
Event: 1.312 Thread 0x000001effe5b9830 Implicit null exception at 0x000001ef87b3434c to 0x000001ef87b34a20
Event: 1.315 Thread 0x000001effe5b9830 Implicit null exception at 0x000001ef87b32e33 to 0x000001ef87b334c4
Event: 1.458 Thread 0x000001effe5b9830 Exception <a 'java/lang/NoSuchMethodError'{0x0000000089b150e0}: 'java.lang.Object java.lang.invoke.DirectMethodHandle$Holder.invokeInterface(java.lang.Object, java.lang.Object, java.lang.Object)'> (0x0000000089b150e0) 
thrown [t:\workspace\open\src\hotspot\share\interpreter\linkResolver.cpp, line 766]
Event: 1.459 Thread 0x000001effe5b9830 Exception <a 'java/lang/IncompatibleClassChangeError'{0x0000000089b18a68}: Found class java.lang.Object, but interface was expected> (0x0000000089b18a68) 
thrown [t:\workspace\open\src\hotspot\share\interpreter\linkResolver.cpp, line 833]
Event: 1.525 Thread 0x000001effe5b9830 Exception <a 'java/lang/ClassNotFoundException'{0x0000000089937c88}: com/sun/javafx/scene/control/skin/resources/controls> (0x0000000089937c88) 
thrown [t:\workspace\open\src\hotspot\share\prims\jni.cpp, line 535]
Event: 1.526 Thread 0x000001effe5b9830 Exception <a 'java/lang/ClassNotFoundException'{0x0000000089945c28}: com/sun/javafx/scene/control/skin/resources/controls_es> (0x0000000089945c28) 
thrown [t:\workspace\open\src\hotspot\share\prims\jni.cpp, line 535]
Event: 1.528 Thread 0x000001effe5b9830 Exception <a 'java/lang/ClassNotFoundException'{0x0000000089953888}: com/sun/javafx/scene/control/skin/resources/controls_es_UY> (0x0000000089953888) 
thrown [t:\workspace\open\src\hotspot\share\prims\jni.cpp, line 535]
Event: 1.696 Thread 0x000001effe5b9830 Exception <a 'java/lang/NoSuchMethodError'{0x000000008907e030}: 'void java.lang.invoke.DirectMethodHandle$Holder.invokeSpecial(java.lang.Object, java.lang.Object, java.lang.Object, java.lang.Object, java.lang.Object, java.lang.Object)'> (0x000000008907e030) 
thrown [t:\workspace\open\src\hotspot\share\interpreter\linkResolver.cpp, line 766]
Event: 1.824 Thread 0x000001effe5b9830 Exception <a 'java/lang/NoSuchMethodError'{0x0000000088cdb3b0}: 'java.lang.Object java.lang.invoke.DirectMethodHandle$Holder.newInvokeSpecial(java.lang.Object, java.lang.Object, int)'> (0x0000000088cdb3b0) 
thrown [t:\workspace\open\src\hotspot\share\interpreter\linkResolver.cpp, line 766]
Event: 1.882 Thread 0x000001effe559690 Exception <a 'java/lang/NoSuchMethodError'{0x0000000088bd84e0}: 'int java.lang.invoke.DirectMethodHandle$Holder.invokeStaticInit(java.lang.Object, java.lang.Object)'> (0x0000000088bd84e0) 
thrown [t:\workspace\open\src\hotspot\share\interpreter\linkResolver.cpp, line 766]
Event: 3.036 Thread 0x000001effe5b9830 Exception <a 'java/lang/NoSuchMethodError'{0x000000008861a638}: 'long java.lang.invoke.DirectMethodHandle$Holder.invokeStatic(java.lang.Object, java.lang.Object, java.lang.Object)'> (0x000000008861a638) 
thrown [t:\workspace\open\src\hotspot\share\interpreter\linkResolver.cpp, line 766]
Event: 3.037 Thread 0x000001effe5b9830 Exception <a 'java/lang/NoSuchMethodError'{0x000000008861dde0}: 'long java.lang.invoke.DirectMethodHandle$Holder.invokeStaticInit(java.lang.Object, java.lang.Object, java.lang.Object)'> (0x000000008861dde0) 
thrown [t:\workspace\open\src\hotspot\share\interpreter\linkResolver.cpp, line 766]
Event: 3.043 Thread 0x000001effe5b9830 Exception <a 'java/lang/NoSuchMethodError'{0x00000000886359e8}: 'java.lang.Object java.lang.invoke.DirectMethodHandle$Holder.newInvokeSpecial(java.lang.Object, java.lang.Object, long)'> (0x00000000886359e8) 
thrown [t:\workspace\open\src\hotspot\share\interpreter\linkResolver.cpp, line 766]
Event: 3.044 Thread 0x000001effe5b9830 Exception <a 'java/lang/NoSuchMethodError'{0x0000000088639558}: 'java.lang.Object java.lang.invoke.Invokers$Holder.linkToTargetMethod(java.lang.Object, long, java.lang.Object)'> (0x0000000088639558) 
thrown [t:\workspace\open\src\hotspot\share\interpreter\linkResolver.cpp, line 766]
Event: 3.078 Thread 0x000001effe5b9830 Exception <a 'sun/nio/fs/WindowsException'{0x000000008865ec48}> (0x000000008865ec48) 
thrown [t:\workspace\open\src\hotspot\share\prims\jni.cpp, line 516]
Event: 4.061 Thread 0x000001effe5b9830 Exception <a 'java/lang/NoSuchMethodError'{0x0000000088312e58}: 'java.lang.Object java.lang.invoke.DirectMethodHandle$Holder.newInvokeSpecial(java.lang.Object, java.lang.Object, int, int, int, int, int, java.lang.Object)'> (0x0000000088312e58) 
thrown [t:\workspace\open\src\hotspot\share\interpreter\linkResolver.cpp, line 766]
Event: 4.067 Thread 0x000001effe5b9830 Exception <a 'java/lang/NoSuchMethodError'{0x0000000088326388}: 'java.lang.Object java.lang.invoke.DirectMethodHandle$Holder.newInvokeSpecial(java.lang.Object, java.lang.Object, java.lang.Object, int, int, int, int, int)'> (0x0000000088326388) 
thrown [t:\workspace\open\src\hotspot\share\interpreter\linkResolver.cpp, line 766]
Event: 4.068 Thread 0x000001effe5b9830 Exception <a 'java/lang/NoSuchMethodError'{0x000000008832e3e0}: 'java.lang.Object java.lang.invoke.Invokers$Holder.linkToTargetMethod(java.lang.Object, java.lang.Object, int, int, int, int, int, java.lang.Object)'> (0x000000008832e3e0) 
thrown [t:\workspace\open\src\hotspot\share\interpreter\linkResolver.cpp, line 766]
Event: 6.872 Thread 0x000001effe5b9830 Exception <a 'sun/nio/fs/WindowsException'{0x0000000087eb2600}> (0x0000000087eb2600) 
thrown [t:\workspace\open\src\hotspot\share\prims\jni.cpp, line 516]
Event: 6.873 Thread 0x000001effe5b9830 Exception <a 'java/lang/reflect/InvocationTargetException'{0x0000000087eb4a60}> (0x0000000087eb4a60) 
thrown [t:\workspace\open\src\hotspot\share\runtime\reflection.cpp, line 1121]

VM Operations (20 events):
Event: 0.735 Executing VM operation: HandshakeAllThreads done
Event: 1.065 Executing VM operation: HandshakeAllThreads
Event: 1.065 Executing VM operation: HandshakeAllThreads done
Event: 1.095 Executing VM operation: HandshakeAllThreads
Event: 1.095 Executing VM operation: HandshakeAllThreads done
Event: 1.106 Executing VM operation: G1CollectForAllocation
Event: 1.111 Executing VM operation: G1CollectForAllocation done
Event: 1.606 Executing VM operation: ICBufferFull
Event: 1.606 Executing VM operation: ICBufferFull done
Event: 1.932 Executing VM operation: ICBufferFull
Event: 1.933 Executing VM operation: ICBufferFull done
Event: 3.785 Executing VM operation: ICBufferFull
Event: 3.785 Executing VM operation: ICBufferFull done
Event: 4.666 Executing VM operation: HandshakeAllThreads
Event: 4.667 Executing VM operation: HandshakeAllThreads done
Event: 5.667 Executing VM operation: Cleanup
Event: 5.667 Executing VM operation: Cleanup done
Event: 7.667 Executing VM operation: Cleanup
Event: 7.667 Executing VM operation: Cleanup done
Event: 52.682 Executing VM operation: Exit

Events (20 events):
Event: 4.050 loading class java/text/BreakIterator$BreakIteratorCache
Event: 4.050 loading class java/text/BreakIterator$BreakIteratorCache done
Event: 4.668 loading class java/io/SequenceInputStream
Event: 4.668 loading class java/io/SequenceInputStream done
Event: 4.671 loading class java/util/Vector$1
Event: 4.671 loading class java/util/Vector$1 done
Event: 5.779 Thread 0x000001efff5dec70 Thread added: 0x000001efff5dec70
Event: 6.096 Thread 0x000001efff5dec70 Thread exited: 0x000001efff5dec70
Event: 6.873 loading class java/lang/Throwable$WrappedPrintStream
Event: 6.873 loading class java/lang/Throwable$PrintStreamOrWriter
Event: 6.873 loading class java/lang/Throwable$PrintStreamOrWriter done
Event: 6.873 loading class java/lang/Throwable$WrappedPrintStream done
Event: 52.678 loading class jdk/internal/misc/Signal$1
Event: 52.679 loading class jdk/internal/misc/Signal$1 done
Event: 52.679 Thread 0x000001effe6dc860 Thread added: 0x000001effe6dc860
Event: 52.679 Thread 0x000001effe6dab80 Thread added: 0x000001effe6dab80
Event: 52.679 Thread 0x000001effe6db050 Thread added: 0x000001effe6db050
Event: 52.680 Thread 0x000001effe6dab80 Thread exited: 0x000001effe6dab80
Event: 52.681 Thread 0x000001effe6db050 Thread exited: 0x000001effe6db050
Event: 52.682 Thread 0x000001effcfdbf60 Thread exited: 0x000001effcfdbf60


Dynamic libraries:
0x00007ff77a9f0000 - 0x00007ff77aa00000 	C:\Program Files\Java\jdk-17.0.2\bin\java.exe
0x00007ffdef9b0000 - 0x00007ffdefba8000 	C:\Windows\SYSTEM32\ntdll.dll
0x00007ffdeeb70000 - 0x00007ffdeec2d000 	C:\Windows\System32\KERNEL32.DLL
0x00007ffded300000 - 0x00007ffded5d3000 	C:\Windows\System32\KERNELBASE.dll
0x00007ffded6c0000 - 0x00007ffded7c0000 	C:\Windows\System32\ucrtbase.dll
0x00007ffde9be0000 - 0x00007ffde9bf8000 	C:\Program Files\Java\jdk-17.0.2\bin\jli.dll
0x00007ffdef690000 - 0x00007ffdef73e000 	C:\Windows\System32\ADVAPI32.dll
0x00007ffdef8d0000 - 0x00007ffdef96e000 	C:\Windows\System32\msvcrt.dll
0x00007ffdeda70000 - 0x00007ffdedb0c000 	C:\Windows\System32\sechost.dll
0x00007ffdef7a0000 - 0x00007ffdef8c5000 	C:\Windows\System32\RPCRT4.dll
0x00007ffdef300000 - 0x00007ffdef49e000 	C:\Windows\System32\USER32.dll
0x00007ffded2d0000 - 0x00007ffded2f2000 	C:\Windows\System32\win32u.dll
0x00007ffdef770000 - 0x00007ffdef79c000 	C:\Windows\System32\GDI32.dll
0x00007ffded860000 - 0x00007ffded974000 	C:\Windows\System32\gdi32full.dll
0x00007ffded7c0000 - 0x00007ffded85d000 	C:\Windows\System32\msvcp_win.dll
0x00007ffddb8d0000 - 0x00007ffddb8ea000 	C:\Program Files\Java\jdk-17.0.2\bin\VCRUNTIME140.dll
0x00007ffddbe80000 - 0x00007ffddc11a000 	C:\Windows\WinSxS\amd64_microsoft.windows.common-controls_6595b64144ccf1df_6.0.19041.1110_none_60b5254171f9507e\COMCTL32.dll
0x00007ffddc720000 - 0x00007ffddc72a000 	C:\Windows\SYSTEM32\VERSION.dll
0x00007ffdef740000 - 0x00007ffdef770000 	C:\Windows\System32\IMM32.DLL
0x00007ffde7b70000 - 0x00007ffde7b7c000 	C:\Program Files\Java\jdk-17.0.2\bin\vcruntime140_1.dll
0x00007ffdcddd0000 - 0x00007ffdcde5d000 	C:\Program Files\Java\jdk-17.0.2\bin\msvcp140.dll
0x00007ffdb7eb0000 - 0x00007ffdb8a71000 	C:\Program Files\Java\jdk-17.0.2\bin\server\jvm.dll
0x00007ffdee1d0000 - 0x00007ffdee1d8000 	C:\Windows\System32\PSAPI.DLL
0x00007ffdea7c0000 - 0x00007ffdea7c9000 	C:\Windows\SYSTEM32\WSOCK32.dll
0x00007ffdeecc0000 - 0x00007ffdeed2b000 	C:\Windows\System32\WS2_32.dll
0x00007ffdd9df0000 - 0x00007ffdd9e17000 	C:\Windows\SYSTEM32\WINMM.dll
0x00007ffdeaf90000 - 0x00007ffdeafa2000 	C:\Windows\SYSTEM32\kernel.appcore.dll
0x00007ffde7b10000 - 0x00007ffde7b1a000 	C:\Program Files\Java\jdk-17.0.2\bin\jimage.dll
0x00007ffdd3bf0000 - 0x00007ffdd3dd4000 	C:\Windows\SYSTEM32\DBGHELP.DLL
0x00007ffdd3aa0000 - 0x00007ffdd3acc000 	C:\Windows\SYSTEM32\dbgcore.DLL
0x00007ffded980000 - 0x00007ffdeda02000 	C:\Windows\System32\bcryptPrimitives.dll
0x00007ffde7fe0000 - 0x00007ffde7fee000 	C:\Program Files\Java\jdk-17.0.2\bin\instrument.dll
0x00007ffdd57c0000 - 0x00007ffdd57e5000 	C:\Program Files\Java\jdk-17.0.2\bin\java.dll
0x00007ffdcc350000 - 0x00007ffdcc426000 	C:\Program Files\Java\jdk-17.0.2\bin\jsvml.dll
0x00007ffdee420000 - 0x00007ffdeeb63000 	C:\Windows\System32\SHELL32.dll
0x00007ffdeb190000 - 0x00007ffdeb924000 	C:\Windows\SYSTEM32\windows.storage.dll
0x00007ffdedcc0000 - 0x00007ffdee014000 	C:\Windows\System32\combase.dll
0x00007ffdecaa0000 - 0x00007ffdecad0000 	C:\Windows\SYSTEM32\Wldp.dll
0x00007ffdef500000 - 0x00007ffdef5ad000 	C:\Windows\System32\SHCORE.dll
0x00007ffdef4a0000 - 0x00007ffdef4f5000 	C:\Windows\System32\shlwapi.dll
0x00007ffdecff0000 - 0x00007ffded00f000 	C:\Windows\SYSTEM32\profapi.dll
0x00007ffdd6130000 - 0x00007ffdd6149000 	C:\Program Files\Java\jdk-17.0.2\bin\net.dll
0x00007ffde0da0000 - 0x00007ffde0ead000 	C:\Windows\SYSTEM32\WINHTTP.dll
0x00007ffdec800000 - 0x00007ffdec86a000 	C:\Windows\system32\mswsock.dll
0x00007ffdd5750000 - 0x00007ffdd5766000 	C:\Program Files\Java\jdk-17.0.2\bin\nio.dll
0x00007ffdd3e30000 - 0x00007ffdd3e48000 	C:\Program Files\Java\jdk-17.0.2\bin\zip.dll
0x00007ffdd3e10000 - 0x00007ffdd3e2a000 	C:\Program Files\JetBrains\IntelliJ IDEA 2022.1.3\bin\breakgen64.dll
0x000001efee830000 - 0x000001efee833000 	C:\Users\Andres\.openjfx\cache\17.0.1\api-ms-win-core-console-l1-1-0.dll
0x000001efee840000 - 0x000001efee843000 	C:\Users\Andres\.openjfx\cache\17.0.1\api-ms-win-core-console-l1-2-0.dll
0x000001efee850000 - 0x000001efee853000 	C:\Users\Andres\.openjfx\cache\17.0.1\api-ms-win-core-datetime-l1-1-0.dll
0x000001effd1b0000 - 0x000001effd1b3000 	C:\Users\Andres\.openjfx\cache\17.0.1\api-ms-win-core-debug-l1-1-0.dll
0x000001effd1c0000 - 0x000001effd1c3000 	C:\Users\Andres\.openjfx\cache\17.0.1\api-ms-win-core-errorhandling-l1-1-0.dll
0x000001effd1d0000 - 0x000001effd1d4000 	C:\Users\Andres\.openjfx\cache\17.0.1\api-ms-win-core-file-l1-1-0.dll
0x000001effd1e0000 - 0x000001effd1e3000 	C:\Users\Andres\.openjfx\cache\17.0.1\api-ms-win-core-file-l1-2-0.dll
0x000001effd1f0000 - 0x000001effd1f3000 	C:\Users\Andres\.openjfx\cache\17.0.1\api-ms-win-core-file-l2-1-0.dll
0x000001effd200000 - 0x000001effd203000 	C:\Users\Andres\.openjfx\cache\17.0.1\api-ms-win-core-handle-l1-1-0.dll
0x000001effd210000 - 0x000001effd213000 	C:\Users\Andres\.openjfx\cache\17.0.1\api-ms-win-core-heap-l1-1-0.dll
0x000001effd220000 - 0x000001effd223000 	C:\Users\Andres\.openjfx\cache\17.0.1\api-ms-win-core-interlocked-l1-1-0.dll
0x000001effd230000 - 0x000001effd233000 	C:\Users\Andres\.openjfx\cache\17.0.1\api-ms-win-core-libraryloader-l1-1-0.dll
0x000001effd240000 - 0x000001effd243000 	C:\Users\Andres\.openjfx\cache\17.0.1\api-ms-win-core-localization-l1-2-0.dll
0x000001effd250000 - 0x000001effd253000 	C:\Users\Andres\.openjfx\cache\17.0.1\api-ms-win-core-memory-l1-1-0.dll
0x000001effd260000 - 0x000001effd263000 	C:\Users\Andres\.openjfx\cache\17.0.1\api-ms-win-core-namedpipe-l1-1-0.dll
0x000001effd270000 - 0x000001effd273000 	C:\Users\Andres\.openjfx\cache\17.0.1\api-ms-win-core-processenvironment-l1-1-0.dll
0x000001effd280000 - 0x000001effd283000 	C:\Users\Andres\.openjfx\cache\17.0.1\api-ms-win-core-processthreads-l1-1-0.dll
0x000001effd290000 - 0x000001effd293000 	C:\Users\Andres\.openjfx\cache\17.0.1\api-ms-win-core-processthreads-l1-1-1.dll
0x000001effd2a0000 - 0x000001effd2a3000 	C:\Users\Andres\.openjfx\cache\17.0.1\api-ms-win-core-profile-l1-1-0.dll
0x000001effd2b0000 - 0x000001effd2b3000 	C:\Users\Andres\.openjfx\cache\17.0.1\api-ms-win-core-rtlsupport-l1-1-0.dll
0x000001effd2c0000 - 0x000001effd2c3000 	C:\Users\Andres\.openjfx\cache\17.0.1\api-ms-win-core-string-l1-1-0.dll
0x000001effd2d0000 - 0x000001effd2d3000 	C:\Users\Andres\.openjfx\cache\17.0.1\api-ms-win-core-synch-l1-1-0.dll
0x000001effd2e0000 - 0x000001effd2e3000 	C:\Users\Andres\.openjfx\cache\17.0.1\api-ms-win-core-synch-l1-2-0.dll
0x000001effd2f0000 - 0x000001effd2f3000 	C:\Users\Andres\.openjfx\cache\17.0.1\api-ms-win-core-sysinfo-l1-1-0.dll
0x000001effd300000 - 0x000001effd303000 	C:\Users\Andres\.openjfx\cache\17.0.1\api-ms-win-core-timezone-l1-1-0.dll
0x000001effd310000 - 0x000001effd313000 	C:\Users\Andres\.openjfx\cache\17.0.1\api-ms-win-core-util-l1-1-0.dll
0x000001effd320000 - 0x000001effd323000 	C:\Users\Andres\.openjfx\cache\17.0.1\api-ms-win-crt-conio-l1-1-0.dll
0x000001effd330000 - 0x000001effd334000 	C:\Users\Andres\.openjfx\cache\17.0.1\api-ms-win-crt-convert-l1-1-0.dll
0x000001effd340000 - 0x000001effd343000 	C:\Users\Andres\.openjfx\cache\17.0.1\api-ms-win-crt-environment-l1-1-0.dll
0x000001effd350000 - 0x000001effd353000 	C:\Users\Andres\.openjfx\cache\17.0.1\api-ms-win-crt-filesystem-l1-1-0.dll
0x000001effd360000 - 0x000001effd363000 	C:\Users\Andres\.openjfx\cache\17.0.1\api-ms-win-crt-heap-l1-1-0.dll
0x000001effd370000 - 0x000001effd373000 	C:\Users\Andres\.openjfx\cache\17.0.1\api-ms-win-crt-locale-l1-1-0.dll
0x000001effd380000 - 0x000001effd385000 	C:\Users\Andres\.openjfx\cache\17.0.1\api-ms-win-crt-math-l1-1-0.dll
0x000001effd390000 - 0x000001effd395000 	C:\Users\Andres\.openjfx\cache\17.0.1\api-ms-win-crt-multibyte-l1-1-0.dll
0x000001effd3a0000 - 0x000001effd3b0000 	C:\Users\Andres\.openjfx\cache\17.0.1\api-ms-win-crt-private-l1-1-0.dll
0x000001effd3b0000 - 0x000001effd3b3000 	C:\Users\Andres\.openjfx\cache\17.0.1\api-ms-win-crt-process-l1-1-0.dll
0x000001effd3c0000 - 0x000001effd3c4000 	C:\Users\Andres\.openjfx\cache\17.0.1\api-ms-win-crt-runtime-l1-1-0.dll
0x000001effd3d0000 - 0x000001effd3d4000 	C:\Users\Andres\.openjfx\cache\17.0.1\api-ms-win-crt-stdio-l1-1-0.dll
0x000001effd3e0000 - 0x000001effd3e4000 	C:\Users\Andres\.openjfx\cache\17.0.1\api-ms-win-crt-string-l1-1-0.dll
0x000001effd3f0000 - 0x000001effd3f3000 	C:\Users\Andres\.openjfx\cache\17.0.1\api-ms-win-crt-time-l1-1-0.dll
0x000001effe800000 - 0x000001effe803000 	C:\Users\Andres\.openjfx\cache\17.0.1\api-ms-win-crt-utility-l1-1-0.dll
0x00007ffdc6290000 - 0x00007ffdc638c000 	C:\Users\Andres\.openjfx\cache\17.0.1\ucrtbase.dll
0x00007ffdd2b90000 - 0x00007ffdd2baa000 	C:\Users\Andres\.openjfx\cache\17.0.1\vcruntime140.dll
0x00007ffde7fd0000 - 0x00007ffde7fdc000 	C:\Users\Andres\.openjfx\cache\17.0.1\vcruntime140_1.dll
0x00007ffdcc2c0000 - 0x00007ffdcc34d000 	C:\Users\Andres\.openjfx\cache\17.0.1\msvcp140.dll
0x00007ffdcedb0000 - 0x00007ffdcedda000 	C:\Users\Andres\.openjfx\cache\17.0.1\prism_d3d.dll
0x00007ffdcf9b0000 - 0x00007ffdcfb7f000 	C:\Windows\system32\d3d9.dll
0x00007ffdeaba0000 - 0x00007ffdeabcf000 	C:\Windows\SYSTEM32\dwmapi.dll
0x00007ffdeaab0000 - 0x00007ffdeab4e000 	C:\Windows\system32\uxtheme.dll
0x00007ffda7430000 - 0x00007ffda996d000 	C:\Windows\SYSTEM32\igdumdim64.dll
0x00007ffdef1d0000 - 0x00007ffdef29d000 	C:\Windows\System32\OLEAUT32.dll
0x00007ffdedb90000 - 0x00007ffdedcba000 	C:\Windows\System32\ole32.dll
0x00007ffdeed40000 - 0x00007ffdef1af000 	C:\Windows\System32\SETUPAPI.dll
0x00007ffded0b0000 - 0x00007ffded0fe000 	C:\Windows\System32\cfgmgr32.dll
0x00007ffded690000 - 0x00007ffded6b7000 	C:\Windows\System32\bcrypt.dll
0x00007ffdce0b0000 - 0x00007ffdce0f2000 	C:\Users\Andres\.openjfx\cache\17.0.1\glass.dll
0x00007ffdef5b0000 - 0x00007ffdef68a000 	C:\Windows\System32\COMDLG32.dll
0x00007ffdee2f0000 - 0x00007ffdee405000 	C:\Windows\System32\MSCTF.dll
0x00007ffde2b50000 - 0x00007ffde358f000 	C:\Windows\SYSTEM32\igdusc64.dll
0x00007ffde9940000 - 0x00007ffde997b000 	C:\Windows\SYSTEM32\dxcore.dll
0x00007ffdcf410000 - 0x00007ffdcf424000 	C:\Users\Andres\.openjfx\cache\17.0.1\javafx_font.dll
0x00007ffde5f00000 - 0x00007ffde617f000 	C:\Windows\SYSTEM32\dwrite.dll
0x00007ffdee1e0000 - 0x00007ffdee28f000 	C:\Windows\System32\clbcatq.dll
0x00007ffde5d20000 - 0x00007ffde5ed4000 	C:\Windows\SYSTEM32\WindowsCodecs.dll
0x00007ffdd71b0000 - 0x00007ffdd71ee000 	C:\Windows\system32\dataexchange.dll
0x00007ffde96d0000 - 0x00007ffde98b3000 	C:\Windows\system32\dcomp.dll
0x00007ffde84d0000 - 0x00007ffde8733000 	C:\Windows\system32\d3d11.dll
0x00007ffdeb970000 - 0x00007ffdeba63000 	C:\Windows\system32\dxgi.dll
0x00007ffde6e50000 - 0x00007ffde7050000 	C:\Windows\system32\twinapi.appcore.dll
0x00007ffde7f80000 - 0x00007ffde7fb4000 	C:\Program Files\Common Files\Microsoft Shared\Ink\rtscom.dll
0x00007ffde7830000 - 0x00007ffde7929000 	C:\Windows\SYSTEM32\textinputframework.dll
0x00007ffde9560000 - 0x00007ffde9652000 	C:\Windows\System32\CoreMessaging.dll
0x00007ffde9100000 - 0x00007ffde945e000 	C:\Windows\System32\CoreUIComponents.dll
0x00007ffdec1d0000 - 0x00007ffdec203000 	C:\Windows\SYSTEM32\ntmarta.dll
0x00007ffde9f60000 - 0x00007ffdea0b4000 	C:\Windows\SYSTEM32\wintypes.dll

dbghelp: loaded successfully - version: 4.0.5 - missing functions: none
symbol engine: initialized successfully - sym options: 0x614 - pdb path: .;C:\Program Files\Java\jdk-17.0.2\bin;C:\Windows\SYSTEM32;C:\Windows\WinSxS\amd64_microsoft.windows.common-controls_6595b64144ccf1df_6.0.19041.1110_none_60b5254171f9507e;C:\Program Files\Java\jdk-17.0.2\bin\server;C:\Program Files\JetBrains\IntelliJ IDEA 2022.1.3\bin;C:\Users\Andres\.openjfx\cache\17.0.1;C:\Program Files\Common Files\Microsoft Shared\Ink

VM Arguments:
jvm_args: -javaagent:C:\Program Files\JetBrains\IntelliJ IDEA 2022.1.3\lib\idea_rt.jar=55505:C:\Program Files\JetBrains\IntelliJ IDEA 2022.1.3\bin -Dfile.encoding=UTF-8 --module-path=C:\Users\Andres\.m2\repository\org\openjfx\javafx-graphics\17.0.1\javafx-graphics-17.0.1-win.jar;C:\Users\Andres\IdeaProjects\demo2\target\classes;C:\Users\Andres\.m2\repository\org\openjfx\javafx-fxml\17.0.1\javafx-fxml-17.0.1-win.jar;C:\Users\Andres\.m2\repository\org\openjfx\javafx-base\17.0.1\javafx-base-17.0.1-win.jar;C:\Users\Andres\.m2\repository\org\openjfx\javafx-controls\17.0.1\javafx-controls-17.0.1-win.jar -Djdk.module.main=com.example.demo2 
java_command: com.example.demo2/com.example.demo2.HelloApplication
java_class_path (initial): C:\Users\Andres\.m2\repository\org\openjfx\javafx-controls\17.0.1\javafx-controls-17.0.1.jar;C:\Users\Andres\.m2\repository\org\openjfx\javafx-graphics\17.0.1\javafx-graphics-17.0.1.jar;C:\Users\Andres\.m2\repository\org\openjfx\javafx-base\17.0.1\javafx-base-17.0.1.jar;C:\Users\Andres\.m2\repository\org\openjfx\javafx-fxml\17.0.1\javafx-fxml-17.0.1.jar
Launcher Type: SUN_STANDARD

[Global flags]
     intx CICompilerCount                          = 3                                         {product} {ergonomic}
     uint ConcGCThreads                            = 1                                         {product} {ergonomic}
     uint G1ConcRefinementThreads                  = 4                                         {product} {ergonomic}
   size_t G1HeapRegionSize                         = 1048576                                   {product} {ergonomic}
    uintx GCDrainStackTargetSize                   = 64                                        {product} {ergonomic}
   size_t InitialHeapSize                          = 132120576                                 {product} {ergonomic}
   size_t MarkStackSize                            = 4194304                                   {product} {ergonomic}
   size_t MaxHeapSize                              = 2101346304                                {product} {ergonomic}
   size_t MaxNewSize                               = 1260388352                                {product} {ergonomic}
   size_t MinHeapDeltaBytes                        = 1048576                                   {product} {ergonomic}
   size_t MinHeapSize                              = 8388608                                   {product} {ergonomic}
    uintx NonNMethodCodeHeapSize                   = 5832780                                {pd product} {ergonomic}
    uintx NonProfiledCodeHeapSize                  = 122912730                              {pd product} {ergonomic}
    uintx ProfiledCodeHeapSize                     = 122912730                              {pd product} {ergonomic}
    uintx ReservedCodeCacheSize                    = 251658240                              {pd product} {ergonomic}
     bool SegmentedCodeCache                       = true                                      {product} {ergonomic}
   size_t SoftMaxHeapSize                          = 2101346304                             {manageable} {ergonomic}
     bool UseCompressedClassPointers               = true                           {product lp64_product} {ergonomic}
     bool UseCompressedOops                        = true                           {product lp64_product} {ergonomic}
     bool UseG1GC                                  = true                                      {product} {ergonomic}
     bool UseLargePagesIndividualAllocation        = false                                  {pd product} {ergonomic}

Logging:
Log output configuration:
 #0: stdout all=off uptime,level,tags
 #1: stderr all=off uptime,level,tags

Environment Variables:
PATH=C:\Program Files\Common Files\Oracle\Java\javapath;C:\Program Files (x86)\Common Files\Oracle\Java\javapath;C:\watcom-1.3\binnt;C:\watcom-1.3\binw;C:\Windows\system32;C:\Windows;C:\Windows\System32\Wbem;C:\Windows\System32\WindowsPowerShell\v1.0\;C:\Windows\System32\OpenSSH\;C:\Program Files\Git\cmd;C:\Users\Andres\AppData\Local\Microsoft\WindowsApps;C:\Users\Andres\AppData\Local\Programs\Microsoft VS Code\bin;C++ Compiler: C:\Program Files (x86)\Dev-Cpp\MinGW64\bin\g++.exe;
USERNAME=Andres
OS=Windows_NT
PROCESSOR_IDENTIFIER=Intel64 Family 6 Model 60 Stepping 3, GenuineIntel



---------------  S Y S T E M  ---------------

OS:
 Windows 10 , 64 bit Build 19041 (10.0.19041.1889)
OS uptime: 1 days 17:51 hours

CPU: total 4 (initial active 4) (2 cores per cpu, 2 threads per core) family 6 model 60 stepping 3 microcode 0x27, cx8, cmov, fxsr, ht, mmx, sse, sse2, sse3, ssse3, sse4.1, sse4.2, popcnt, lzcnt, tsc, tscinvbit, avx, avx2, aes, erms, clmul, bmi1, bmi2, fma, vzeroupper, clflush

Memory: 4k page, system-wide physical 8009M (1813M free)
TotalPageFile size 9815M (AvailPageFile size 2606M)
current process WorkingSet (physical memory assigned to process): 148M, peak: 167M
current process commit charge ("private bytes"): 275M, peak: 296M

vm_info: Java HotSpot(TM) 64-Bit Server VM (17.0.2+8-LTS-86) for windows-amd64 JRE (17.0.2+8-LTS-86), built on Dec  7 2021 21:51:03 by "mach5one" with MS VC++ 16.8 / 16.9 (VS2019)

END.
