#
# A fatal error has been detected by the Java Runtime Environment:
#
#  EXCEPTION_ACCESS_VIOLATION (0xc0000005) at pc=0x00007ffdcc286a87, pid=7808, tid=6688
#
# JRE version: Java(TM) SE Runtime Environment (17.0.2+8) (build 17.0.2+8-LTS-86)
# Java VM: Java HotSpot(TM) 64-Bit Server VM (17.0.2+8-LTS-86, mixed mode, sharing, tiered, compressed oops, compressed class ptrs, g1 gc, windows-amd64)
# Problematic frame:
# C  [glass.dll+0x26a87]
#
# No core dump will be written. Minidumps are not enabled by default on client versions of Windows
#
# If you would like to submit a bug report, please visit:
#   https://bugreport.java.com/bugreport/crash.jsp
#

---------------  S U M M A R Y ------------

Command Line: -javaagent:C:\Program Files\JetBrains\IntelliJ IDEA 2022.1.3\lib\idea_rt.jar=54418:C:\Program Files\JetBrains\IntelliJ IDEA 2022.1.3\bin -Dfile.encoding=UTF-8 --module-path=C:\Users\Andres\.m2\repository\org\openjfx\javafx-base\17.0.1\javafx-base-17.0.1-win.jar;C:\Users\Andres\.m2\repository\org\openjfx\javafx-controls\17.0.1\javafx-controls-17.0.1-win.jar;C:\Users\Andres\.m2\repository\org\openjfx\javafx-graphics\17.0.1\javafx-graphics-17.0.1-win.jar;C:\Users\Andres\.m2\repository\org\openjfx\javafx-fxml\17.0.1\javafx-fxml-17.0.1-win.jar;C:\Users\Andres\IdeaProjects\demo2\target\classes -Djdk.module.main=com.example.demo2 com.example.demo2/com.example.demo2.HelloApplication

Host: Intel(R) Core(TM) i3-4130 CPU @ 3.40GHz, 4 cores, 7G,  Windows 10 , 64 bit Build 19041 (10.0.19041.1889)
Time: Wed Sep 28 13:27:58 2022 Hora estándar de línea de fecha elapsed time: 87.805603 seconds (0d 0h 1m 27s)

---------------  T H R E A D  ---------------

Current thread (0x0000022c9c85c210):  VMThread "VM Thread" [stack: 0x000000feede00000,0x000000feedf00000] [id=6688]

Stack: [0x000000feede00000,0x000000feedf00000],  sp=0x000000feedefee00,  free space=1019k
Native frames: (J=compiled Java code, j=interpreted, Vv=VM code, C=native code)
C  [glass.dll+0x26a87]


siginfo: EXCEPTION_ACCESS_VIOLATION (0xc0000005), reading address 0x0000000000000000


Register to memory mapping:

RIP=0x00007ffdcc286a87 glass.dll
RAX=0x0 is NULL
RBX=0x0000022c9c86af08 is a global jni handle
RCX=0x0000022c9c85c210 points into unknown readable memory: 0x00007ffda971e890 | 90 e8 71 a9 fd 7f 00 00
RDX=0x000000feedefee00 points into unknown readable memory: 0x0000000000000000 | 00 00 00 00 00 00 00 00
RSP=0x000000feedefee00 points into unknown readable memory: 0x0000000000000000 | 00 00 00 00 00 00 00 00
RBP=0x0000022c9d99ea48 points into unknown readable memory: 0x00006d424cbbd2f3 | f3 d2 bb 4c 42 6d 00 00
RSI=0x0000022c9d99ea20 points into unknown readable memory: 0xf3606d41b355b3b2 | b2 b3 55 b3 41 6d 60 f3
RDI=0x00006d424cbbd2f3 is an unknown value
R8 =0x0000000000010002 is an unknown value
R9 =0x00006d424cbbd2f3 is an unknown value
R10=0x0000000000008000 is an unknown value
R11=0x000000feedefed90 points into unknown readable memory: 0x0000022c9d99ea20 | 20 ea 99 9d 2c 02 00 00
R12=0x00007ffdcc284354 glass.dll
R13=0x0000000000000001 is an unknown value
R14=0x000000feedefeef8 points into unknown readable memory: 0x000000feedefeee0 | e0 ee ef ed fe 00 00 00
R15=0x0000022c9d99ea20 points into unknown readable memory: 0xf3606d41b355b3b2 | b2 b3 55 b3 41 6d 60 f3


Registers:
RAX=0x0000000000000000, RBX=0x0000022c9c86af08, RCX=0x0000022c9c85c210, RDX=0x000000feedefee00
RSP=0x000000feedefee00, RBP=0x0000022c9d99ea48, RSI=0x0000022c9d99ea20, RDI=0x00006d424cbbd2f3
R8 =0x0000000000010002, R9 =0x00006d424cbbd2f3, R10=0x0000000000008000, R11=0x000000feedefed90
R12=0x00007ffdcc284354, R13=0x0000000000000001, R14=0x000000feedefeef8, R15=0x0000022c9d99ea20
RIP=0x00007ffdcc286a87, EFLAGS=0x0000000000010202

Top of Stack: (sp=0x000000feedefee00)
0x000000feedefee00:   0000000000000000 0000022c9d99ea20
0x000000feedefee10:   0000000000000001 00007ffdcc284354
0x000000feedefee20:   0000022c9d99ea28 00007ffded6d42d6
0x000000feedefee30:   00006d424cbbd2f3 0000022c00000000
0x000000feedefee40:   0000022c9d99ea48 0000022c9d99ea20
0x000000feedefee50:   fffffffffffffffe 0000000000000000
0x000000feedefee60:   0000000000000001 00007ffdcc260000
0x000000feedefee70:   000000feedefeee8 00007ffded6d41fb
0x000000feedefee80:   0000000000000000 000000feedefeef8
0x000000feedefee90:   000000feedeff220 00007ffded7b0e40
0x000000feedefeea0:   0000000000000001 00007ffded6d41b4
0x000000feedefeeb0:   0000000000000000 0000000000000001
0x000000feedefeec0:   0000000000000001 000000feedefeee8
0x000000feedefeed0:   0000000000000001 00007ffdcc2841e1
0x000000feedefeee0:   00007ffdcc29a138 0000000000000002
0x000000feedefeef0:   0000000000000002 000000feedefeee0 

Instructions: (pc=0x00007ffdcc286a87)
0x00007ffdcc286987:   8b 4d 58 e8 01 cf ff ff 48 8b 4d 60 e8 f8 ce ff
0x00007ffdcc286997:   ff 48 8b 95 80 00 00 00 48 8b 8d 18 01 00 00 e8
0x00007ffdcc2869a7:   c6 c3 ff ff 33 d2 33 c9 e8 3c e1 ff ff 90 48 89
0x00007ffdcc2869b7:   54 24 10 55 48 83 ec 20 48 8b ea 48 b8 00 00 00
0x00007ffdcc2869c7:   00 00 00 00 00 48 83 c4 20 5d c3 cc 40 55 48 8b
0x00007ffdcc2869d7:   ea 48 8b 01 33 c9 81 38 05 00 00 c0 0f 94 c1 8b
0x00007ffdcc2869e7:   c1 5d c3 cc 40 55 48 83 ec 20 48 8b ea 8a 4d 40
0x00007ffdcc2869f7:   48 83 c4 20 5d e9 f7 d2 ff ff cc 40 55 48 83 ec
0x00007ffdcc286a07:   20 48 8b ea 8a 4d 20 e8 e5 d2 ff ff 90 48 83 c4
0x00007ffdcc286a17:   20 5d c3 cc 40 55 48 83 ec 20 48 8b ea 48 83 c4
0x00007ffdcc286a27:   20 5d e9 46 d1 ff ff cc 40 55 48 83 ec 30 48 8b
0x00007ffdcc286a37:   ea 48 8b 01 8b 10 48 89 4c 24 28 89 54 24 20 4c
0x00007ffdcc286a47:   8d 0d e7 d5 ff ff 4c 8b 45 70 8b 55 68 48 8b 4d
0x00007ffdcc286a57:   60 e8 87 d0 ff ff 90 48 83 c4 30 5d c3 cc cc cc
0x00007ffdcc286a67:   cc cc cc cc cc cc cc cc cc 40 53 48 83 ec 20 48
0x00007ffdcc286a77:   8b 1d b3 30 01 00 48 85 db 74 16 e8 09 8b ff ff
0x00007ffdcc286a87:   4c 8b 00 48 8b d3 48 8b c8 41 ff 90 b0 00 00 00
0x00007ffdcc286a97:   90 48 83 c4 20 5b c3 cc cc 40 53 48 83 ec 20 48
0x00007ffdcc286aa7:   8b 1d 2b 32 01 00 48 85 db 74 57 b8 ff ff ff ff
0x00007ffdcc286ab7:   f0 0f c1 43 10 83 f8 01 75 3d 48 85 db 74 38 48
0x00007ffdcc286ac7:   8b 0b 48 85 c9 74 0d ff 15 d4 07 00 00 48 c7 03
0x00007ffdcc286ad7:   00 00 00 00 48 8b 4b 08 48 85 c9 74 0d e8 a7 cd
0x00007ffdcc286ae7:   ff ff 48 c7 43 08 00 00 00 00 ba 18 00 00 00 48
0x00007ffdcc286af7:   8b cb e8 92 cd ff ff 48 c7 05 cf 31 01 00 00 00
0x00007ffdcc286b07:   00 00 48 83 c4 20 5b c3 cc 40 53 48 83 ec 20 48
0x00007ffdcc286b17:   8b 1d 9b 31 01 00 48 85 db 74 57 b8 ff ff ff ff
0x00007ffdcc286b27:   f0 0f c1 43 10 83 f8 01 75 3d 48 85 db 74 38 48
0x00007ffdcc286b37:   8b 0b 48 85 c9 74 0d ff 15 64 07 00 00 48 c7 03
0x00007ffdcc286b47:   00 00 00 00 48 8b 4b 08 48 85 c9 74 0d e8 37 cd
0x00007ffdcc286b57:   ff ff 48 c7 43 08 00 00 00 00 ba 18 00 00 00 48
0x00007ffdcc286b67:   8b cb e8 22 cd ff ff 48 c7 05 3f 31 01 00 00 00
0x00007ffdcc286b77:   00 00 48 83 c4 20 5b c3 cc 40 53 48 83 ec 20 48 


Stack slot to memory mapping:
stack at sp + 0 slots: 0x0 is NULL
stack at sp + 1 slots: 0x0000022c9d99ea20 points into unknown readable memory: 0xf3606d41b355b3b2 | b2 b3 55 b3 41 6d 60 f3
stack at sp + 2 slots: 0x0000000000000001 is an unknown value
stack at sp + 3 slots: 0x00007ffdcc284354 glass.dll
stack at sp + 4 slots: 0x0000022c9d99ea28 points into unknown readable memory: 0x00006d424cbbd2f3 | f3 d2 bb 4c 42 6d 00 00
stack at sp + 5 slots: 0x00007ffded6d42d6 ucrtbase.dll
stack at sp + 6 slots: 0x00006d424cbbd2f3 is an unknown value
stack at sp + 7 slots: 0x0000022c00000000 is an unknown value

VM_Operation (0x000000feed5ff2b0): Exit, mode: safepoint, requested by thread 0x0000022c9de74fc0


---------------  P R O C E S S  ---------------

Threads class SMR info:
_java_thread_list=0x0000022c9d52af80, length=21, elements={
0x0000022cfd18f8f0, 0x0000022c9c863a20, 0x0000022c9c865090, 0x0000022c9c8767e0,
0x0000022c9c8771f0, 0x0000022c9c87a3b0, 0x0000022c9c87ea60, 0x0000022c9c881000,
0x0000022c9c886380, 0x0000022c9c89d0b0, 0x0000022c9c84adf0, 0x0000022c9dce8840,
0x0000022c9dce8d10, 0x0000022c9e45db10, 0x0000022c9dd62d30, 0x0000022c9d8f3330,
0x0000022c9de74620, 0x0000022c9de75490, 0x0000022c9de75960, 0x0000022c9de73c80,
0x0000022c9de74fc0
}

Java Threads: ( => current thread )
  0x0000022cfd18f8f0 JavaThread "main" [_thread_blocked, id=4680, stack(0x000000feed800000,0x000000feed900000)]
  0x0000022c9c863a20 JavaThread "Reference Handler" daemon [_thread_blocked, id=1724, stack(0x000000feedf00000,0x000000feee000000)]
  0x0000022c9c865090 JavaThread "Finalizer" daemon [_thread_blocked, id=9512, stack(0x000000feee000000,0x000000feee100000)]
  0x0000022c9c8767e0 JavaThread "Signal Dispatcher" daemon [_thread_blocked, id=9568, stack(0x000000feee100000,0x000000feee200000)]
  0x0000022c9c8771f0 JavaThread "Attach Listener" daemon [_thread_blocked, id=9892, stack(0x000000feee200000,0x000000feee300000)]
  0x0000022c9c87a3b0 JavaThread "Service Thread" daemon [_thread_blocked, id=10228, stack(0x000000feee300000,0x000000feee400000)]
  0x0000022c9c87ea60 JavaThread "Monitor Deflation Thread" daemon [_thread_blocked, id=9564, stack(0x000000feee400000,0x000000feee500000)]
  0x0000022c9c881000 JavaThread "C2 CompilerThread0" daemon [_thread_blocked, id=7484, stack(0x000000feee500000,0x000000feee600000)]
  0x0000022c9c886380 JavaThread "C1 CompilerThread0" daemon [_thread_blocked, id=5884, stack(0x000000feee600000,0x000000feee700000)]
  0x0000022c9c89d0b0 JavaThread "Sweeper thread" daemon [_thread_blocked, id=1096, stack(0x000000feee700000,0x000000feee800000)]
  0x0000022c9c84adf0 JavaThread "Common-Cleaner" daemon [_thread_blocked, id=9924, stack(0x000000feee800000,0x000000feee900000)]
  0x0000022c9dce8840 JavaThread "Monitor Ctrl-Break" daemon [_thread_in_native, id=9976, stack(0x000000feeea00000,0x000000feeeb00000)]
  0x0000022c9dce8d10 JavaThread "Notification Thread" daemon [_thread_blocked, id=9620, stack(0x000000feeeb00000,0x000000feeec00000)]
  0x0000022c9e45db10 JavaThread "QuantumRenderer-0" daemon [_thread_blocked, id=7832, stack(0x000000feee900000,0x000000feeea00000)]
  0x0000022c9dd62d30 JavaThread "InvokeLaterDispatcher" daemon [_thread_blocked, id=9760, stack(0x000000feef000000,0x000000feef100000)]
  0x0000022c9d8f3330 JavaThread "JavaFX Application Thread" [_thread_in_native, id=7784, stack(0x000000feef100000,0x000000feef200000)]
  0x0000022c9de74620 JavaThread "Thread-1" daemon [_thread_in_native, id=9744, stack(0x000000feef500000,0x000000feef600000)]
  0x0000022c9de75490 JavaThread "JavaFX-Launcher" [_thread_blocked, id=5560, stack(0x000000feef600000,0x000000feef700000)]
  0x0000022c9de75960 JavaThread "Prism Font Disposer" daemon [_thread_blocked, id=10012, stack(0x000000feefb00000,0x000000feefc00000)]
  0x0000022c9de73c80 JavaThread "Cleaner-0" daemon [_thread_blocked, id=5688, stack(0x000000feefc00000,0x000000feefd00000)]
  0x0000022c9de74fc0 JavaThread "SIGINT handler" daemon [_thread_blocked, id=7436, stack(0x000000feed500000,0x000000feed600000)]

Other Threads:
=>0x0000022c9c85c210 VMThread "VM Thread" [stack: 0x000000feede00000,0x000000feedf00000] [id=6688]
  0x0000022cfd1cb6a0 GCTaskThread "GC Thread#0" [stack: 0x000000feed900000,0x000000feeda00000] [id=9816]
  0x0000022c9e777560 GCTaskThread "GC Thread#1" [stack: 0x000000feeed00000,0x000000feeee00000] [id=3120]
  0x0000022c9e777c10 GCTaskThread "GC Thread#2" [stack: 0x000000feeee00000,0x000000feeef00000] [id=7804]
  0x0000022c9dccdf40 GCTaskThread "GC Thread#3" [stack: 0x000000feeef00000,0x000000feef000000] [id=8508]
  0x0000022cfd1dd0d0 ConcurrentGCThread "G1 Main Marker" terminated
  0x0000022cfd1de190 ConcurrentGCThread "G1 Conc#0" [stack: 0x000000feedb00000,0x000000feedc00000] [id=8232]
  0x0000022cfd256490 ConcurrentGCThread "G1 Refine#0" terminated
  0x0000022cfd256dc0 ConcurrentGCThread "G1 Service" terminated

Threads with active compile tasks:

VM state: at safepoint (shutting down)

VM Mutex/Monitor currently owned by a thread:  ([mutex/lock_event])
[0x0000022cfd188e70] Threads_lock - owner thread: 0x0000022c9c85c210
[0x0000022cfd189b60] Heap_lock - owner thread: 0x0000022c9de74fc0

Heap address: 0x0000000082c00000, size: 2004 MB, Compressed Oops mode: 32-bit

CDS archive(s) mapped at: [0x0000000800000000-0x0000000800bc0000-0x0000000800bc0000), size 12320768, SharedBaseAddress: 0x0000000800000000, ArchiveRelocationMode: 0.
Compressed class space mapped at: 0x0000000800c00000-0x0000000840c00000, reserved size: 1073741824
Narrow klass base: 0x0000000800000000, Narrow klass shift: 0, Narrow klass range: 0x100000000

GC Precious Log:
 CPUs: 4 total, 4 available
 Memory: 8009M
 Large Page Support: Disabled
 NUMA Support: Disabled
 Compressed Oops: Enabled (32-bit)
 Heap Region Size: 1M
 Heap Min Capacity: 8M
 Heap Initial Capacity: 126M
 Heap Max Capacity: 2004M
 Pre-touch: Disabled
 Parallel Workers: 4
 Concurrent Workers: 1
 Concurrent Refinement Workers: 4
 Periodic GC: Disabled

Heap:
 garbage-first heap   total 129024K, used 48389K [0x0000000082c00000, 0x0000000100000000)
  region size 1024K, 46 young (47104K), 3 survivors (3072K)
 Metaspace       used 17685K, committed 17856K, reserved 1064960K
  class space    used 2587K, committed 2688K, reserved 1048576K

Heap Regions: E=young(eden), S=young(survivor), O=old, HS=humongous(starts), HC=humongous(continues), CS=collection set, F=free, OA=open archive, CA=closed archive, TAMS=top-at-mark-start (previous, next)
|   0|0x0000000082c00000, 0x0000000082d00000, 0x0000000082d00000|100%| O|  |TAMS 0x0000000082c00000, 0x0000000082c00000| Untracked 
|   1|0x0000000082d00000, 0x0000000082dafe00, 0x0000000082e00000| 68%| O|  |TAMS 0x0000000082d00000, 0x0000000082d00000| Untracked 
|   2|0x0000000082e00000, 0x0000000082f00000, 0x0000000082f00000|100%|HS|  |TAMS 0x0000000082e00000, 0x0000000082e00000| Complete 
|   3|0x0000000082f00000, 0x0000000083000000, 0x0000000083000000|100%|HC|  |TAMS 0x0000000082f00000, 0x0000000082f00000| Complete 
|   4|0x0000000083000000, 0x0000000083000000, 0x0000000083100000|  0%| F|  |TAMS 0x0000000083000000, 0x0000000083000000| Untracked 
|   5|0x0000000083100000, 0x0000000083100000, 0x0000000083200000|  0%| F|  |TAMS 0x0000000083100000, 0x0000000083100000| Untracked 
|   6|0x0000000083200000, 0x0000000083200000, 0x0000000083300000|  0%| F|  |TAMS 0x0000000083200000, 0x0000000083200000| Untracked 
|   7|0x0000000083300000, 0x0000000083300000, 0x0000000083400000|  0%| F|  |TAMS 0x0000000083300000, 0x0000000083300000| Untracked 
|   8|0x0000000083400000, 0x0000000083400000, 0x0000000083500000|  0%| F|  |TAMS 0x0000000083400000, 0x0000000083400000| Untracked 
|   9|0x0000000083500000, 0x0000000083500000, 0x0000000083600000|  0%| F|  |TAMS 0x0000000083500000, 0x0000000083500000| Untracked 
|  10|0x0000000083600000, 0x0000000083600000, 0x0000000083700000|  0%| F|  |TAMS 0x0000000083600000, 0x0000000083600000| Untracked 
|  11|0x0000000083700000, 0x0000000083700000, 0x0000000083800000|  0%| F|  |TAMS 0x0000000083700000, 0x0000000083700000| Untracked 
|  12|0x0000000083800000, 0x0000000083800000, 0x0000000083900000|  0%| F|  |TAMS 0x0000000083800000, 0x0000000083800000| Untracked 
|  13|0x0000000083900000, 0x0000000083900000, 0x0000000083a00000|  0%| F|  |TAMS 0x0000000083900000, 0x0000000083900000| Untracked 
|  14|0x0000000083a00000, 0x0000000083a00000, 0x0000000083b00000|  0%| F|  |TAMS 0x0000000083a00000, 0x0000000083a00000| Untracked 
|  15|0x0000000083b00000, 0x0000000083b00000, 0x0000000083c00000|  0%| F|  |TAMS 0x0000000083b00000, 0x0000000083b00000| Untracked 
|  16|0x0000000083c00000, 0x0000000083c00000, 0x0000000083d00000|  0%| F|  |TAMS 0x0000000083c00000, 0x0000000083c00000| Untracked 
|  17|0x0000000083d00000, 0x0000000083d00000, 0x0000000083e00000|  0%| F|  |TAMS 0x0000000083d00000, 0x0000000083d00000| Untracked 
|  18|0x0000000083e00000, 0x0000000083e00000, 0x0000000083f00000|  0%| F|  |TAMS 0x0000000083e00000, 0x0000000083e00000| Untracked 
|  19|0x0000000083f00000, 0x0000000083f00000, 0x0000000084000000|  0%| F|  |TAMS 0x0000000083f00000, 0x0000000083f00000| Untracked 
|  20|0x0000000084000000, 0x0000000084000000, 0x0000000084100000|  0%| F|  |TAMS 0x0000000084000000, 0x0000000084000000| Untracked 
|  21|0x0000000084100000, 0x0000000084100000, 0x0000000084200000|  0%| F|  |TAMS 0x0000000084100000, 0x0000000084100000| Untracked 
|  22|0x0000000084200000, 0x0000000084200000, 0x0000000084300000|  0%| F|  |TAMS 0x0000000084200000, 0x0000000084200000| Untracked 
|  23|0x0000000084300000, 0x0000000084300000, 0x0000000084400000|  0%| F|  |TAMS 0x0000000084300000, 0x0000000084300000| Untracked 
|  24|0x0000000084400000, 0x0000000084400000, 0x0000000084500000|  0%| F|  |TAMS 0x0000000084400000, 0x0000000084400000| Untracked 
|  25|0x0000000084500000, 0x0000000084500000, 0x0000000084600000|  0%| F|  |TAMS 0x0000000084500000, 0x0000000084500000| Untracked 
|  26|0x0000000084600000, 0x0000000084600000, 0x0000000084700000|  0%| F|  |TAMS 0x0000000084600000, 0x0000000084600000| Untracked 
|  27|0x0000000084700000, 0x0000000084700000, 0x0000000084800000|  0%| F|  |TAMS 0x0000000084700000, 0x0000000084700000| Untracked 
|  28|0x0000000084800000, 0x0000000084800000, 0x0000000084900000|  0%| F|  |TAMS 0x0000000084800000, 0x0000000084800000| Untracked 
|  29|0x0000000084900000, 0x0000000084900000, 0x0000000084a00000|  0%| F|  |TAMS 0x0000000084900000, 0x0000000084900000| Untracked 
|  30|0x0000000084a00000, 0x0000000084a00000, 0x0000000084b00000|  0%| F|  |TAMS 0x0000000084a00000, 0x0000000084a00000| Untracked 
|  31|0x0000000084b00000, 0x0000000084b00000, 0x0000000084c00000|  0%| F|  |TAMS 0x0000000084b00000, 0x0000000084b00000| Untracked 
|  32|0x0000000084c00000, 0x0000000084c00000, 0x0000000084d00000|  0%| F|  |TAMS 0x0000000084c00000, 0x0000000084c00000| Untracked 
|  33|0x0000000084d00000, 0x0000000084d00000, 0x0000000084e00000|  0%| F|  |TAMS 0x0000000084d00000, 0x0000000084d00000| Untracked 
|  34|0x0000000084e00000, 0x0000000084e00000, 0x0000000084f00000|  0%| F|  |TAMS 0x0000000084e00000, 0x0000000084e00000| Untracked 
|  35|0x0000000084f00000, 0x0000000084f00000, 0x0000000085000000|  0%| F|  |TAMS 0x0000000084f00000, 0x0000000084f00000| Untracked 
|  36|0x0000000085000000, 0x0000000085000000, 0x0000000085100000|  0%| F|  |TAMS 0x0000000085000000, 0x0000000085000000| Untracked 
|  37|0x0000000085100000, 0x0000000085100000, 0x0000000085200000|  0%| F|  |TAMS 0x0000000085100000, 0x0000000085100000| Untracked 
|  38|0x0000000085200000, 0x0000000085200000, 0x0000000085300000|  0%| F|  |TAMS 0x0000000085200000, 0x0000000085200000| Untracked 
|  39|0x0000000085300000, 0x0000000085300000, 0x0000000085400000|  0%| F|  |TAMS 0x0000000085300000, 0x0000000085300000| Untracked 
|  40|0x0000000085400000, 0x0000000085400000, 0x0000000085500000|  0%| F|  |TAMS 0x0000000085400000, 0x0000000085400000| Untracked 
|  41|0x0000000085500000, 0x0000000085500000, 0x0000000085600000|  0%| F|  |TAMS 0x0000000085500000, 0x0000000085500000| Untracked 
|  42|0x0000000085600000, 0x0000000085600000, 0x0000000085700000|  0%| F|  |TAMS 0x0000000085600000, 0x0000000085600000| Untracked 
|  43|0x0000000085700000, 0x0000000085700000, 0x0000000085800000|  0%| F|  |TAMS 0x0000000085700000, 0x0000000085700000| Untracked 
|  44|0x0000000085800000, 0x0000000085800000, 0x0000000085900000|  0%| F|  |TAMS 0x0000000085800000, 0x0000000085800000| Untracked 
|  45|0x0000000085900000, 0x0000000085900000, 0x0000000085a00000|  0%| F|  |TAMS 0x0000000085900000, 0x0000000085900000| Untracked 
|  46|0x0000000085a00000, 0x0000000085a00000, 0x0000000085b00000|  0%| F|  |TAMS 0x0000000085a00000, 0x0000000085a00000| Untracked 
|  47|0x0000000085b00000, 0x0000000085b00000, 0x0000000085c00000|  0%| F|  |TAMS 0x0000000085b00000, 0x0000000085b00000| Untracked 
|  48|0x0000000085c00000, 0x0000000085c00000, 0x0000000085d00000|  0%| F|  |TAMS 0x0000000085c00000, 0x0000000085c00000| Untracked 
|  49|0x0000000085d00000, 0x0000000085d00000, 0x0000000085e00000|  0%| F|  |TAMS 0x0000000085d00000, 0x0000000085d00000| Untracked 
|  50|0x0000000085e00000, 0x0000000085e00000, 0x0000000085f00000|  0%| F|  |TAMS 0x0000000085e00000, 0x0000000085e00000| Untracked 
|  51|0x0000000085f00000, 0x0000000085f00000, 0x0000000086000000|  0%| F|  |TAMS 0x0000000085f00000, 0x0000000085f00000| Untracked 
|  52|0x0000000086000000, 0x0000000086000000, 0x0000000086100000|  0%| F|  |TAMS 0x0000000086000000, 0x0000000086000000| Untracked 
|  53|0x0000000086100000, 0x0000000086100000, 0x0000000086200000|  0%| F|  |TAMS 0x0000000086100000, 0x0000000086100000| Untracked 
|  54|0x0000000086200000, 0x0000000086200000, 0x0000000086300000|  0%| F|  |TAMS 0x0000000086200000, 0x0000000086200000| Untracked 
|  55|0x0000000086300000, 0x0000000086300000, 0x0000000086400000|  0%| F|  |TAMS 0x0000000086300000, 0x0000000086300000| Untracked 
|  56|0x0000000086400000, 0x0000000086400000, 0x0000000086500000|  0%| F|  |TAMS 0x0000000086400000, 0x0000000086400000| Untracked 
|  57|0x0000000086500000, 0x0000000086500000, 0x0000000086600000|  0%| F|  |TAMS 0x0000000086500000, 0x0000000086500000| Untracked 
|  58|0x0000000086600000, 0x0000000086600000, 0x0000000086700000|  0%| F|  |TAMS 0x0000000086600000, 0x0000000086600000| Untracked 
|  59|0x0000000086700000, 0x0000000086700000, 0x0000000086800000|  0%| F|  |TAMS 0x0000000086700000, 0x0000000086700000| Untracked 
|  60|0x0000000086800000, 0x0000000086800000, 0x0000000086900000|  0%| F|  |TAMS 0x0000000086800000, 0x0000000086800000| Untracked 
|  61|0x0000000086900000, 0x0000000086900000, 0x0000000086a00000|  0%| F|  |TAMS 0x0000000086900000, 0x0000000086900000| Untracked 
|  62|0x0000000086a00000, 0x0000000086a00000, 0x0000000086b00000|  0%| F|  |TAMS 0x0000000086a00000, 0x0000000086a00000| Untracked 
|  63|0x0000000086b00000, 0x0000000086b00000, 0x0000000086c00000|  0%| F|  |TAMS 0x0000000086b00000, 0x0000000086b00000| Untracked 
|  64|0x0000000086c00000, 0x0000000086c00000, 0x0000000086d00000|  0%| F|  |TAMS 0x0000000086c00000, 0x0000000086c00000| Untracked 
|  65|0x0000000086d00000, 0x0000000086d00000, 0x0000000086e00000|  0%| F|  |TAMS 0x0000000086d00000, 0x0000000086d00000| Untracked 
|  66|0x0000000086e00000, 0x0000000086e00000, 0x0000000086f00000|  0%| F|  |TAMS 0x0000000086e00000, 0x0000000086e00000| Untracked 
|  67|0x0000000086f00000, 0x0000000086f00000, 0x0000000087000000|  0%| F|  |TAMS 0x0000000086f00000, 0x0000000086f00000| Untracked 
|  68|0x0000000087000000, 0x0000000087000000, 0x0000000087100000|  0%| F|  |TAMS 0x0000000087000000, 0x0000000087000000| Untracked 
|  69|0x0000000087100000, 0x0000000087100000, 0x0000000087200000|  0%| F|  |TAMS 0x0000000087100000, 0x0000000087100000| Untracked 
|  70|0x0000000087200000, 0x0000000087200000, 0x0000000087300000|  0%| F|  |TAMS 0x0000000087200000, 0x0000000087200000| Untracked 
|  71|0x0000000087300000, 0x0000000087300000, 0x0000000087400000|  0%| F|  |TAMS 0x0000000087300000, 0x0000000087300000| Untracked 
|  72|0x0000000087400000, 0x0000000087400000, 0x0000000087500000|  0%| F|  |TAMS 0x0000000087400000, 0x0000000087400000| Untracked 
|  73|0x0000000087500000, 0x0000000087500000, 0x0000000087600000|  0%| F|  |TAMS 0x0000000087500000, 0x0000000087500000| Untracked 
|  74|0x0000000087600000, 0x0000000087600000, 0x0000000087700000|  0%| F|  |TAMS 0x0000000087600000, 0x0000000087600000| Untracked 
|  75|0x0000000087700000, 0x0000000087700000, 0x0000000087800000|  0%| F|  |TAMS 0x0000000087700000, 0x0000000087700000| Untracked 
|  76|0x0000000087800000, 0x0000000087800000, 0x0000000087900000|  0%| F|  |TAMS 0x0000000087800000, 0x0000000087800000| Untracked 
|  77|0x0000000087900000, 0x0000000087900000, 0x0000000087a00000|  0%| F|  |TAMS 0x0000000087900000, 0x0000000087900000| Untracked 
|  78|0x0000000087a00000, 0x0000000087a00000, 0x0000000087b00000|  0%| F|  |TAMS 0x0000000087a00000, 0x0000000087a00000| Untracked 
|  79|0x0000000087b00000, 0x0000000087b00000, 0x0000000087c00000|  0%| F|  |TAMS 0x0000000087b00000, 0x0000000087b00000| Untracked 
|  80|0x0000000087c00000, 0x0000000087c93f90, 0x0000000087d00000| 57%| E|  |TAMS 0x0000000087c00000, 0x0000000087c00000| Complete 
|  81|0x0000000087d00000, 0x0000000087e00000, 0x0000000087e00000|100%| E|CS|TAMS 0x0000000087d00000, 0x0000000087d00000| Complete 
|  82|0x0000000087e00000, 0x0000000087f00000, 0x0000000087f00000|100%| E|CS|TAMS 0x0000000087e00000, 0x0000000087e00000| Complete 
|  83|0x0000000087f00000, 0x0000000088000000, 0x0000000088000000|100%| E|CS|TAMS 0x0000000087f00000, 0x0000000087f00000| Complete 
|  84|0x0000000088000000, 0x0000000088100000, 0x0000000088100000|100%| E|CS|TAMS 0x0000000088000000, 0x0000000088000000| Complete 
|  85|0x0000000088100000, 0x0000000088200000, 0x0000000088200000|100%| E|CS|TAMS 0x0000000088100000, 0x0000000088100000| Complete 
|  86|0x0000000088200000, 0x0000000088300000, 0x0000000088300000|100%| E|CS|TAMS 0x0000000088200000, 0x0000000088200000| Complete 
|  87|0x0000000088300000, 0x0000000088400000, 0x0000000088400000|100%| E|CS|TAMS 0x0000000088300000, 0x0000000088300000| Complete 
|  88|0x0000000088400000, 0x0000000088500000, 0x0000000088500000|100%| E|CS|TAMS 0x0000000088400000, 0x0000000088400000| Complete 
|  89|0x0000000088500000, 0x0000000088600000, 0x0000000088600000|100%| E|CS|TAMS 0x0000000088500000, 0x0000000088500000| Complete 
|  90|0x0000000088600000, 0x0000000088700000, 0x0000000088700000|100%| E|CS|TAMS 0x0000000088600000, 0x0000000088600000| Complete 
|  91|0x0000000088700000, 0x0000000088800000, 0x0000000088800000|100%| E|CS|TAMS 0x0000000088700000, 0x0000000088700000| Complete 
|  92|0x0000000088800000, 0x0000000088900000, 0x0000000088900000|100%| E|CS|TAMS 0x0000000088800000, 0x0000000088800000| Complete 
|  93|0x0000000088900000, 0x0000000088a00000, 0x0000000088a00000|100%| E|CS|TAMS 0x0000000088900000, 0x0000000088900000| Complete 
|  94|0x0000000088a00000, 0x0000000088b00000, 0x0000000088b00000|100%| E|CS|TAMS 0x0000000088a00000, 0x0000000088a00000| Complete 
|  95|0x0000000088b00000, 0x0000000088c00000, 0x0000000088c00000|100%| E|CS|TAMS 0x0000000088b00000, 0x0000000088b00000| Complete 
|  96|0x0000000088c00000, 0x0000000088d00000, 0x0000000088d00000|100%| E|CS|TAMS 0x0000000088c00000, 0x0000000088c00000| Complete 
|  97|0x0000000088d00000, 0x0000000088e00000, 0x0000000088e00000|100%| E|CS|TAMS 0x0000000088d00000, 0x0000000088d00000| Complete 
|  98|0x0000000088e00000, 0x0000000088f00000, 0x0000000088f00000|100%| E|CS|TAMS 0x0000000088e00000, 0x0000000088e00000| Complete 
|  99|0x0000000088f00000, 0x0000000089000000, 0x0000000089000000|100%| E|CS|TAMS 0x0000000088f00000, 0x0000000088f00000| Complete 
| 100|0x0000000089000000, 0x0000000089100000, 0x0000000089100000|100%| E|CS|TAMS 0x0000000089000000, 0x0000000089000000| Complete 
| 101|0x0000000089100000, 0x0000000089200000, 0x0000000089200000|100%| E|CS|TAMS 0x0000000089100000, 0x0000000089100000| Complete 
| 102|0x0000000089200000, 0x0000000089300000, 0x0000000089300000|100%| E|CS|TAMS 0x0000000089200000, 0x0000000089200000| Complete 
| 103|0x0000000089300000, 0x0000000089400000, 0x0000000089400000|100%| E|CS|TAMS 0x0000000089300000, 0x0000000089300000| Complete 
| 104|0x0000000089400000, 0x00000000894919e0, 0x0000000089500000| 56%| S|CS|TAMS 0x0000000089400000, 0x0000000089400000| Complete 
| 105|0x0000000089500000, 0x0000000089600000, 0x0000000089600000|100%| S|CS|TAMS 0x0000000089500000, 0x0000000089500000| Complete 
| 106|0x0000000089600000, 0x0000000089700000, 0x0000000089700000|100%| S|CS|TAMS 0x0000000089600000, 0x0000000089600000| Complete 
| 107|0x0000000089700000, 0x0000000089800000, 0x0000000089800000|100%| E|CS|TAMS 0x0000000089700000, 0x0000000089700000| Complete 
| 108|0x0000000089800000, 0x0000000089900000, 0x0000000089900000|100%| E|CS|TAMS 0x0000000089800000, 0x0000000089800000| Complete 
| 109|0x0000000089900000, 0x0000000089a00000, 0x0000000089a00000|100%| E|CS|TAMS 0x0000000089900000, 0x0000000089900000| Complete 
| 110|0x0000000089a00000, 0x0000000089b00000, 0x0000000089b00000|100%| E|CS|TAMS 0x0000000089a00000, 0x0000000089a00000| Complete 
| 111|0x0000000089b00000, 0x0000000089c00000, 0x0000000089c00000|100%| E|CS|TAMS 0x0000000089b00000, 0x0000000089b00000| Complete 
| 112|0x0000000089c00000, 0x0000000089d00000, 0x0000000089d00000|100%| E|CS|TAMS 0x0000000089c00000, 0x0000000089c00000| Complete 
| 113|0x0000000089d00000, 0x0000000089e00000, 0x0000000089e00000|100%| E|CS|TAMS 0x0000000089d00000, 0x0000000089d00000| Complete 
| 114|0x0000000089e00000, 0x0000000089f00000, 0x0000000089f00000|100%| E|CS|TAMS 0x0000000089e00000, 0x0000000089e00000| Complete 
| 115|0x0000000089f00000, 0x000000008a000000, 0x000000008a000000|100%| E|CS|TAMS 0x0000000089f00000, 0x0000000089f00000| Complete 
| 116|0x000000008a000000, 0x000000008a100000, 0x000000008a100000|100%| E|CS|TAMS 0x000000008a000000, 0x000000008a000000| Complete 
| 117|0x000000008a100000, 0x000000008a200000, 0x000000008a200000|100%| E|CS|TAMS 0x000000008a100000, 0x000000008a100000| Complete 
| 118|0x000000008a200000, 0x000000008a300000, 0x000000008a300000|100%| E|CS|TAMS 0x000000008a200000, 0x000000008a200000| Complete 
| 119|0x000000008a300000, 0x000000008a400000, 0x000000008a400000|100%| E|CS|TAMS 0x000000008a300000, 0x000000008a300000| Complete 
| 120|0x000000008a400000, 0x000000008a500000, 0x000000008a500000|100%| E|CS|TAMS 0x000000008a400000, 0x000000008a400000| Complete 
| 121|0x000000008a500000, 0x000000008a600000, 0x000000008a600000|100%| E|CS|TAMS 0x000000008a500000, 0x000000008a500000| Complete 
| 122|0x000000008a600000, 0x000000008a700000, 0x000000008a700000|100%| E|CS|TAMS 0x000000008a600000, 0x000000008a600000| Complete 
| 123|0x000000008a700000, 0x000000008a800000, 0x000000008a800000|100%| E|CS|TAMS 0x000000008a700000, 0x000000008a700000| Complete 
| 124|0x000000008a800000, 0x000000008a900000, 0x000000008a900000|100%| E|CS|TAMS 0x000000008a800000, 0x000000008a800000| Complete 
| 125|0x000000008a900000, 0x000000008aa00000, 0x000000008aa00000|100%| E|  |TAMS 0x000000008a900000, 0x000000008a900000| Complete 

Card table byte_map: [0x0000022cff470000,0x0000022cff860000] _byte_map_base: 0x0000022cff05a000

Marking Bits (Prev, Next): (CMBitMap*) 0x0000022cfd1ccbd0, (CMBitMap*) 0x0000022cfd1ccc10
 Prev Bits: [0x0000022c96780000, 0x0000022c986d0000)
 Next Bits: [0x0000022c986d0000, 0x0000022c9a620000)

Polling page: 0x0000022cfd270000

Metaspace:

Usage:
  Non-class:     14.74 MB used.
      Class:      2.53 MB used.
       Both:     17.27 MB used.

Virtual space:
  Non-class space:       16.00 MB reserved,      14.81 MB ( 93%) committed,  2 nodes.
      Class space:        1.00 GB reserved,       2.62 MB ( <1%) committed,  1 nodes.
             Both:        1.02 GB reserved,      17.44 MB (  2%) committed. 

Chunk freelists:
   Non-Class:  705.00 KB
       Class:  1.36 MB
        Both:  2.04 MB

MaxMetaspaceSize: unlimited
CompressedClassSpaceSize: 1.00 GB
Initial GC threshold: 21.00 MB
Current GC threshold: 21.00 MB
CDS: on
MetaspaceReclaimPolicy: balanced
 - commit_granule_bytes: 65536.
 - commit_granule_words: 8192.
 - virtual_space_node_default_size: 1048576.
 - enlarge_chunks_in_place: 1.
 - new_chunks_are_fully_committed: 0.
 - uncommit_free_chunks: 1.
 - use_allocation_guard: 0.
 - handle_deallocations: 1.


Internal statistics:

num_allocs_failed_limit: 0.
num_arena_births: 204.
num_arena_deaths: 0.
num_vsnodes_births: 3.
num_vsnodes_deaths: 0.
num_space_committed: 279.
num_space_uncommitted: 0.
num_chunks_returned_to_freelist: 0.
num_chunks_taken_from_freelist: 765.
num_chunk_merges: 0.
num_chunk_splits: 533.
num_chunks_enlarged: 424.
num_purges: 0.
num_inconsistent_stats: 0.

CodeHeap 'non-profiled nmethods': size=120000Kb used=1180Kb max_used=1180Kb free=118819Kb
 bounds [0x0000022c8f250000, 0x0000022c8f4c0000, 0x0000022c96780000]
CodeHeap 'profiled nmethods': size=120000Kb used=5750Kb max_used=5750Kb free=114249Kb
 bounds [0x0000022c87d20000, 0x0000022c882c0000, 0x0000022c8f250000]
CodeHeap 'non-nmethods': size=5760Kb used=1436Kb max_used=1486Kb free=4323Kb
 bounds [0x0000022c87780000, 0x0000022c879f0000, 0x0000022c87d20000]
 total_blobs=3745 nmethods=2947 adapters=710
 compilation: enabled
              stopped_count=0, restarted_count=0
 full_count=0

Compilation events (20 events):
Event: 9.614 Thread 0x0000022c9c886380 nmethod 2943 0x0000022c882ba210 code [0x0000022c882ba3a0, 0x0000022c882ba518]
Event: 9.614 Thread 0x0000022c9c886380 2942       3       java.nio.Buffer::clear (20 bytes)
Event: 9.614 Thread 0x0000022c9c886380 nmethod 2942 0x0000022c882ba610 code [0x0000022c882ba7a0, 0x0000022c882ba8b8]
Event: 9.614 Thread 0x0000022c9c886380 2944       3       java.lang.StackTraceElement::isHashedInJavaBase (31 bytes)
Event: 9.615 Thread 0x0000022c9c886380 nmethod 2944 0x0000022c882ba990 code [0x0000022c882bab80, 0x0000022c882bb098]
Event: 9.615 Thread 0x0000022c9c886380 2945       3       java.lang.Module::getLayer (43 bytes)
Event: 9.615 Thread 0x0000022c9c886380 nmethod 2945 0x0000022c882bb210 code [0x0000022c882bb3e0, 0x0000022c882bb7a8]
Event: 9.617 Thread 0x0000022c9c881000 nmethod 2921 0x0000022c8f374d90 code [0x0000022c8f374f40, 0x0000022c8f375718]
Event: 9.617 Thread 0x0000022c9c881000 2941       4       java.lang.StringBuilder::<init> (7 bytes)
Event: 9.618 Thread 0x0000022c9c881000 nmethod 2941 0x0000022c8f375b10 code [0x0000022c8f375ca0, 0x0000022c8f375e58]
Event: 9.618 Thread 0x0000022c9c881000 2923       4       java.lang.StringConcatHelper::newString (67 bytes)
Event: 9.619 Thread 0x0000022c9c881000 nmethod 2923 0x0000022c8f375f10 code [0x0000022c8f3760a0, 0x0000022c8f376198]
Event: 10.538 Thread 0x0000022c9c886380 2946       3       javafx.scene.Scene::getEffectiveCamera (80 bytes)
Event: 10.542 Thread 0x0000022c9c886380 nmethod 2946 0x0000022c882bb890 code [0x0000022c882bbba0, 0x0000022c882bd258]
Event: 10.555 Thread 0x0000022c9c886380 2947       1       com.sun.javafx.stage.WindowEventDispatcher::getLastDispatcher (5 bytes)
Event: 10.555 Thread 0x0000022c9c886380 nmethod 2947 0x0000022c8f376290 code [0x0000022c8f376420, 0x0000022c8f3764f8]
Event: 86.519 Thread 0x0000022c9c881000 2948       4       com.sun.javafx.tk.quantum.QuantumToolkit::postPulse (133 bytes)
Event: 86.523 Thread 0x0000022c9c881000 nmethod 2948 0x0000022c8f376590 code [0x0000022c8f376740, 0x0000022c8f376958]
Event: 86.855 Thread 0x0000022c9c881000 2949       4       com.sun.javafx.tk.quantum.QuantumToolkit$$Lambda$83/0x0000000800c37050::run (8 bytes)
Event: 86.858 Thread 0x0000022c9c881000 nmethod 2949 0x0000022c8f376b90 code [0x0000022c8f376d40, 0x0000022c8f376fa8]

GC Heap History (4 events):
Event: 0.729 GC heap before
{Heap before GC invocations=0 (full 0):
 garbage-first heap   total 129024K, used 12288K [0x0000000082c00000, 0x0000000100000000)
  region size 1024K, 13 young (13312K), 0 survivors (0K)
 Metaspace       used 2909K, committed 3072K, reserved 1056768K
  class space    used 309K, committed 384K, reserved 1048576K
}
Event: 0.733 GC heap after
{Heap after GC invocations=1 (full 0):
 garbage-first heap   total 129024K, used 1823K [0x0000000082c00000, 0x0000000100000000)
  region size 1024K, 2 young (2048K), 2 survivors (2048K)
 Metaspace       used 2909K, committed 3072K, reserved 1056768K
  class space    used 309K, committed 384K, reserved 1048576K
}
Event: 1.122 GC heap before
{Heap before GC invocations=1 (full 0):
 garbage-first heap   total 129024K, used 19231K [0x0000000082c00000, 0x0000000100000000)
  region size 1024K, 19 young (19456K), 2 survivors (2048K)
 Metaspace       used 8596K, committed 8768K, reserved 1056768K
  class space    used 1079K, committed 1152K, reserved 1048576K
}
Event: 1.127 GC heap after
{Heap after GC invocations=2 (full 0):
 garbage-first heap   total 129024K, used 4357K [0x0000000082c00000, 0x0000000100000000)
  region size 1024K, 3 young (3072K), 3 survivors (3072K)
 Metaspace       used 8596K, committed 8768K, reserved 1056768K
  class space    used 1079K, committed 1152K, reserved 1048576K
}

Deoptimization events (20 events):
Event: 5.815 Thread 0x0000022c9d8f3330 Uncommon trap: trap_request=0xffffffde fr.pc=0x0000022c8f2c3cd8 relative=0x0000000000001b98
Event: 5.815 Thread 0x0000022c9d8f3330 Uncommon trap: reason=class_check action=maybe_recompile pc=0x0000022c8f2c3cd8 method=java.util.zip.InflaterInputStream.read([BII)I @ 100 c2
Event: 5.815 Thread 0x0000022c9d8f3330 DEOPT PACKING pc=0x0000022c8f2c3cd8 sp=0x000000feef1f78d0
Event: 5.815 Thread 0x0000022c9d8f3330 DEOPT UNPACKING pc=0x0000022c877d23a3 sp=0x000000feef1f7920 mode 2
Event: 5.816 Thread 0x0000022c9d8f3330 Uncommon trap: trap_request=0xffffffde fr.pc=0x0000022c8f2c3cd8 relative=0x0000000000001b98
Event: 5.816 Thread 0x0000022c9d8f3330 Uncommon trap: reason=class_check action=maybe_recompile pc=0x0000022c8f2c3cd8 method=java.util.zip.InflaterInputStream.read([BII)I @ 100 c2
Event: 5.816 Thread 0x0000022c9d8f3330 DEOPT PACKING pc=0x0000022c8f2c3cd8 sp=0x000000feef1f7780
Event: 5.816 Thread 0x0000022c9d8f3330 DEOPT UNPACKING pc=0x0000022c877d23a3 sp=0x000000feef1f77d0 mode 2
Event: 5.816 Thread 0x0000022c9d8f3330 Uncommon trap: trap_request=0xffffffde fr.pc=0x0000022c8f2c3cd8 relative=0x0000000000001b98
Event: 5.816 Thread 0x0000022c9d8f3330 Uncommon trap: reason=class_check action=maybe_recompile pc=0x0000022c8f2c3cd8 method=java.util.zip.InflaterInputStream.read([BII)I @ 100 c2
Event: 5.816 Thread 0x0000022c9d8f3330 DEOPT PACKING pc=0x0000022c8f2c3cd8 sp=0x000000feef1f7780
Event: 5.816 Thread 0x0000022c9d8f3330 DEOPT UNPACKING pc=0x0000022c877d23a3 sp=0x000000feef1f77d0 mode 2
Event: 5.816 Thread 0x0000022c9d8f3330 Uncommon trap: trap_request=0xffffffde fr.pc=0x0000022c8f2c3cd8 relative=0x0000000000001b98
Event: 5.816 Thread 0x0000022c9d8f3330 Uncommon trap: reason=class_check action=maybe_recompile pc=0x0000022c8f2c3cd8 method=java.util.zip.InflaterInputStream.read([BII)I @ 100 c2
Event: 5.816 Thread 0x0000022c9d8f3330 DEOPT PACKING pc=0x0000022c8f2c3cd8 sp=0x000000feef1f7780
Event: 5.816 Thread 0x0000022c9d8f3330 DEOPT UNPACKING pc=0x0000022c877d23a3 sp=0x000000feef1f77d0 mode 2
Event: 5.832 Thread 0x0000022c9d8f3330 Uncommon trap: trap_request=0xffffff45 fr.pc=0x0000022c8f2ca8dc relative=0x000000000000005c
Event: 5.832 Thread 0x0000022c9d8f3330 Uncommon trap: reason=unstable_if action=reinterpret pc=0x0000022c8f2ca8dc method=java.util.Objects.equals(Ljava/lang/Object;Ljava/lang/Object;)Z @ 6 c2
Event: 5.832 Thread 0x0000022c9d8f3330 DEOPT PACKING pc=0x0000022c8f2ca8dc sp=0x000000feef1f7eb0
Event: 5.832 Thread 0x0000022c9d8f3330 DEOPT UNPACKING pc=0x0000022c877d23a3 sp=0x000000feef1f7e50 mode 2

Classes unloaded (0 events):
No events

Classes redefined (0 events):
No events

Internal exceptions (20 events):
Event: 1.281 Thread 0x0000022c9d8f3330 Exception <a 'sun/nio/fs/WindowsException'{0x000000008a2ec918}> (0x000000008a2ec918) 
thrown [t:\workspace\open\src\hotspot\share\prims\jni.cpp, line 516]
Event: 1.300 Thread 0x0000022c9d8f3330 Implicit null exception at 0x0000022c8f26a758 to 0x0000022c8f26a7ee
Event: 1.338 Thread 0x0000022c9d8f3330 Implicit null exception at 0x0000022c8f2acb0a to 0x0000022c8f2ad0b8
Event: 1.344 Thread 0x0000022c9d8f3330 Implicit null exception at 0x0000022c8f2a918c to 0x0000022c8f2a95b8
Event: 1.344 Thread 0x0000022c9d8f3330 Implicit null exception at 0x0000022c8f26a40f to 0x0000022c8f26a489
Event: 1.505 Thread 0x0000022c9d8f3330 Exception <a 'java/lang/NoSuchMethodError'{0x0000000089b80ce8}: 'java.lang.Object java.lang.invoke.DirectMethodHandle$Holder.invokeInterface(java.lang.Object, java.lang.Object, java.lang.Object)'> (0x0000000089b80ce8) 
thrown [t:\workspace\open\src\hotspot\share\interpreter\linkResolver.cpp, line 766]
Event: 1.506 Thread 0x0000022c9d8f3330 Exception <a 'java/lang/IncompatibleClassChangeError'{0x0000000089b84670}: Found class java.lang.Object, but interface was expected> (0x0000000089b84670) 
thrown [t:\workspace\open\src\hotspot\share\interpreter\linkResolver.cpp, line 833]
Event: 1.571 Thread 0x0000022c9d8f3330 Exception <a 'java/lang/ClassNotFoundException'{0x00000000899a34f0}: com/sun/javafx/scene/control/skin/resources/controls> (0x00000000899a34f0) 
thrown [t:\workspace\open\src\hotspot\share\prims\jni.cpp, line 535]
Event: 1.574 Thread 0x0000022c9d8f3330 Exception <a 'java/lang/ClassNotFoundException'{0x00000000899b1490}: com/sun/javafx/scene/control/skin/resources/controls_es> (0x00000000899b1490) 
thrown [t:\workspace\open\src\hotspot\share\prims\jni.cpp, line 535]
Event: 1.577 Thread 0x0000022c9d8f3330 Exception <a 'java/lang/ClassNotFoundException'{0x00000000899bf0f0}: com/sun/javafx/scene/control/skin/resources/controls_es_UY> (0x00000000899bf0f0) 
thrown [t:\workspace\open\src\hotspot\share\prims\jni.cpp, line 535]
Event: 1.778 Thread 0x0000022c9d8f3330 Exception <a 'java/lang/NoSuchMethodError'{0x0000000088f6a9a8}: 'void java.lang.invoke.DirectMethodHandle$Holder.invokeSpecial(java.lang.Object, java.lang.Object, java.lang.Object, java.lang.Object, java.lang.Object, java.lang.Object)'> (0x0000000088f6a9a8) 
thrown [t:\workspace\open\src\hotspot\share\interpreter\linkResolver.cpp, line 766]
Event: 1.925 Thread 0x0000022c9d8f3330 Exception <a 'java/lang/NoSuchMethodError'{0x0000000088b7cf38}: 'java.lang.Object java.lang.invoke.DirectMethodHandle$Holder.newInvokeSpecial(java.lang.Object, java.lang.Object, int)'> (0x0000000088b7cf38) 
thrown [t:\workspace\open\src\hotspot\share\interpreter\linkResolver.cpp, line 766]
Event: 1.982 Thread 0x0000022c9e45db10 Exception <a 'java/lang/NoSuchMethodError'{0x0000000088ad84d8}: 'int java.lang.invoke.DirectMethodHandle$Holder.invokeStaticInit(java.lang.Object, java.lang.Object)'> (0x0000000088ad84d8) 
thrown [t:\workspace\open\src\hotspot\share\interpreter\linkResolver.cpp, line 766]
Event: 3.209 Thread 0x0000022c9d8f3330 Exception <a 'java/lang/NoSuchMethodError'{0x00000000886b8e50}: 'long java.lang.invoke.DirectMethodHandle$Holder.invokeStatic(java.lang.Object, java.lang.Object, java.lang.Object)'> (0x00000000886b8e50) 
thrown [t:\workspace\open\src\hotspot\share\interpreter\linkResolver.cpp, line 766]
Event: 3.209 Thread 0x0000022c9d8f3330 Exception <a 'java/lang/NoSuchMethodError'{0x00000000886bc5f8}: 'long java.lang.invoke.DirectMethodHandle$Holder.invokeStaticInit(java.lang.Object, java.lang.Object, java.lang.Object)'> (0x00000000886bc5f8) 
thrown [t:\workspace\open\src\hotspot\share\interpreter\linkResolver.cpp, line 766]
Event: 3.211 Thread 0x0000022c9d8f3330 Exception <a 'java/lang/NoSuchMethodError'{0x00000000886d4200}: 'java.lang.Object java.lang.invoke.DirectMethodHandle$Holder.newInvokeSpecial(java.lang.Object, java.lang.Object, long)'> (0x00000000886d4200) 
thrown [t:\workspace\open\src\hotspot\share\interpreter\linkResolver.cpp, line 766]
Event: 3.211 Thread 0x0000022c9d8f3330 Exception <a 'java/lang/NoSuchMethodError'{0x00000000886d7d70}: 'java.lang.Object java.lang.invoke.Invokers$Holder.linkToTargetMethod(java.lang.Object, long, java.lang.Object)'> (0x00000000886d7d70) 
thrown [t:\workspace\open\src\hotspot\share\interpreter\linkResolver.cpp, line 766]
Event: 3.255 Thread 0x0000022c9d8f3330 Exception <a 'sun/nio/fs/WindowsException'{0x00000000886fd310}> (0x00000000886fd310) 
thrown [t:\workspace\open\src\hotspot\share\prims\jni.cpp, line 516]
Event: 9.608 Thread 0x0000022c9d8f3330 Exception <a 'java/lang/ClassCastException'{0x0000000087eeba98}: class com.example.demo2.controladorCreacionPreguntas cannot be cast to class com.example.demo2.controladorvistaagregar (com.example.demo2.controladorCreacionPreguntas and com.example.demo2.controladorvistaagregar are in module com.example.demo2 of loader 'app')> (0x0000000087eeba98) 
thrown [t:\workspace\open\src\hotspot\share\interpreter\interpreterRuntime.cpp, line 444]
Event: 9.608 Thread 0x0000022c9d8f3330 Exception <a 'java/lang/reflect/InvocationTargetException'{0x0000000087eecab0}> (0x0000000087eecab0) 
thrown [t:\workspace\open\src\hotspot\share\runtime\reflection.cpp, line 1121]

VM Operations (20 events):
Event: 1.665 Executing VM operation: ICBufferFull done
Event: 1.920 Executing VM operation: ICBufferFull
Event: 1.920 Executing VM operation: ICBufferFull done
Event: 3.359 Executing VM operation: ICBufferFull
Event: 3.360 Executing VM operation: ICBufferFull done
Event: 4.360 Executing VM operation: Cleanup
Event: 4.360 Executing VM operation: Cleanup done
Event: 5.809 Executing VM operation: HandshakeAllThreads
Event: 5.809 Executing VM operation: HandshakeAllThreads done
Event: 5.809 Executing VM operation: Cleanup
Event: 5.809 Executing VM operation: Cleanup done
Event: 7.809 Executing VM operation: Cleanup
Event: 7.809 Executing VM operation: Cleanup done
Event: 8.809 Executing VM operation: Cleanup
Event: 8.810 Executing VM operation: Cleanup done
Event: 9.810 Executing VM operation: Cleanup
Event: 9.810 Executing VM operation: Cleanup done
Event: 11.810 Executing VM operation: Cleanup
Event: 11.811 Executing VM operation: Cleanup done
Event: 87.445 Executing VM operation: Exit

Events (20 events):
Event: 4.308 loading class sun/text/SupplementaryCharacterData done
Event: 4.308 loading class java/text/BreakIterator$BreakIteratorCache
Event: 4.308 loading class java/text/BreakIterator$BreakIteratorCache done
Event: 5.811 loading class java/io/SequenceInputStream
Event: 5.811 loading class java/io/SequenceInputStream done
Event: 5.814 loading class java/util/Vector$1
Event: 5.814 loading class java/util/Vector$1 done
Event: 7.017 Thread 0x0000022c9c888c00 Thread added: 0x0000022c9c888c00
Event: 7.914 Thread 0x0000022c9c888c00 Thread exited: 0x0000022c9c888c00
Event: 9.608 loading class java/lang/Throwable$WrappedPrintStream
Event: 9.608 loading class java/lang/Throwable$PrintStreamOrWriter
Event: 9.608 loading class java/lang/Throwable$PrintStreamOrWriter done
Event: 9.608 loading class java/lang/Throwable$WrappedPrintStream done
Event: 87.442 loading class jdk/internal/misc/Signal$1
Event: 87.442 loading class jdk/internal/misc/Signal$1 done
Event: 87.442 Thread 0x0000022c9de74fc0 Thread added: 0x0000022c9de74fc0
Event: 87.443 Thread 0x0000022c9de75e30 Thread added: 0x0000022c9de75e30
Event: 87.443 Thread 0x0000022c9de76300 Thread added: 0x0000022c9de76300
Event: 87.444 Thread 0x0000022c9de75e30 Thread exited: 0x0000022c9de75e30
Event: 87.445 Thread 0x0000022c9de76300 Thread exited: 0x0000022c9de76300


Dynamic libraries:
0x00007ff7a02c0000 - 0x00007ff7a02d0000 	C:\Program Files\Java\jdk-17.0.2\bin\java.exe
0x00007ffdef9b0000 - 0x00007ffdefba8000 	C:\Windows\SYSTEM32\ntdll.dll
0x00007ffdeeb70000 - 0x00007ffdeec2d000 	C:\Windows\System32\KERNEL32.DLL
0x00007ffded300000 - 0x00007ffded5d3000 	C:\Windows\System32\KERNELBASE.dll
0x00007ffded6c0000 - 0x00007ffded7c0000 	C:\Windows\System32\ucrtbase.dll
0x00007ffddd160000 - 0x00007ffddd17a000 	C:\Program Files\Java\jdk-17.0.2\bin\VCRUNTIME140.dll
0x00007ffdd87f0000 - 0x00007ffdd8808000 	C:\Program Files\Java\jdk-17.0.2\bin\jli.dll
0x00007ffdef690000 - 0x00007ffdef73e000 	C:\Windows\System32\ADVAPI32.dll
0x00007ffdef8d0000 - 0x00007ffdef96e000 	C:\Windows\System32\msvcrt.dll
0x00007ffdeda70000 - 0x00007ffdedb0c000 	C:\Windows\System32\sechost.dll
0x00007ffdef7a0000 - 0x00007ffdef8c5000 	C:\Windows\System32\RPCRT4.dll
0x00007ffdef300000 - 0x00007ffdef49e000 	C:\Windows\System32\USER32.dll
0x00007ffded2d0000 - 0x00007ffded2f2000 	C:\Windows\System32\win32u.dll
0x00007ffdef770000 - 0x00007ffdef79c000 	C:\Windows\System32\GDI32.dll
0x00007ffded860000 - 0x00007ffded974000 	C:\Windows\System32\gdi32full.dll
0x00007ffded7c0000 - 0x00007ffded85d000 	C:\Windows\System32\msvcp_win.dll
0x00007ffddbe80000 - 0x00007ffddc11a000 	C:\Windows\WinSxS\amd64_microsoft.windows.common-controls_6595b64144ccf1df_6.0.19041.1110_none_60b5254171f9507e\COMCTL32.dll
0x00007ffddc720000 - 0x00007ffddc72a000 	C:\Windows\SYSTEM32\VERSION.dll
0x00007ffdef740000 - 0x00007ffdef770000 	C:\Windows\System32\IMM32.DLL
0x00007ffde1c60000 - 0x00007ffde1c6c000 	C:\Program Files\Java\jdk-17.0.2\bin\vcruntime140_1.dll
0x00007ffdce070000 - 0x00007ffdce0fd000 	C:\Program Files\Java\jdk-17.0.2\bin\msvcp140.dll
0x00007ffda8da0000 - 0x00007ffda9961000 	C:\Program Files\Java\jdk-17.0.2\bin\server\jvm.dll
0x00007ffdee1d0000 - 0x00007ffdee1d8000 	C:\Windows\System32\PSAPI.DLL
0x00007ffde7b10000 - 0x00007ffde7b19000 	C:\Windows\SYSTEM32\WSOCK32.dll
0x00007ffdd9df0000 - 0x00007ffdd9e17000 	C:\Windows\SYSTEM32\WINMM.dll
0x00007ffdeecc0000 - 0x00007ffdeed2b000 	C:\Windows\System32\WS2_32.dll
0x00007ffdeaf90000 - 0x00007ffdeafa2000 	C:\Windows\SYSTEM32\kernel.appcore.dll
0x00007ffde0730000 - 0x00007ffde073a000 	C:\Program Files\Java\jdk-17.0.2\bin\jimage.dll
0x00007ffdd3bf0000 - 0x00007ffdd3dd4000 	C:\Windows\SYSTEM32\DBGHELP.DLL
0x00007ffdd3aa0000 - 0x00007ffdd3acc000 	C:\Windows\SYSTEM32\dbgcore.DLL
0x00007ffded980000 - 0x00007ffdeda02000 	C:\Windows\System32\bcryptPrimitives.dll
0x00007ffde7430000 - 0x00007ffde743e000 	C:\Program Files\Java\jdk-17.0.2\bin\instrument.dll
0x00007ffdd59e0000 - 0x00007ffdd5a05000 	C:\Program Files\Java\jdk-17.0.2\bin\java.dll
0x00007ffdc93c0000 - 0x00007ffdc9496000 	C:\Program Files\Java\jdk-17.0.2\bin\jsvml.dll
0x00007ffdee420000 - 0x00007ffdeeb63000 	C:\Windows\System32\SHELL32.dll
0x00007ffdeb190000 - 0x00007ffdeb924000 	C:\Windows\SYSTEM32\windows.storage.dll
0x00007ffdedcc0000 - 0x00007ffdee014000 	C:\Windows\System32\combase.dll
0x00007ffdecaa0000 - 0x00007ffdecad0000 	C:\Windows\SYSTEM32\Wldp.dll
0x00007ffdef500000 - 0x00007ffdef5ad000 	C:\Windows\System32\SHCORE.dll
0x00007ffdef4a0000 - 0x00007ffdef4f5000 	C:\Windows\System32\shlwapi.dll
0x00007ffdecff0000 - 0x00007ffded00f000 	C:\Windows\SYSTEM32\profapi.dll
0x00007ffdd7db0000 - 0x00007ffdd7dc9000 	C:\Program Files\Java\jdk-17.0.2\bin\net.dll
0x00007ffde0da0000 - 0x00007ffde0ead000 	C:\Windows\SYSTEM32\WINHTTP.dll
0x00007ffdec800000 - 0x00007ffdec86a000 	C:\Windows\system32\mswsock.dll
0x00007ffdd75e0000 - 0x00007ffdd75f6000 	C:\Program Files\Java\jdk-17.0.2\bin\nio.dll
0x00007ffdd5e80000 - 0x00007ffdd5e98000 	C:\Program Files\Java\jdk-17.0.2\bin\zip.dll
0x00007ffdd5e40000 - 0x00007ffdd5e5a000 	C:\Program Files\JetBrains\IntelliJ IDEA 2022.1.3\bin\breakgen64.dll
0x0000022c9ca70000 - 0x0000022c9ca73000 	C:\Users\Andres\.openjfx\cache\17.0.1\api-ms-win-core-console-l1-1-0.dll
0x0000022c9ca80000 - 0x0000022c9ca83000 	C:\Users\Andres\.openjfx\cache\17.0.1\api-ms-win-core-console-l1-2-0.dll
0x0000022c9ca90000 - 0x0000022c9ca93000 	C:\Users\Andres\.openjfx\cache\17.0.1\api-ms-win-core-datetime-l1-1-0.dll
0x0000022c9caa0000 - 0x0000022c9caa3000 	C:\Users\Andres\.openjfx\cache\17.0.1\api-ms-win-core-debug-l1-1-0.dll
0x0000022c9cab0000 - 0x0000022c9cab3000 	C:\Users\Andres\.openjfx\cache\17.0.1\api-ms-win-core-errorhandling-l1-1-0.dll
0x0000022c9cac0000 - 0x0000022c9cac4000 	C:\Users\Andres\.openjfx\cache\17.0.1\api-ms-win-core-file-l1-1-0.dll
0x0000022c9cad0000 - 0x0000022c9cad3000 	C:\Users\Andres\.openjfx\cache\17.0.1\api-ms-win-core-file-l1-2-0.dll
0x0000022c9cae0000 - 0x0000022c9cae3000 	C:\Users\Andres\.openjfx\cache\17.0.1\api-ms-win-core-file-l2-1-0.dll
0x0000022c9caf0000 - 0x0000022c9caf3000 	C:\Users\Andres\.openjfx\cache\17.0.1\api-ms-win-core-handle-l1-1-0.dll
0x0000022c9cb00000 - 0x0000022c9cb03000 	C:\Users\Andres\.openjfx\cache\17.0.1\api-ms-win-core-heap-l1-1-0.dll
0x0000022c9cb10000 - 0x0000022c9cb13000 	C:\Users\Andres\.openjfx\cache\17.0.1\api-ms-win-core-interlocked-l1-1-0.dll
0x0000022c9cb20000 - 0x0000022c9cb23000 	C:\Users\Andres\.openjfx\cache\17.0.1\api-ms-win-core-libraryloader-l1-1-0.dll
0x0000022c9cb30000 - 0x0000022c9cb33000 	C:\Users\Andres\.openjfx\cache\17.0.1\api-ms-win-core-localization-l1-2-0.dll
0x0000022c9cb40000 - 0x0000022c9cb43000 	C:\Users\Andres\.openjfx\cache\17.0.1\api-ms-win-core-memory-l1-1-0.dll
0x0000022c9cb50000 - 0x0000022c9cb53000 	C:\Users\Andres\.openjfx\cache\17.0.1\api-ms-win-core-namedpipe-l1-1-0.dll
0x0000022c9cb60000 - 0x0000022c9cb63000 	C:\Users\Andres\.openjfx\cache\17.0.1\api-ms-win-core-processenvironment-l1-1-0.dll
0x0000022c9cb70000 - 0x0000022c9cb73000 	C:\Users\Andres\.openjfx\cache\17.0.1\api-ms-win-core-processthreads-l1-1-0.dll
0x0000022c9cb80000 - 0x0000022c9cb83000 	C:\Users\Andres\.openjfx\cache\17.0.1\api-ms-win-core-processthreads-l1-1-1.dll
0x0000022c9cb90000 - 0x0000022c9cb93000 	C:\Users\Andres\.openjfx\cache\17.0.1\api-ms-win-core-profile-l1-1-0.dll
0x0000022c9cba0000 - 0x0000022c9cba3000 	C:\Users\Andres\.openjfx\cache\17.0.1\api-ms-win-core-rtlsupport-l1-1-0.dll
0x0000022c9cbb0000 - 0x0000022c9cbb3000 	C:\Users\Andres\.openjfx\cache\17.0.1\api-ms-win-core-string-l1-1-0.dll
0x0000022c9cbc0000 - 0x0000022c9cbc3000 	C:\Users\Andres\.openjfx\cache\17.0.1\api-ms-win-core-synch-l1-1-0.dll
0x0000022c9cbd0000 - 0x0000022c9cbd3000 	C:\Users\Andres\.openjfx\cache\17.0.1\api-ms-win-core-synch-l1-2-0.dll
0x0000022c9cbe0000 - 0x0000022c9cbe3000 	C:\Users\Andres\.openjfx\cache\17.0.1\api-ms-win-core-sysinfo-l1-1-0.dll
0x0000022c9cbf0000 - 0x0000022c9cbf3000 	C:\Users\Andres\.openjfx\cache\17.0.1\api-ms-win-core-timezone-l1-1-0.dll
0x0000022c9f210000 - 0x0000022c9f213000 	C:\Users\Andres\.openjfx\cache\17.0.1\api-ms-win-core-util-l1-1-0.dll
0x0000022c9f0f0000 - 0x0000022c9f0f3000 	C:\Users\Andres\.openjfx\cache\17.0.1\api-ms-win-crt-conio-l1-1-0.dll
0x0000022c9f100000 - 0x0000022c9f104000 	C:\Users\Andres\.openjfx\cache\17.0.1\api-ms-win-crt-convert-l1-1-0.dll
0x0000022c9f110000 - 0x0000022c9f113000 	C:\Users\Andres\.openjfx\cache\17.0.1\api-ms-win-crt-environment-l1-1-0.dll
0x0000022c9f120000 - 0x0000022c9f123000 	C:\Users\Andres\.openjfx\cache\17.0.1\api-ms-win-crt-filesystem-l1-1-0.dll
0x0000022c9f130000 - 0x0000022c9f133000 	C:\Users\Andres\.openjfx\cache\17.0.1\api-ms-win-crt-heap-l1-1-0.dll
0x0000022c9f140000 - 0x0000022c9f143000 	C:\Users\Andres\.openjfx\cache\17.0.1\api-ms-win-crt-locale-l1-1-0.dll
0x0000022c9f150000 - 0x0000022c9f155000 	C:\Users\Andres\.openjfx\cache\17.0.1\api-ms-win-crt-math-l1-1-0.dll
0x0000022c9f160000 - 0x0000022c9f165000 	C:\Users\Andres\.openjfx\cache\17.0.1\api-ms-win-crt-multibyte-l1-1-0.dll
0x0000022c9f170000 - 0x0000022c9f180000 	C:\Users\Andres\.openjfx\cache\17.0.1\api-ms-win-crt-private-l1-1-0.dll
0x0000022c9efd0000 - 0x0000022c9efd3000 	C:\Users\Andres\.openjfx\cache\17.0.1\api-ms-win-crt-process-l1-1-0.dll
0x0000022c9efe0000 - 0x0000022c9efe4000 	C:\Users\Andres\.openjfx\cache\17.0.1\api-ms-win-crt-runtime-l1-1-0.dll
0x0000022c9eff0000 - 0x0000022c9eff4000 	C:\Users\Andres\.openjfx\cache\17.0.1\api-ms-win-crt-stdio-l1-1-0.dll
0x0000022c9f000000 - 0x0000022c9f004000 	C:\Users\Andres\.openjfx\cache\17.0.1\api-ms-win-crt-string-l1-1-0.dll
0x0000022c9f010000 - 0x0000022c9f013000 	C:\Users\Andres\.openjfx\cache\17.0.1\api-ms-win-crt-time-l1-1-0.dll
0x0000022c9f020000 - 0x0000022c9f023000 	C:\Users\Andres\.openjfx\cache\17.0.1\api-ms-win-crt-utility-l1-1-0.dll
0x00007ffdc92c0000 - 0x00007ffdc93bc000 	C:\Users\Andres\.openjfx\cache\17.0.1\ucrtbase.dll
0x00007ffdd5db0000 - 0x00007ffdd5dca000 	C:\Users\Andres\.openjfx\cache\17.0.1\vcruntime140.dll
0x00007ffdd87e0000 - 0x00007ffdd87ec000 	C:\Users\Andres\.openjfx\cache\17.0.1\vcruntime140_1.dll
0x00007ffdcc790000 - 0x00007ffdcc81d000 	C:\Users\Andres\.openjfx\cache\17.0.1\msvcp140.dll
0x00007ffdd5d80000 - 0x00007ffdd5daa000 	C:\Users\Andres\.openjfx\cache\17.0.1\prism_d3d.dll
0x00007ffdc8f10000 - 0x00007ffdc90df000 	C:\Windows\system32\d3d9.dll
0x00007ffdeaba0000 - 0x00007ffdeabcf000 	C:\Windows\SYSTEM32\dwmapi.dll
0x00007ffdeaab0000 - 0x00007ffdeab4e000 	C:\Windows\system32\uxtheme.dll
0x00007ffdb6c00000 - 0x00007ffdb913d000 	C:\Windows\SYSTEM32\igdumdim64.dll
0x00007ffdef1d0000 - 0x00007ffdef29d000 	C:\Windows\System32\OLEAUT32.dll
0x00007ffdedb90000 - 0x00007ffdedcba000 	C:\Windows\System32\ole32.dll
0x00007ffdeed40000 - 0x00007ffdef1af000 	C:\Windows\System32\SETUPAPI.dll
0x00007ffded0b0000 - 0x00007ffded0fe000 	C:\Windows\System32\cfgmgr32.dll
0x00007ffded690000 - 0x00007ffded6b7000 	C:\Windows\System32\bcrypt.dll
0x00007ffdcc260000 - 0x00007ffdcc2a2000 	C:\Users\Andres\.openjfx\cache\17.0.1\glass.dll
0x00007ffdef5b0000 - 0x00007ffdef68a000 	C:\Windows\System32\COMDLG32.dll
0x00007ffdee2f0000 - 0x00007ffdee405000 	C:\Windows\System32\MSCTF.dll
0x00007ffde2b50000 - 0x00007ffde358f000 	C:\Windows\SYSTEM32\igdusc64.dll
0x00007ffde9940000 - 0x00007ffde997b000 	C:\Windows\SYSTEM32\dxcore.dll
0x00007ffdd5d60000 - 0x00007ffdd5d74000 	C:\Users\Andres\.openjfx\cache\17.0.1\javafx_font.dll
0x00007ffde5f00000 - 0x00007ffde617f000 	C:\Windows\SYSTEM32\dwrite.dll
0x00007ffdee1e0000 - 0x00007ffdee28f000 	C:\Windows\System32\clbcatq.dll
0x00007ffde5d20000 - 0x00007ffde5ed4000 	C:\Windows\SYSTEM32\WindowsCodecs.dll
0x00007ffdd7960000 - 0x00007ffdd799e000 	C:\Windows\system32\dataexchange.dll
0x00007ffde96d0000 - 0x00007ffde98b3000 	C:\Windows\system32\dcomp.dll
0x00007ffde84d0000 - 0x00007ffde8733000 	C:\Windows\system32\d3d11.dll
0x00007ffdeb970000 - 0x00007ffdeba63000 	C:\Windows\system32\dxgi.dll
0x00007ffde6e50000 - 0x00007ffde7050000 	C:\Windows\system32\twinapi.appcore.dll
0x00007ffdd50c0000 - 0x00007ffdd50f4000 	C:\Program Files\Common Files\Microsoft Shared\Ink\rtscom.dll
0x00007ffde9460000 - 0x00007ffde9559000 	C:\Windows\SYSTEM32\textinputframework.dll
0x00007ffde9560000 - 0x00007ffde9652000 	C:\Windows\System32\CoreMessaging.dll
0x00007ffde9100000 - 0x00007ffde945e000 	C:\Windows\System32\CoreUIComponents.dll
0x00007ffdec1d0000 - 0x00007ffdec203000 	C:\Windows\SYSTEM32\ntmarta.dll
0x00007ffde9f60000 - 0x00007ffdea0b4000 	C:\Windows\SYSTEM32\wintypes.dll

dbghelp: loaded successfully - version: 4.0.5 - missing functions: none
symbol engine: initialized successfully - sym options: 0x614 - pdb path: .;C:\Program Files\Java\jdk-17.0.2\bin;C:\Windows\SYSTEM32;C:\Windows\WinSxS\amd64_microsoft.windows.common-controls_6595b64144ccf1df_6.0.19041.1110_none_60b5254171f9507e;C:\Program Files\Java\jdk-17.0.2\bin\server;C:\Program Files\JetBrains\IntelliJ IDEA 2022.1.3\bin;C:\Users\Andres\.openjfx\cache\17.0.1;C:\Program Files\Common Files\Microsoft Shared\Ink

VM Arguments:
jvm_args: -javaagent:C:\Program Files\JetBrains\IntelliJ IDEA 2022.1.3\lib\idea_rt.jar=54418:C:\Program Files\JetBrains\IntelliJ IDEA 2022.1.3\bin -Dfile.encoding=UTF-8 --module-path=C:\Users\Andres\.m2\repository\org\openjfx\javafx-base\17.0.1\javafx-base-17.0.1-win.jar;C:\Users\Andres\.m2\repository\org\openjfx\javafx-controls\17.0.1\javafx-controls-17.0.1-win.jar;C:\Users\Andres\.m2\repository\org\openjfx\javafx-graphics\17.0.1\javafx-graphics-17.0.1-win.jar;C:\Users\Andres\.m2\repository\org\openjfx\javafx-fxml\17.0.1\javafx-fxml-17.0.1-win.jar;C:\Users\Andres\IdeaProjects\demo2\target\classes -Djdk.module.main=com.example.demo2 
java_command: com.example.demo2/com.example.demo2.HelloApplication
java_class_path (initial): C:\Users\Andres\.m2\repository\org\openjfx\javafx-controls\17.0.1\javafx-controls-17.0.1.jar;C:\Users\Andres\.m2\repository\org\openjfx\javafx-graphics\17.0.1\javafx-graphics-17.0.1.jar;C:\Users\Andres\.m2\repository\org\openjfx\javafx-base\17.0.1\javafx-base-17.0.1.jar;C:\Users\Andres\.m2\repository\org\openjfx\javafx-fxml\17.0.1\javafx-fxml-17.0.1.jar
Launcher Type: SUN_STANDARD

[Global flags]
     intx CICompilerCount                          = 3                                         {product} {ergonomic}
     uint ConcGCThreads                            = 1                                         {product} {ergonomic}
     uint G1ConcRefinementThreads                  = 4                                         {product} {ergonomic}
   size_t G1HeapRegionSize                         = 1048576                                   {product} {ergonomic}
    uintx GCDrainStackTargetSize                   = 64                                        {product} {ergonomic}
   size_t InitialHeapSize                          = 132120576                                 {product} {ergonomic}
   size_t MarkStackSize                            = 4194304                                   {product} {ergonomic}
   size_t MaxHeapSize                              = 2101346304                                {product} {ergonomic}
   size_t MaxNewSize                               = 1260388352                                {product} {ergonomic}
   size_t MinHeapDeltaBytes                        = 1048576                                   {product} {ergonomic}
   size_t MinHeapSize                              = 8388608                                   {product} {ergonomic}
    uintx NonNMethodCodeHeapSize                   = 5832780                                {pd product} {ergonomic}
    uintx NonProfiledCodeHeapSize                  = 122912730                              {pd product} {ergonomic}
    uintx ProfiledCodeHeapSize                     = 122912730                              {pd product} {ergonomic}
    uintx ReservedCodeCacheSize                    = 251658240                              {pd product} {ergonomic}
     bool SegmentedCodeCache                       = true                                      {product} {ergonomic}
   size_t SoftMaxHeapSize                          = 2101346304                             {manageable} {ergonomic}
     bool UseCompressedClassPointers               = true                           {product lp64_product} {ergonomic}
     bool UseCompressedOops                        = true                           {product lp64_product} {ergonomic}
     bool UseG1GC                                  = true                                      {product} {ergonomic}
     bool UseLargePagesIndividualAllocation        = false                                  {pd product} {ergonomic}

Logging:
Log output configuration:
 #0: stdout all=off uptime,level,tags
 #1: stderr all=off uptime,level,tags

Environment Variables:
PATH=C:\Program Files\Common Files\Oracle\Java\javapath;C:\Program Files (x86)\Common Files\Oracle\Java\javapath;C:\watcom-1.3\binnt;C:\watcom-1.3\binw;C:\Windows\system32;C:\Windows;C:\Windows\System32\Wbem;C:\Windows\System32\WindowsPowerShell\v1.0\;C:\Windows\System32\OpenSSH\;C:\Program Files\Git\cmd;C:\Users\Andres\AppData\Local\Microsoft\WindowsApps;C:\Users\Andres\AppData\Local\Programs\Microsoft VS Code\bin;C++ Compiler: C:\Program Files (x86)\Dev-Cpp\MinGW64\bin\g++.exe;
USERNAME=Andres
OS=Windows_NT
PROCESSOR_IDENTIFIER=Intel64 Family 6 Model 60 Stepping 3, GenuineIntel



---------------  S Y S T E M  ---------------

OS:
 Windows 10 , 64 bit Build 19041 (10.0.19041.1889)
OS uptime: 1 days 1:51 hours

CPU: total 4 (initial active 4) (2 cores per cpu, 2 threads per core) family 6 model 60 stepping 3 microcode 0x27, cx8, cmov, fxsr, ht, mmx, sse, sse2, sse3, ssse3, sse4.1, sse4.2, popcnt, lzcnt, tsc, tscinvbit, avx, avx2, aes, erms, clmul, bmi1, bmi2, fma, vzeroupper, clflush

Memory: 4k page, system-wide physical 8009M (1566M free)
TotalPageFile size 9843M (AvailPageFile size 1410M)
current process WorkingSet (physical memory assigned to process): 150M, peak: 183M
current process commit charge ("private bytes"): 277M, peak: 315M

vm_info: Java HotSpot(TM) 64-Bit Server VM (17.0.2+8-LTS-86) for windows-amd64 JRE (17.0.2+8-LTS-86), built on Dec  7 2021 21:51:03 by "mach5one" with MS VC++ 16.8 / 16.9 (VS2019)

END.
