#
# A fatal error has been detected by the Java Runtime Environment:
#
#  EXCEPTION_ACCESS_VIOLATION (0xc0000005) at pc=0x00007ffdcc286a87, pid=2872, tid=9448
#
# JRE version: Java(TM) SE Runtime Environment (17.0.2+8) (build 17.0.2+8-LTS-86)
# Java VM: Java HotSpot(TM) 64-Bit Server VM (17.0.2+8-LTS-86, mixed mode, sharing, tiered, compressed oops, compressed class ptrs, g1 gc, windows-amd64)
# Problematic frame:
# C  [glass.dll+0x26a87]
#
# No core dump will be written. Minidumps are not enabled by default on client versions of Windows
#
# If you would like to submit a bug report, please visit:
#   https://bugreport.java.com/bugreport/crash.jsp
#

---------------  S U M M A R Y ------------

Command Line: -javaagent:C:\Program Files\JetBrains\IntelliJ IDEA 2022.1.3\lib\idea_rt.jar=54631:C:\Program Files\JetBrains\IntelliJ IDEA 2022.1.3\bin -Dfile.encoding=UTF-8 --module-path=C:\Users\Andres\.m2\repository\org\openjfx\javafx-controls\17.0.1\javafx-controls-17.0.1-win.jar;C:\Users\Andres\.m2\repository\org\openjfx\javafx-base\17.0.1\javafx-base-17.0.1-win.jar;C:\Users\Andres\.m2\repository\org\openjfx\javafx-graphics\17.0.1\javafx-graphics-17.0.1-win.jar;C:\Users\Andres\.m2\repository\org\openjfx\javafx-fxml\17.0.1\javafx-fxml-17.0.1-win.jar;C:\Users\Andres\IdeaProjects\demo2\target\classes -Djdk.module.main=com.example.demo2 com.example.demo2/com.example.demo2.HelloApplication

Host: Intel(R) Core(TM) i3-4130 CPU @ 3.40GHz, 4 cores, 7G,  Windows 10 , 64 bit Build 19041 (10.0.19041.1889)
Time: Wed Sep 28 13:59:22 2022 Hora estándar de línea de fecha elapsed time: 22.039715 seconds (0d 0h 0m 22s)

---------------  T H R E A D  ---------------

Current thread (0x000001da7f8f0760):  VMThread "VM Thread" [stack: 0x0000001dae400000,0x0000001dae500000] [id=9448]

Stack: [0x0000001dae400000,0x0000001dae500000],  sp=0x0000001dae4fecd0,  free space=1019k
Native frames: (J=compiled Java code, j=interpreted, Vv=VM code, C=native code)
C  [glass.dll+0x26a87]


siginfo: EXCEPTION_ACCESS_VIOLATION (0xc0000005), reading address 0x0000000000000000


Register to memory mapping:

RIP=0x00007ffdcc286a87 glass.dll
RAX=0x0 is NULL
RBX=0x000001da7f8fdc48 is a global jni handle
RCX=0x000001da7f8f0760 points into unknown readable memory: 0x00007ffda971e890 | 90 e8 71 a9 fd 7f 00 00
RDX=0x0000001dae4fecd0 points into unknown readable memory: 0x0000000000000000 | 00 00 00 00 00 00 00 00
RSP=0x0000001dae4fecd0 points into unknown readable memory: 0x0000000000000000 | 00 00 00 00 00 00 00 00
RBP=0x000001da1448a638 points into unknown readable memory: 0x000055100bfe088e | 8e 08 fe 0b 10 55 00 00
RSI=0x000001da1448a610 points into unknown readable memory: 0x1fff261a0465088e | 8e 08 65 04 1a 26 ff 1f
RDI=0x000055100bfe088e is an unknown value
R8 =0x0000000000010002 is an unknown value
R9 =0x000055100bfe088e is an unknown value
R10=0x0000000000008000 is an unknown value
R11=0x0000001dae4fec60 points into unknown readable memory: 0x000001da1448a610 | 10 a6 48 14 da 01 00 00
R12=0x00007ffdcc284354 glass.dll
R13=0x0000000000000001 is an unknown value
R14=0x0000001dae4fedc8 points into unknown readable memory: 0x0000001dae4fedb0 | b0 ed 4f ae 1d 00 00 00
R15=0x000001da1448a610 points into unknown readable memory: 0x1fff261a0465088e | 8e 08 65 04 1a 26 ff 1f


Registers:
RAX=0x0000000000000000, RBX=0x000001da7f8fdc48, RCX=0x000001da7f8f0760, RDX=0x0000001dae4fecd0
RSP=0x0000001dae4fecd0, RBP=0x000001da1448a638, RSI=0x000001da1448a610, RDI=0x000055100bfe088e
R8 =0x0000000000010002, R9 =0x000055100bfe088e, R10=0x0000000000008000, R11=0x0000001dae4fec60
R12=0x00007ffdcc284354, R13=0x0000000000000001, R14=0x0000001dae4fedc8, R15=0x000001da1448a610
RIP=0x00007ffdcc286a87, EFLAGS=0x0000000000010202

Top of Stack: (sp=0x0000001dae4fecd0)
0x0000001dae4fecd0:   0000000000000000 000001da1448a610
0x0000001dae4fece0:   0000000000000001 00007ffdcc284354
0x0000001dae4fecf0:   000001da1448a618 00007ffded6d42d6
0x0000001dae4fed00:   000055100bfe088e 000001da00000000
0x0000001dae4fed10:   000001da1448a638 000001da1448a610
0x0000001dae4fed20:   fffffffffffffffe 0000000000000000
0x0000001dae4fed30:   0000000000000001 00007ffdcc260000
0x0000001dae4fed40:   0000001dae4fedb8 00007ffded6d41fb
0x0000001dae4fed50:   0000000000000000 0000001dae4fedc8
0x0000001dae4fed60:   0000001dae4ff0f0 00007ffded7b0e40
0x0000001dae4fed70:   0000000000000001 00007ffded6d41b4
0x0000001dae4fed80:   0000000000000000 0000000000000001
0x0000001dae4fed90:   0000000000000001 0000001dae4fedb8
0x0000001dae4feda0:   0000000000000001 00007ffdcc2841e1
0x0000001dae4fedb0:   00007ffdcc29a138 0000000000000002
0x0000001dae4fedc0:   0000000000000002 0000001dae4fedb0 

Instructions: (pc=0x00007ffdcc286a87)
0x00007ffdcc286987:   8b 4d 58 e8 01 cf ff ff 48 8b 4d 60 e8 f8 ce ff
0x00007ffdcc286997:   ff 48 8b 95 80 00 00 00 48 8b 8d 18 01 00 00 e8
0x00007ffdcc2869a7:   c6 c3 ff ff 33 d2 33 c9 e8 3c e1 ff ff 90 48 89
0x00007ffdcc2869b7:   54 24 10 55 48 83 ec 20 48 8b ea 48 b8 00 00 00
0x00007ffdcc2869c7:   00 00 00 00 00 48 83 c4 20 5d c3 cc 40 55 48 8b
0x00007ffdcc2869d7:   ea 48 8b 01 33 c9 81 38 05 00 00 c0 0f 94 c1 8b
0x00007ffdcc2869e7:   c1 5d c3 cc 40 55 48 83 ec 20 48 8b ea 8a 4d 40
0x00007ffdcc2869f7:   48 83 c4 20 5d e9 f7 d2 ff ff cc 40 55 48 83 ec
0x00007ffdcc286a07:   20 48 8b ea 8a 4d 20 e8 e5 d2 ff ff 90 48 83 c4
0x00007ffdcc286a17:   20 5d c3 cc 40 55 48 83 ec 20 48 8b ea 48 83 c4
0x00007ffdcc286a27:   20 5d e9 46 d1 ff ff cc 40 55 48 83 ec 30 48 8b
0x00007ffdcc286a37:   ea 48 8b 01 8b 10 48 89 4c 24 28 89 54 24 20 4c
0x00007ffdcc286a47:   8d 0d e7 d5 ff ff 4c 8b 45 70 8b 55 68 48 8b 4d
0x00007ffdcc286a57:   60 e8 87 d0 ff ff 90 48 83 c4 30 5d c3 cc cc cc
0x00007ffdcc286a67:   cc cc cc cc cc cc cc cc cc 40 53 48 83 ec 20 48
0x00007ffdcc286a77:   8b 1d b3 30 01 00 48 85 db 74 16 e8 09 8b ff ff
0x00007ffdcc286a87:   4c 8b 00 48 8b d3 48 8b c8 41 ff 90 b0 00 00 00
0x00007ffdcc286a97:   90 48 83 c4 20 5b c3 cc cc 40 53 48 83 ec 20 48
0x00007ffdcc286aa7:   8b 1d 2b 32 01 00 48 85 db 74 57 b8 ff ff ff ff
0x00007ffdcc286ab7:   f0 0f c1 43 10 83 f8 01 75 3d 48 85 db 74 38 48
0x00007ffdcc286ac7:   8b 0b 48 85 c9 74 0d ff 15 d4 07 00 00 48 c7 03
0x00007ffdcc286ad7:   00 00 00 00 48 8b 4b 08 48 85 c9 74 0d e8 a7 cd
0x00007ffdcc286ae7:   ff ff 48 c7 43 08 00 00 00 00 ba 18 00 00 00 48
0x00007ffdcc286af7:   8b cb e8 92 cd ff ff 48 c7 05 cf 31 01 00 00 00
0x00007ffdcc286b07:   00 00 48 83 c4 20 5b c3 cc 40 53 48 83 ec 20 48
0x00007ffdcc286b17:   8b 1d 9b 31 01 00 48 85 db 74 57 b8 ff ff ff ff
0x00007ffdcc286b27:   f0 0f c1 43 10 83 f8 01 75 3d 48 85 db 74 38 48
0x00007ffdcc286b37:   8b 0b 48 85 c9 74 0d ff 15 64 07 00 00 48 c7 03
0x00007ffdcc286b47:   00 00 00 00 48 8b 4b 08 48 85 c9 74 0d e8 37 cd
0x00007ffdcc286b57:   ff ff 48 c7 43 08 00 00 00 00 ba 18 00 00 00 48
0x00007ffdcc286b67:   8b cb e8 22 cd ff ff 48 c7 05 3f 31 01 00 00 00
0x00007ffdcc286b77:   00 00 48 83 c4 20 5b c3 cc 40 53 48 83 ec 20 48 


Stack slot to memory mapping:
stack at sp + 0 slots: 0x0 is NULL
stack at sp + 1 slots: 0x000001da1448a610 points into unknown readable memory: 0x1fff261a0465088e | 8e 08 65 04 1a 26 ff 1f
stack at sp + 2 slots: 0x0000000000000001 is an unknown value
stack at sp + 3 slots: 0x00007ffdcc284354 glass.dll
stack at sp + 4 slots: 0x000001da1448a618 points into unknown readable memory: 0x000055100bfe088e | 8e 08 fe 0b 10 55 00 00
stack at sp + 5 slots: 0x00007ffded6d42d6 ucrtbase.dll
stack at sp + 6 slots: 0x000055100bfe088e is an unknown value
stack at sp + 7 slots: 0x000001da00000000 points into unknown readable memory: 0x0000000000000006 | 06 00 00 00 00 00 00 00

VM_Operation (0x0000001daefff180): Exit, mode: safepoint, requested by thread 0x000001da141a54c0


---------------  P R O C E S S  ---------------

Threads class SMR info:
_java_thread_list=0x000001da1c844db0, length=22, elements={
0x000001da7510ead0, 0x000001da7f8f74c0, 0x000001da7f8f8480, 0x000001da7f908610,
0x000001da7f90b220, 0x000001da7f90bd20, 0x000001da7f914830, 0x000001da7f918c10,
0x000001da7f91ea00, 0x000001da7f92fac0, 0x000001da7f8e01b0, 0x000001da13d1e5c0,
0x000001da13d1ea90, 0x000001da14d669e0, 0x000001da13bce430, 0x000001da1433fcf0,
0x000001da141a6330, 0x000001da141a6cd0, 0x000001da141a4ff0, 0x000001da141a5990,
0x000001da141a54c0, 0x000001da141a4180
}

Java Threads: ( => current thread )
  0x000001da7510ead0 JavaThread "main" [_thread_blocked, id=7756, stack(0x0000001dade00000,0x0000001dadf00000)]
  0x000001da7f8f74c0 JavaThread "Reference Handler" daemon [_thread_blocked, id=7020, stack(0x0000001dae500000,0x0000001dae600000)]
  0x000001da7f8f8480 JavaThread "Finalizer" daemon [_thread_blocked, id=9688, stack(0x0000001dae600000,0x0000001dae700000)]
  0x000001da7f908610 JavaThread "Signal Dispatcher" daemon [_thread_blocked, id=9884, stack(0x0000001dae700000,0x0000001dae800000)]
  0x000001da7f90b220 JavaThread "Attach Listener" daemon [_thread_blocked, id=9244, stack(0x0000001dae800000,0x0000001dae900000)]
  0x000001da7f90bd20 JavaThread "Service Thread" daemon [_thread_blocked, id=7728, stack(0x0000001dae900000,0x0000001daea00000)]
  0x000001da7f914830 JavaThread "Monitor Deflation Thread" daemon [_thread_blocked, id=4576, stack(0x0000001daea00000,0x0000001daeb00000)]
  0x000001da7f918c10 JavaThread "C2 CompilerThread0" daemon [_thread_blocked, id=6372, stack(0x0000001daeb00000,0x0000001daec00000)]
  0x000001da7f91ea00 JavaThread "C1 CompilerThread0" daemon [_thread_blocked, id=2096, stack(0x0000001daec00000,0x0000001daed00000)]
  0x000001da7f92fac0 JavaThread "Sweeper thread" daemon [_thread_blocked, id=7508, stack(0x0000001daed00000,0x0000001daee00000)]
  0x000001da7f8e01b0 JavaThread "Common-Cleaner" daemon [_thread_blocked, id=2060, stack(0x0000001daee00000,0x0000001daef00000)]
  0x000001da13d1e5c0 JavaThread "Monitor Ctrl-Break" daemon [_thread_in_native, id=10092, stack(0x0000001daf000000,0x0000001daf100000)]
  0x000001da13d1ea90 JavaThread "Notification Thread" daemon [_thread_blocked, id=2328, stack(0x0000001daf100000,0x0000001daf200000)]
  0x000001da14d669e0 JavaThread "QuantumRenderer-0" daemon [_thread_blocked, id=6412, stack(0x0000001daf300000,0x0000001daf400000)]
  0x000001da13bce430 JavaThread "InvokeLaterDispatcher" daemon [_thread_blocked, id=9612, stack(0x0000001daf700000,0x0000001daf800000)]
  0x000001da1433fcf0 JavaThread "JavaFX Application Thread" [_thread_in_native, id=3332, stack(0x0000001daf800000,0x0000001daf900000)]
  0x000001da141a6330 JavaThread "Thread-1" daemon [_thread_in_native, id=5168, stack(0x0000001dafc00000,0x0000001dafd00000)]
  0x000001da141a6cd0 JavaThread "JavaFX-Launcher" [_thread_blocked, id=8252, stack(0x0000001dafd00000,0x0000001dafe00000)]
  0x000001da141a4ff0 JavaThread "Prism Font Disposer" daemon [_thread_blocked, id=5928, stack(0x0000001db0100000,0x0000001db0200000)]
  0x000001da141a5990 JavaThread "Cleaner-0" daemon [_thread_blocked, id=7652, stack(0x0000001db0200000,0x0000001db0300000)]
  0x000001da141a54c0 JavaThread "SIGINT handler" daemon [_thread_blocked, id=8368, stack(0x0000001daef00000,0x0000001daf000000)]
  0x000001da141a4180 JavaThread "Glass/Prism Shutdown Hook" [_thread_blocked, id=3548, stack(0x0000001db0400000,0x0000001db0500000)]

Other Threads:
=>0x000001da7f8f0760 VMThread "VM Thread" [stack: 0x0000001dae400000,0x0000001dae500000] [id=9448]
  0x000001da7514b490 GCTaskThread "GC Thread#0" [stack: 0x0000001dadf00000,0x0000001dae000000] [id=984]
  0x000001da14490dc0 GCTaskThread "GC Thread#1" [stack: 0x0000001daf400000,0x0000001daf500000] [id=10024]
  0x000001da14b17e70 GCTaskThread "GC Thread#2" [stack: 0x0000001daf500000,0x0000001daf600000] [id=9028]
  0x000001da142781c0 GCTaskThread "GC Thread#3" [stack: 0x0000001daf600000,0x0000001daf700000] [id=7860]
  0x000001da7515c740 ConcurrentGCThread "G1 Main Marker" terminated
  0x000001da7515e560 ConcurrentGCThread "G1 Conc#0" [stack: 0x0000001dae100000,0x0000001dae200000] [id=4812]
  0x000001da751d7d00 ConcurrentGCThread "G1 Refine#0" terminated
  0x000001da751d8720 ConcurrentGCThread "G1 Service" terminated

Threads with active compile tasks:
C2 CompilerThread0  
[error occurred during error reporting (printing all threads), id 0xc0000005, EXCEPTION_ACCESS_VIOLATION (0xc0000005) at pc=0x00007ffda952e683]

VM state: at safepoint (shutting down)

VM Mutex/Monitor currently owned by a thread:  ([mutex/lock_event])
[0x000001da751091c0] Threads_lock - owner thread: 0x000001da7f8f0760
[0x000001da75108b90] Heap_lock - owner thread: 0x000001da141a54c0

Heap address: 0x0000000082c00000, size: 2004 MB, Compressed Oops mode: 32-bit

CDS archive(s) mapped at: [0x0000000800000000-0x0000000800bc0000-0x0000000800bc0000), size 12320768, SharedBaseAddress: 0x0000000800000000, ArchiveRelocationMode: 0.
Compressed class space mapped at: 0x0000000800c00000-0x0000000840c00000, reserved size: 1073741824
Narrow klass base: 0x0000000800000000, Narrow klass shift: 0, Narrow klass range: 0x100000000

GC Precious Log:
 CPUs: 4 total, 4 available
 Memory: 8009M
 Large Page Support: Disabled
 NUMA Support: Disabled
 Compressed Oops: Enabled (32-bit)
 Heap Region Size: 1M
 Heap Min Capacity: 8M
 Heap Initial Capacity: 126M
 Heap Max Capacity: 2004M
 Pre-touch: Disabled
 Parallel Workers: 4
 Concurrent Workers: 1
 Concurrent Refinement Workers: 4
 Periodic GC: Disabled

Heap:
 garbage-first heap   total 129024K, used 48220K [0x0000000082c00000, 0x0000000100000000)
  region size 1024K, 45 young (46080K), 3 survivors (3072K)
 Metaspace       used 17654K, committed 17856K, reserved 1064960K
  class space    used 2589K, committed 2688K, reserved 1048576K

Heap Regions: E=young(eden), S=young(survivor), O=old, HS=humongous(starts), HC=humongous(continues), CS=collection set, F=free, OA=open archive, CA=closed archive, TAMS=top-at-mark-start (previous, next)
|   0|0x0000000082c00000, 0x0000000082d00000, 0x0000000082d00000|100%| O|  |TAMS 0x0000000082c00000, 0x0000000082c00000| Untracked 
|   1|0x0000000082d00000, 0x0000000082dafe00, 0x0000000082e00000| 68%| O|  |TAMS 0x0000000082d00000, 0x0000000082d00000| Untracked 
|   2|0x0000000082e00000, 0x0000000082f00000, 0x0000000082f00000|100%|HS|  |TAMS 0x0000000082e00000, 0x0000000082e00000| Complete 
|   3|0x0000000082f00000, 0x0000000083000000, 0x0000000083000000|100%|HC|  |TAMS 0x0000000082f00000, 0x0000000082f00000| Complete 
|   4|0x0000000083000000, 0x0000000083000000, 0x0000000083100000|  0%| F|  |TAMS 0x0000000083000000, 0x0000000083000000| Untracked 
|   5|0x0000000083100000, 0x0000000083100000, 0x0000000083200000|  0%| F|  |TAMS 0x0000000083100000, 0x0000000083100000| Untracked 
|   6|0x0000000083200000, 0x0000000083200000, 0x0000000083300000|  0%| F|  |TAMS 0x0000000083200000, 0x0000000083200000| Untracked 
|   7|0x0000000083300000, 0x0000000083300000, 0x0000000083400000|  0%| F|  |TAMS 0x0000000083300000, 0x0000000083300000| Untracked 
|   8|0x0000000083400000, 0x0000000083400000, 0x0000000083500000|  0%| F|  |TAMS 0x0000000083400000, 0x0000000083400000| Untracked 
|   9|0x0000000083500000, 0x0000000083500000, 0x0000000083600000|  0%| F|  |TAMS 0x0000000083500000, 0x0000000083500000| Untracked 
|  10|0x0000000083600000, 0x0000000083600000, 0x0000000083700000|  0%| F|  |TAMS 0x0000000083600000, 0x0000000083600000| Untracked 
|  11|0x0000000083700000, 0x0000000083700000, 0x0000000083800000|  0%| F|  |TAMS 0x0000000083700000, 0x0000000083700000| Untracked 
|  12|0x0000000083800000, 0x0000000083800000, 0x0000000083900000|  0%| F|  |TAMS 0x0000000083800000, 0x0000000083800000| Untracked 
|  13|0x0000000083900000, 0x0000000083900000, 0x0000000083a00000|  0%| F|  |TAMS 0x0000000083900000, 0x0000000083900000| Untracked 
|  14|0x0000000083a00000, 0x0000000083a00000, 0x0000000083b00000|  0%| F|  |TAMS 0x0000000083a00000, 0x0000000083a00000| Untracked 
|  15|0x0000000083b00000, 0x0000000083b00000, 0x0000000083c00000|  0%| F|  |TAMS 0x0000000083b00000, 0x0000000083b00000| Untracked 
|  16|0x0000000083c00000, 0x0000000083c00000, 0x0000000083d00000|  0%| F|  |TAMS 0x0000000083c00000, 0x0000000083c00000| Untracked 
|  17|0x0000000083d00000, 0x0000000083d00000, 0x0000000083e00000|  0%| F|  |TAMS 0x0000000083d00000, 0x0000000083d00000| Untracked 
|  18|0x0000000083e00000, 0x0000000083e00000, 0x0000000083f00000|  0%| F|  |TAMS 0x0000000083e00000, 0x0000000083e00000| Untracked 
|  19|0x0000000083f00000, 0x0000000083f00000, 0x0000000084000000|  0%| F|  |TAMS 0x0000000083f00000, 0x0000000083f00000| Untracked 
|  20|0x0000000084000000, 0x0000000084000000, 0x0000000084100000|  0%| F|  |TAMS 0x0000000084000000, 0x0000000084000000| Untracked 
|  21|0x0000000084100000, 0x0000000084100000, 0x0000000084200000|  0%| F|  |TAMS 0x0000000084100000, 0x0000000084100000| Untracked 
|  22|0x0000000084200000, 0x0000000084200000, 0x0000000084300000|  0%| F|  |TAMS 0x0000000084200000, 0x0000000084200000| Untracked 
|  23|0x0000000084300000, 0x0000000084300000, 0x0000000084400000|  0%| F|  |TAMS 0x0000000084300000, 0x0000000084300000| Untracked 
|  24|0x0000000084400000, 0x0000000084400000, 0x0000000084500000|  0%| F|  |TAMS 0x0000000084400000, 0x0000000084400000| Untracked 
|  25|0x0000000084500000, 0x0000000084500000, 0x0000000084600000|  0%| F|  |TAMS 0x0000000084500000, 0x0000000084500000| Untracked 
|  26|0x0000000084600000, 0x0000000084600000, 0x0000000084700000|  0%| F|  |TAMS 0x0000000084600000, 0x0000000084600000| Untracked 
|  27|0x0000000084700000, 0x0000000084700000, 0x0000000084800000|  0%| F|  |TAMS 0x0000000084700000, 0x0000000084700000| Untracked 
|  28|0x0000000084800000, 0x0000000084800000, 0x0000000084900000|  0%| F|  |TAMS 0x0000000084800000, 0x0000000084800000| Untracked 
|  29|0x0000000084900000, 0x0000000084900000, 0x0000000084a00000|  0%| F|  |TAMS 0x0000000084900000, 0x0000000084900000| Untracked 
|  30|0x0000000084a00000, 0x0000000084a00000, 0x0000000084b00000|  0%| F|  |TAMS 0x0000000084a00000, 0x0000000084a00000| Untracked 
|  31|0x0000000084b00000, 0x0000000084b00000, 0x0000000084c00000|  0%| F|  |TAMS 0x0000000084b00000, 0x0000000084b00000| Untracked 
|  32|0x0000000084c00000, 0x0000000084c00000, 0x0000000084d00000|  0%| F|  |TAMS 0x0000000084c00000, 0x0000000084c00000| Untracked 
|  33|0x0000000084d00000, 0x0000000084d00000, 0x0000000084e00000|  0%| F|  |TAMS 0x0000000084d00000, 0x0000000084d00000| Untracked 
|  34|0x0000000084e00000, 0x0000000084e00000, 0x0000000084f00000|  0%| F|  |TAMS 0x0000000084e00000, 0x0000000084e00000| Untracked 
|  35|0x0000000084f00000, 0x0000000084f00000, 0x0000000085000000|  0%| F|  |TAMS 0x0000000084f00000, 0x0000000084f00000| Untracked 
|  36|0x0000000085000000, 0x0000000085000000, 0x0000000085100000|  0%| F|  |TAMS 0x0000000085000000, 0x0000000085000000| Untracked 
|  37|0x0000000085100000, 0x0000000085100000, 0x0000000085200000|  0%| F|  |TAMS 0x0000000085100000, 0x0000000085100000| Untracked 
|  38|0x0000000085200000, 0x0000000085200000, 0x0000000085300000|  0%| F|  |TAMS 0x0000000085200000, 0x0000000085200000| Untracked 
|  39|0x0000000085300000, 0x0000000085300000, 0x0000000085400000|  0%| F|  |TAMS 0x0000000085300000, 0x0000000085300000| Untracked 
|  40|0x0000000085400000, 0x0000000085400000, 0x0000000085500000|  0%| F|  |TAMS 0x0000000085400000, 0x0000000085400000| Untracked 
|  41|0x0000000085500000, 0x0000000085500000, 0x0000000085600000|  0%| F|  |TAMS 0x0000000085500000, 0x0000000085500000| Untracked 
|  42|0x0000000085600000, 0x0000000085600000, 0x0000000085700000|  0%| F|  |TAMS 0x0000000085600000, 0x0000000085600000| Untracked 
|  43|0x0000000085700000, 0x0000000085700000, 0x0000000085800000|  0%| F|  |TAMS 0x0000000085700000, 0x0000000085700000| Untracked 
|  44|0x0000000085800000, 0x0000000085800000, 0x0000000085900000|  0%| F|  |TAMS 0x0000000085800000, 0x0000000085800000| Untracked 
|  45|0x0000000085900000, 0x0000000085900000, 0x0000000085a00000|  0%| F|  |TAMS 0x0000000085900000, 0x0000000085900000| Untracked 
|  46|0x0000000085a00000, 0x0000000085a00000, 0x0000000085b00000|  0%| F|  |TAMS 0x0000000085a00000, 0x0000000085a00000| Untracked 
|  47|0x0000000085b00000, 0x0000000085b00000, 0x0000000085c00000|  0%| F|  |TAMS 0x0000000085b00000, 0x0000000085b00000| Untracked 
|  48|0x0000000085c00000, 0x0000000085c00000, 0x0000000085d00000|  0%| F|  |TAMS 0x0000000085c00000, 0x0000000085c00000| Untracked 
|  49|0x0000000085d00000, 0x0000000085d00000, 0x0000000085e00000|  0%| F|  |TAMS 0x0000000085d00000, 0x0000000085d00000| Untracked 
|  50|0x0000000085e00000, 0x0000000085e00000, 0x0000000085f00000|  0%| F|  |TAMS 0x0000000085e00000, 0x0000000085e00000| Untracked 
|  51|0x0000000085f00000, 0x0000000085f00000, 0x0000000086000000|  0%| F|  |TAMS 0x0000000085f00000, 0x0000000085f00000| Untracked 
|  52|0x0000000086000000, 0x0000000086000000, 0x0000000086100000|  0%| F|  |TAMS 0x0000000086000000, 0x0000000086000000| Untracked 
|  53|0x0000000086100000, 0x0000000086100000, 0x0000000086200000|  0%| F|  |TAMS 0x0000000086100000, 0x0000000086100000| Untracked 
|  54|0x0000000086200000, 0x0000000086200000, 0x0000000086300000|  0%| F|  |TAMS 0x0000000086200000, 0x0000000086200000| Untracked 
|  55|0x0000000086300000, 0x0000000086300000, 0x0000000086400000|  0%| F|  |TAMS 0x0000000086300000, 0x0000000086300000| Untracked 
|  56|0x0000000086400000, 0x0000000086400000, 0x0000000086500000|  0%| F|  |TAMS 0x0000000086400000, 0x0000000086400000| Untracked 
|  57|0x0000000086500000, 0x0000000086500000, 0x0000000086600000|  0%| F|  |TAMS 0x0000000086500000, 0x0000000086500000| Untracked 
|  58|0x0000000086600000, 0x0000000086600000, 0x0000000086700000|  0%| F|  |TAMS 0x0000000086600000, 0x0000000086600000| Untracked 
|  59|0x0000000086700000, 0x0000000086700000, 0x0000000086800000|  0%| F|  |TAMS 0x0000000086700000, 0x0000000086700000| Untracked 
|  60|0x0000000086800000, 0x0000000086800000, 0x0000000086900000|  0%| F|  |TAMS 0x0000000086800000, 0x0000000086800000| Untracked 
|  61|0x0000000086900000, 0x0000000086900000, 0x0000000086a00000|  0%| F|  |TAMS 0x0000000086900000, 0x0000000086900000| Untracked 
|  62|0x0000000086a00000, 0x0000000086a00000, 0x0000000086b00000|  0%| F|  |TAMS 0x0000000086a00000, 0x0000000086a00000| Untracked 
|  63|0x0000000086b00000, 0x0000000086b00000, 0x0000000086c00000|  0%| F|  |TAMS 0x0000000086b00000, 0x0000000086b00000| Untracked 
|  64|0x0000000086c00000, 0x0000000086c00000, 0x0000000086d00000|  0%| F|  |TAMS 0x0000000086c00000, 0x0000000086c00000| Untracked 
|  65|0x0000000086d00000, 0x0000000086d00000, 0x0000000086e00000|  0%| F|  |TAMS 0x0000000086d00000, 0x0000000086d00000| Untracked 
|  66|0x0000000086e00000, 0x0000000086e00000, 0x0000000086f00000|  0%| F|  |TAMS 0x0000000086e00000, 0x0000000086e00000| Untracked 
|  67|0x0000000086f00000, 0x0000000086f00000, 0x0000000087000000|  0%| F|  |TAMS 0x0000000086f00000, 0x0000000086f00000| Untracked 
|  68|0x0000000087000000, 0x0000000087000000, 0x0000000087100000|  0%| F|  |TAMS 0x0000000087000000, 0x0000000087000000| Untracked 
|  69|0x0000000087100000, 0x0000000087100000, 0x0000000087200000|  0%| F|  |TAMS 0x0000000087100000, 0x0000000087100000| Untracked 
|  70|0x0000000087200000, 0x0000000087200000, 0x0000000087300000|  0%| F|  |TAMS 0x0000000087200000, 0x0000000087200000| Untracked 
|  71|0x0000000087300000, 0x0000000087300000, 0x0000000087400000|  0%| F|  |TAMS 0x0000000087300000, 0x0000000087300000| Untracked 
|  72|0x0000000087400000, 0x0000000087400000, 0x0000000087500000|  0%| F|  |TAMS 0x0000000087400000, 0x0000000087400000| Untracked 
|  73|0x0000000087500000, 0x0000000087500000, 0x0000000087600000|  0%| F|  |TAMS 0x0000000087500000, 0x0000000087500000| Untracked 
|  74|0x0000000087600000, 0x0000000087600000, 0x0000000087700000|  0%| F|  |TAMS 0x0000000087600000, 0x0000000087600000| Untracked 
|  75|0x0000000087700000, 0x0000000087700000, 0x0000000087800000|  0%| F|  |TAMS 0x0000000087700000, 0x0000000087700000| Untracked 
|  76|0x0000000087800000, 0x0000000087800000, 0x0000000087900000|  0%| F|  |TAMS 0x0000000087800000, 0x0000000087800000| Untracked 
|  77|0x0000000087900000, 0x0000000087900000, 0x0000000087a00000|  0%| F|  |TAMS 0x0000000087900000, 0x0000000087900000| Untracked 
|  78|0x0000000087a00000, 0x0000000087a00000, 0x0000000087b00000|  0%| F|  |TAMS 0x0000000087a00000, 0x0000000087a00000| Untracked 
|  79|0x0000000087b00000, 0x0000000087b00000, 0x0000000087c00000|  0%| F|  |TAMS 0x0000000087b00000, 0x0000000087b00000| Untracked 
|  80|0x0000000087c00000, 0x0000000087c00000, 0x0000000087d00000|  0%| F|  |TAMS 0x0000000087c00000, 0x0000000087c00000| Untracked 
|  81|0x0000000087d00000, 0x0000000087dddb40, 0x0000000087e00000| 86%| E|  |TAMS 0x0000000087d00000, 0x0000000087d00000| Complete 
|  82|0x0000000087e00000, 0x0000000087f00000, 0x0000000087f00000|100%| E|CS|TAMS 0x0000000087e00000, 0x0000000087e00000| Complete 
|  83|0x0000000087f00000, 0x0000000088000000, 0x0000000088000000|100%| E|CS|TAMS 0x0000000087f00000, 0x0000000087f00000| Complete 
|  84|0x0000000088000000, 0x0000000088100000, 0x0000000088100000|100%| E|CS|TAMS 0x0000000088000000, 0x0000000088000000| Complete 
|  85|0x0000000088100000, 0x0000000088200000, 0x0000000088200000|100%| E|CS|TAMS 0x0000000088100000, 0x0000000088100000| Complete 
|  86|0x0000000088200000, 0x0000000088300000, 0x0000000088300000|100%| E|CS|TAMS 0x0000000088200000, 0x0000000088200000| Complete 
|  87|0x0000000088300000, 0x0000000088400000, 0x0000000088400000|100%| E|CS|TAMS 0x0000000088300000, 0x0000000088300000| Complete 
|  88|0x0000000088400000, 0x0000000088500000, 0x0000000088500000|100%| E|CS|TAMS 0x0000000088400000, 0x0000000088400000| Complete 
|  89|0x0000000088500000, 0x0000000088600000, 0x0000000088600000|100%| E|CS|TAMS 0x0000000088500000, 0x0000000088500000| Complete 
|  90|0x0000000088600000, 0x0000000088700000, 0x0000000088700000|100%| E|CS|TAMS 0x0000000088600000, 0x0000000088600000| Complete 
|  91|0x0000000088700000, 0x0000000088800000, 0x0000000088800000|100%| E|CS|TAMS 0x0000000088700000, 0x0000000088700000| Complete 
|  92|0x0000000088800000, 0x0000000088900000, 0x0000000088900000|100%| E|CS|TAMS 0x0000000088800000, 0x0000000088800000| Complete 
|  93|0x0000000088900000, 0x0000000088a00000, 0x0000000088a00000|100%| E|CS|TAMS 0x0000000088900000, 0x0000000088900000| Complete 
|  94|0x0000000088a00000, 0x0000000088b00000, 0x0000000088b00000|100%| E|CS|TAMS 0x0000000088a00000, 0x0000000088a00000| Complete 
|  95|0x0000000088b00000, 0x0000000088c00000, 0x0000000088c00000|100%| E|CS|TAMS 0x0000000088b00000, 0x0000000088b00000| Complete 
|  96|0x0000000088c00000, 0x0000000088d00000, 0x0000000088d00000|100%| E|CS|TAMS 0x0000000088c00000, 0x0000000088c00000| Complete 
|  97|0x0000000088d00000, 0x0000000088e00000, 0x0000000088e00000|100%| E|CS|TAMS 0x0000000088d00000, 0x0000000088d00000| Complete 
|  98|0x0000000088e00000, 0x0000000088f00000, 0x0000000088f00000|100%| E|CS|TAMS 0x0000000088e00000, 0x0000000088e00000| Complete 
|  99|0x0000000088f00000, 0x0000000089000000, 0x0000000089000000|100%| E|CS|TAMS 0x0000000088f00000, 0x0000000088f00000| Complete 
| 100|0x0000000089000000, 0x0000000089100000, 0x0000000089100000|100%| E|CS|TAMS 0x0000000089000000, 0x0000000089000000| Complete 
| 101|0x0000000089100000, 0x0000000089200000, 0x0000000089200000|100%| E|CS|TAMS 0x0000000089100000, 0x0000000089100000| Complete 
| 102|0x0000000089200000, 0x0000000089300000, 0x0000000089300000|100%| E|CS|TAMS 0x0000000089200000, 0x0000000089200000| Complete 
| 103|0x0000000089300000, 0x0000000089400000, 0x0000000089400000|100%| E|CS|TAMS 0x0000000089300000, 0x0000000089300000| Complete 
| 104|0x0000000089400000, 0x0000000089467458, 0x0000000089500000| 40%| S|CS|TAMS 0x0000000089400000, 0x0000000089400000| Complete 
| 105|0x0000000089500000, 0x0000000089600000, 0x0000000089600000|100%| S|CS|TAMS 0x0000000089500000, 0x0000000089500000| Complete 
| 106|0x0000000089600000, 0x0000000089700000, 0x0000000089700000|100%| S|CS|TAMS 0x0000000089600000, 0x0000000089600000| Complete 
| 107|0x0000000089700000, 0x0000000089800000, 0x0000000089800000|100%| E|CS|TAMS 0x0000000089700000, 0x0000000089700000| Complete 
| 108|0x0000000089800000, 0x0000000089900000, 0x0000000089900000|100%| E|CS|TAMS 0x0000000089800000, 0x0000000089800000| Complete 
| 109|0x0000000089900000, 0x0000000089a00000, 0x0000000089a00000|100%| E|CS|TAMS 0x0000000089900000, 0x0000000089900000| Complete 
| 110|0x0000000089a00000, 0x0000000089b00000, 0x0000000089b00000|100%| E|CS|TAMS 0x0000000089a00000, 0x0000000089a00000| Complete 
| 111|0x0000000089b00000, 0x0000000089c00000, 0x0000000089c00000|100%| E|CS|TAMS 0x0000000089b00000, 0x0000000089b00000| Complete 
| 112|0x0000000089c00000, 0x0000000089d00000, 0x0000000089d00000|100%| E|CS|TAMS 0x0000000089c00000, 0x0000000089c00000| Complete 
| 113|0x0000000089d00000, 0x0000000089e00000, 0x0000000089e00000|100%| E|CS|TAMS 0x0000000089d00000, 0x0000000089d00000| Complete 
| 114|0x0000000089e00000, 0x0000000089f00000, 0x0000000089f00000|100%| E|CS|TAMS 0x0000000089e00000, 0x0000000089e00000| Complete 
| 115|0x0000000089f00000, 0x000000008a000000, 0x000000008a000000|100%| E|CS|TAMS 0x0000000089f00000, 0x0000000089f00000| Complete 
| 116|0x000000008a000000, 0x000000008a100000, 0x000000008a100000|100%| E|CS|TAMS 0x000000008a000000, 0x000000008a000000| Complete 
| 117|0x000000008a100000, 0x000000008a200000, 0x000000008a200000|100%| E|CS|TAMS 0x000000008a100000, 0x000000008a100000| Complete 
| 118|0x000000008a200000, 0x000000008a300000, 0x000000008a300000|100%| E|CS|TAMS 0x000000008a200000, 0x000000008a200000| Complete 
| 119|0x000000008a300000, 0x000000008a400000, 0x000000008a400000|100%| E|CS|TAMS 0x000000008a300000, 0x000000008a300000| Complete 
| 120|0x000000008a400000, 0x000000008a500000, 0x000000008a500000|100%| E|CS|TAMS 0x000000008a400000, 0x000000008a400000| Complete 
| 121|0x000000008a500000, 0x000000008a600000, 0x000000008a600000|100%| E|CS|TAMS 0x000000008a500000, 0x000000008a500000| Complete 
| 122|0x000000008a600000, 0x000000008a700000, 0x000000008a700000|100%| E|CS|TAMS 0x000000008a600000, 0x000000008a600000| Complete 
| 123|0x000000008a700000, 0x000000008a800000, 0x000000008a800000|100%| E|CS|TAMS 0x000000008a700000, 0x000000008a700000| Complete 
| 124|0x000000008a800000, 0x000000008a900000, 0x000000008a900000|100%| E|CS|TAMS 0x000000008a800000, 0x000000008a800000| Complete 
| 125|0x000000008a900000, 0x000000008aa00000, 0x000000008aa00000|100%| E|CS|TAMS 0x000000008a900000, 0x000000008a900000| Complete 

Card table byte_map: [0x000001da7cd60000,0x000001da7d150000] _byte_map_base: 0x000001da7c94a000

Marking Bits (Prev, Next): (CMBitMap*) 0x000001da7514baa0, (CMBitMap*) 0x000001da7514bae0
 Prev Bits: [0x000001da7d540000, 0x000001da7f490000)
 Next Bits: [0x000001da0f000000, 0x000001da10f50000)

Polling page: 0x000001da748f0000

Metaspace:

Usage:
  Non-class:     14.71 MB used.
      Class:      2.53 MB used.
       Both:     17.24 MB used.

Virtual space:
  Non-class space:       16.00 MB reserved,      14.81 MB ( 93%) committed,  2 nodes.
      Class space:        1.00 GB reserved,       2.62 MB ( <1%) committed,  1 nodes.
             Both:        1.02 GB reserved,      17.44 MB (  2%) committed. 

Chunk freelists:
   Non-Class:  768.00 KB
       Class:  1.34 MB
        Both:  2.09 MB

MaxMetaspaceSize: unlimited
CompressedClassSpaceSize: 1.00 GB
Initial GC threshold: 21.00 MB
Current GC threshold: 21.00 MB
CDS: on
MetaspaceReclaimPolicy: balanced
 - commit_granule_bytes: 65536.
 - commit_granule_words: 8192.
 - virtual_space_node_default_size: 1048576.
 - enlarge_chunks_in_place: 1.
 - new_chunks_are_fully_committed: 0.
 - uncommit_free_chunks: 1.
 - use_allocation_guard: 0.
 - handle_deallocations: 1.


Internal statistics:

num_allocs_failed_limit: 0.
num_arena_births: 202.
num_arena_deaths: 0.
num_vsnodes_births: 3.
num_vsnodes_deaths: 0.
num_space_committed: 279.
num_space_uncommitted: 0.
num_chunks_returned_to_freelist: 0.
num_chunks_taken_from_freelist: 769.
num_chunk_merges: 0.
num_chunk_splits: 538.
num_chunks_enlarged: 419.
num_purges: 0.
num_inconsistent_stats: 0.

CodeHeap 'non-profiled nmethods': size=120000Kb used=1164Kb max_used=1164Kb free=118835Kb
 bounds [0x000001da07ad0000, 0x000001da07d40000, 0x000001da0f000000]
CodeHeap 'profiled nmethods': size=120000Kb used=5675Kb max_used=5675Kb free=114324Kb
 bounds [0x000001da005a0000, 0x000001da00b30000, 0x000001da07ad0000]
CodeHeap 'non-nmethods': size=5760Kb used=1438Kb max_used=1492Kb free=4321Kb
 bounds [0x000001da00000000, 0x000001da00270000, 0x000001da005a0000]
 total_blobs=3746 nmethods=2946 adapters=711
 compilation: enabled
              stopped_count=0, restarted_count=0
 full_count=0

Compilation events (20 events):
Event: 7.774 Thread 0x000001da7f91ea00 nmethod 2940 0x000001da00b27590 code [0x000001da00b27720, 0x000001da00b27898]
Event: 7.774 Thread 0x000001da7f91ea00 2941       3       java.lang.ModuleLayer::boot (4 bytes)
Event: 7.774 Thread 0x000001da7f91ea00 nmethod 2941 0x000001da00b27990 code [0x000001da00b27b20, 0x000001da00b27c18]
Event: 7.774 Thread 0x000001da7f91ea00 2942  s!   3       java.lang.StackTraceElement::computeFormat (71 bytes)
Event: 7.774 Thread 0x000001da7f91ea00 nmethod 2942 0x000001da00b27c90 code [0x000001da00b27ea0, 0x000001da00b28758]
Event: 7.774 Thread 0x000001da7f91ea00 2944       3       java.nio.Buffer::clear (20 bytes)
Event: 7.774 Thread 0x000001da7f91ea00 nmethod 2944 0x000001da00b28a10 code [0x000001da00b28ba0, 0x000001da00b28cb8]
Event: 7.774 Thread 0x000001da7f91ea00 2946       3       java.lang.Module::getLayer (43 bytes)
Event: 7.775 Thread 0x000001da7f91ea00 nmethod 2946 0x000001da00b28d90 code [0x000001da00b28f60, 0x000001da00b29328]
Event: 7.775 Thread 0x000001da7f91ea00 2943       3       java.lang.StackTraceElement::isHashedInJavaBase (31 bytes)
Event: 7.775 Thread 0x000001da7f91ea00 nmethod 2943 0x000001da00b29410 code [0x000001da00b29600, 0x000001da00b29b18]
Event: 7.775 Thread 0x000001da7f91ea00 2945       3       java.io.BufferedOutputStream::flushBuffer (29 bytes)
Event: 7.775 Thread 0x000001da7f91ea00 nmethod 2945 0x000001da00b29c90 code [0x000001da00b29e40, 0x000001da00b2a068]
Event: 8.588 Thread 0x000001da7f91ea00 2947       3       javafx.scene.Camera::getNearClip (21 bytes)
Event: 8.589 Thread 0x000001da7f91ea00 nmethod 2947 0x000001da00b2a110 code [0x000001da00b2a300, 0x000001da00b2a6c8]
Event: 8.589 Thread 0x000001da7f91ea00 2948       3       javafx.scene.Camera::getFarClip (21 bytes)
Event: 8.590 Thread 0x000001da7f91ea00 nmethod 2948 0x000001da00b2a810 code [0x000001da00b2aa00, 0x000001da00b2adc8]
Event: 8.605 Thread 0x000001da7f918c10 2949       4       javafx.scene.input.MouseEvent::getEventType (5 bytes)
Event: 8.606 Thread 0x000001da7f918c10 nmethod 2949 0x000001da07bf3010 code [0x000001da07bf3180, 0x000001da07bf31f8]
Event: 21.651 Thread 0x000001da7f918c10 2950       4       java.lang.Class::getPackageName (81 bytes)

GC Heap History (4 events):
Event: 0.682 GC heap before
{Heap before GC invocations=0 (full 0):
 garbage-first heap   total 129024K, used 12288K [0x0000000082c00000, 0x0000000100000000)
  region size 1024K, 13 young (13312K), 0 survivors (0K)
 Metaspace       used 2907K, committed 3072K, reserved 1056768K
  class space    used 311K, committed 384K, reserved 1048576K
}
Event: 0.686 GC heap after
{Heap after GC invocations=1 (full 0):
 garbage-first heap   total 129024K, used 2006K [0x0000000082c00000, 0x0000000100000000)
  region size 1024K, 2 young (2048K), 2 survivors (2048K)
 Metaspace       used 2907K, committed 3072K, reserved 1056768K
  class space    used 311K, committed 384K, reserved 1048576K
}
Event: 1.039 GC heap before
{Heap before GC invocations=1 (full 0):
 garbage-first heap   total 129024K, used 18390K [0x0000000082c00000, 0x0000000100000000)
  region size 1024K, 19 young (19456K), 2 survivors (2048K)
 Metaspace       used 8344K, committed 8576K, reserved 1064960K
  class space    used 1064K, committed 1152K, reserved 1048576K
}
Event: 1.044 GC heap after
{Heap after GC invocations=2 (full 0):
 garbage-first heap   total 129024K, used 4188K [0x0000000082c00000, 0x0000000100000000)
  region size 1024K, 3 young (3072K), 3 survivors (3072K)
 Metaspace       used 8344K, committed 8576K, reserved 1064960K
  class space    used 1064K, committed 1152K, reserved 1048576K
}

Deoptimization events (20 events):
Event: 5.819 Thread 0x000001da1433fcf0 Uncommon trap: trap_request=0xffffffde fr.pc=0x000001da07b62b3c relative=0x0000000000001b7c
Event: 5.819 Thread 0x000001da1433fcf0 Uncommon trap: reason=class_check action=maybe_recompile pc=0x000001da07b62b3c method=java.util.zip.InflaterInputStream.read([BII)I @ 100 c2
Event: 5.819 Thread 0x000001da1433fcf0 DEOPT PACKING pc=0x000001da07b62b3c sp=0x0000001daf8f7a10
Event: 5.819 Thread 0x000001da1433fcf0 DEOPT UNPACKING pc=0x000001da000523a3 sp=0x0000001daf8f7a60 mode 2
Event: 5.819 Thread 0x000001da1433fcf0 Uncommon trap: trap_request=0xffffffde fr.pc=0x000001da07b62b3c relative=0x0000000000001b7c
Event: 5.819 Thread 0x000001da1433fcf0 Uncommon trap: reason=class_check action=maybe_recompile pc=0x000001da07b62b3c method=java.util.zip.InflaterInputStream.read([BII)I @ 100 c2
Event: 5.819 Thread 0x000001da1433fcf0 DEOPT PACKING pc=0x000001da07b62b3c sp=0x0000001daf8f78c0
Event: 5.819 Thread 0x000001da1433fcf0 DEOPT UNPACKING pc=0x000001da000523a3 sp=0x0000001daf8f7910 mode 2
Event: 5.819 Thread 0x000001da1433fcf0 Uncommon trap: trap_request=0xffffffde fr.pc=0x000001da07b62b3c relative=0x0000000000001b7c
Event: 5.819 Thread 0x000001da1433fcf0 Uncommon trap: reason=class_check action=maybe_recompile pc=0x000001da07b62b3c method=java.util.zip.InflaterInputStream.read([BII)I @ 100 c2
Event: 5.819 Thread 0x000001da1433fcf0 DEOPT PACKING pc=0x000001da07b62b3c sp=0x0000001daf8f78c0
Event: 5.819 Thread 0x000001da1433fcf0 DEOPT UNPACKING pc=0x000001da000523a3 sp=0x0000001daf8f7910 mode 2
Event: 5.819 Thread 0x000001da1433fcf0 Uncommon trap: trap_request=0xffffffde fr.pc=0x000001da07b62b3c relative=0x0000000000001b7c
Event: 5.819 Thread 0x000001da1433fcf0 Uncommon trap: reason=class_check action=maybe_recompile pc=0x000001da07b62b3c method=java.util.zip.InflaterInputStream.read([BII)I @ 100 c2
Event: 5.819 Thread 0x000001da1433fcf0 DEOPT PACKING pc=0x000001da07b62b3c sp=0x0000001daf8f78c0
Event: 5.819 Thread 0x000001da1433fcf0 DEOPT UNPACKING pc=0x000001da000523a3 sp=0x0000001daf8f7910 mode 2
Event: 5.836 Thread 0x000001da1433fcf0 Uncommon trap: trap_request=0xffffff45 fr.pc=0x000001da07b71fdc relative=0x000000000000005c
Event: 5.837 Thread 0x000001da1433fcf0 Uncommon trap: reason=unstable_if action=reinterpret pc=0x000001da07b71fdc method=java.util.Objects.equals(Ljava/lang/Object;Ljava/lang/Object;)Z @ 6 c2
Event: 5.837 Thread 0x000001da1433fcf0 DEOPT PACKING pc=0x000001da07b71fdc sp=0x0000001daf8f7ff0
Event: 5.837 Thread 0x000001da1433fcf0 DEOPT UNPACKING pc=0x000001da000523a3 sp=0x0000001daf8f7f90 mode 2

Classes unloaded (0 events):
No events

Classes redefined (0 events):
No events

Internal exceptions (20 events):
Event: 1.226 Thread 0x000001da1433fcf0 Exception <a 'sun/nio/fs/WindowsException'{0x000000008a2a6880}> (0x000000008a2a6880) 
thrown [t:\workspace\open\src\hotspot\share\prims\jni.cpp, line 516]
Event: 1.289 Thread 0x000001da1433fcf0 Implicit null exception at 0x000001da07b2d50a to 0x000001da07b2dac8
Event: 1.294 Thread 0x000001da1433fcf0 Implicit null exception at 0x000001da07b2c10c to 0x000001da07b2c530
Event: 1.295 Thread 0x000001da1433fcf0 Implicit null exception at 0x000001da07aefe0f to 0x000001da07aefe89
Event: 1.452 Thread 0x000001da1433fcf0 Exception <a 'java/lang/NoSuchMethodError'{0x0000000089b74550}: 'java.lang.Object java.lang.invoke.DirectMethodHandle$Holder.invokeInterface(java.lang.Object, java.lang.Object, java.lang.Object)'> (0x0000000089b74550) 
thrown [t:\workspace\open\src\hotspot\share\interpreter\linkResolver.cpp, line 766]
Event: 1.453 Thread 0x000001da1433fcf0 Exception <a 'java/lang/IncompatibleClassChangeError'{0x0000000089b77ed8}: Found class java.lang.Object, but interface was expected> (0x0000000089b77ed8) 
thrown [t:\workspace\open\src\hotspot\share\interpreter\linkResolver.cpp, line 833]
Event: 1.520 Thread 0x000001da1433fcf0 Exception <a 'java/lang/ClassNotFoundException'{0x0000000089997b00}: com/sun/javafx/scene/control/skin/resources/controls> (0x0000000089997b00) 
thrown [t:\workspace\open\src\hotspot\share\prims\jni.cpp, line 535]
Event: 1.521 Thread 0x000001da1433fcf0 Exception <a 'java/lang/ClassNotFoundException'{0x00000000899a5aa0}: com/sun/javafx/scene/control/skin/resources/controls_es> (0x00000000899a5aa0) 
thrown [t:\workspace\open\src\hotspot\share\prims\jni.cpp, line 535]
Event: 1.522 Thread 0x000001da1433fcf0 Exception <a 'java/lang/ClassNotFoundException'{0x00000000899b3700}: com/sun/javafx/scene/control/skin/resources/controls_es_UY> (0x00000000899b3700) 
thrown [t:\workspace\open\src\hotspot\share\prims\jni.cpp, line 535]
Event: 1.537 Thread 0x000001da1433fcf0 Implicit null exception at 0x000001da07b3fa81 to 0x000001da07b41254
Event: 1.713 Thread 0x000001da1433fcf0 Exception <a 'java/lang/NoSuchMethodError'{0x0000000088f61cb0}: 'void java.lang.invoke.DirectMethodHandle$Holder.invokeSpecial(java.lang.Object, java.lang.Object, java.lang.Object, java.lang.Object, java.lang.Object, java.lang.Object)'> (0x0000000088f61cb0) 
thrown [t:\workspace\open\src\hotspot\share\interpreter\linkResolver.cpp, line 766]
Event: 1.851 Thread 0x000001da1433fcf0 Exception <a 'java/lang/NoSuchMethodError'{0x0000000088bec730}: 'java.lang.Object java.lang.invoke.DirectMethodHandle$Holder.newInvokeSpecial(java.lang.Object, java.lang.Object, int)'> (0x0000000088bec730) 
thrown [t:\workspace\open\src\hotspot\share\interpreter\linkResolver.cpp, line 766]
Event: 1.904 Thread 0x000001da14d669e0 Exception <a 'java/lang/NoSuchMethodError'{0x000000008891b790}: 'int java.lang.invoke.DirectMethodHandle$Holder.invokeStaticInit(java.lang.Object, java.lang.Object)'> (0x000000008891b790) 
thrown [t:\workspace\open\src\hotspot\share\interpreter\linkResolver.cpp, line 766]
Event: 3.259 Thread 0x000001da1433fcf0 Exception <a 'java/lang/NoSuchMethodError'{0x00000000886dc6d8}: 'long java.lang.invoke.DirectMethodHandle$Holder.invokeStatic(java.lang.Object, java.lang.Object, java.lang.Object)'> (0x00000000886dc6d8) 
thrown [t:\workspace\open\src\hotspot\share\interpreter\linkResolver.cpp, line 766]
Event: 3.260 Thread 0x000001da1433fcf0 Exception <a 'java/lang/NoSuchMethodError'{0x00000000886dfe80}: 'long java.lang.invoke.DirectMethodHandle$Holder.invokeStaticInit(java.lang.Object, java.lang.Object, java.lang.Object)'> (0x00000000886dfe80) 
thrown [t:\workspace\open\src\hotspot\share\interpreter\linkResolver.cpp, line 766]
Event: 3.266 Thread 0x000001da1433fcf0 Exception <a 'java/lang/NoSuchMethodError'{0x00000000886f7a88}: 'java.lang.Object java.lang.invoke.DirectMethodHandle$Holder.newInvokeSpecial(java.lang.Object, java.lang.Object, long)'> (0x00000000886f7a88) 
thrown [t:\workspace\open\src\hotspot\share\interpreter\linkResolver.cpp, line 766]
Event: 3.267 Thread 0x000001da1433fcf0 Exception <a 'java/lang/NoSuchMethodError'{0x00000000886fb5f8}: 'java.lang.Object java.lang.invoke.Invokers$Holder.linkToTargetMethod(java.lang.Object, long, java.lang.Object)'> (0x00000000886fb5f8) 
thrown [t:\workspace\open\src\hotspot\share\interpreter\linkResolver.cpp, line 766]
Event: 3.313 Thread 0x000001da1433fcf0 Exception <a 'sun/nio/fs/WindowsException'{0x0000000088521508}> (0x0000000088521508) 
thrown [t:\workspace\open\src\hotspot\share\prims\jni.cpp, line 516]
Event: 7.768 Thread 0x000001da1433fcf0 Exception <a 'java/lang/ClassCastException'{0x0000000087e84510}: class com.example.demo2.controladorCreacionPreguntas cannot be cast to class com.example.demo2.controladorvistaagregar (com.example.demo2.controladorCreacionPreguntas and com.example.demo2.controladorvistaagregar are in module com.example.demo2 of loader 'app')> (0x0000000087e84510) 
thrown [t:\workspace\open\src\hotspot\share\interpreter\interpreterRuntime.cpp, line 444]
Event: 7.768 Thread 0x000001da1433fcf0 Exception <a 'java/lang/reflect/InvocationTargetException'{0x0000000087e85528}> (0x0000000087e85528) 
thrown [t:\workspace\open\src\hotspot\share\runtime\reflection.cpp, line 1121]

VM Operations (20 events):
Event: 1.610 Executing VM operation: ICBufferFull done
Event: 1.824 Executing VM operation: ICBufferFull
Event: 1.824 Executing VM operation: ICBufferFull done
Event: 3.564 Executing VM operation: ICBufferFull
Event: 3.564 Executing VM operation: ICBufferFull done
Event: 4.565 Executing VM operation: Cleanup
Event: 4.565 Executing VM operation: Cleanup done
Event: 5.566 Executing VM operation: Cleanup
Event: 5.566 Executing VM operation: Cleanup done
Event: 5.812 Executing VM operation: HandshakeAllThreads
Event: 5.812 Executing VM operation: HandshakeAllThreads done
Event: 6.812 Executing VM operation: Cleanup
Event: 6.812 Executing VM operation: Cleanup done
Event: 7.812 Executing VM operation: Cleanup
Event: 7.812 Executing VM operation: Cleanup done
Event: 8.813 Executing VM operation: Cleanup
Event: 8.813 Executing VM operation: Cleanup done
Event: 10.813 Executing VM operation: Cleanup
Event: 10.813 Executing VM operation: Cleanup done
Event: 21.651 Executing VM operation: Exit

Events (20 events):
Event: 5.199 loading class java/text/BreakIterator$BreakIteratorCache
Event: 5.199 loading class java/text/BreakIterator$BreakIteratorCache done
Event: 5.199 loading class java/text/StringCharacterIterator
Event: 5.199 loading class java/text/StringCharacterIterator done
Event: 5.814 loading class java/io/SequenceInputStream
Event: 5.814 loading class java/io/SequenceInputStream done
Event: 5.817 loading class java/util/Vector$1
Event: 5.817 loading class java/util/Vector$1 done
Event: 6.567 Thread 0x000001da1d0820d0 Thread added: 0x000001da1d0820d0
Event: 6.772 Thread 0x000001da1d0820d0 Thread exited: 0x000001da1d0820d0
Event: 7.768 loading class java/lang/Throwable$WrappedPrintStream
Event: 7.768 loading class java/lang/Throwable$PrintStreamOrWriter
Event: 7.768 loading class java/lang/Throwable$PrintStreamOrWriter done
Event: 7.768 loading class java/lang/Throwable$WrappedPrintStream done
Event: 21.648 loading class jdk/internal/misc/Signal$1
Event: 21.649 loading class jdk/internal/misc/Signal$1 done
Event: 21.649 Thread 0x000001da141a54c0 Thread added: 0x000001da141a54c0
Event: 21.649 Thread 0x000001da141a6800 Thread added: 0x000001da141a6800
Event: 21.649 Thread 0x000001da141a4180 Thread added: 0x000001da141a4180
Event: 21.650 Thread 0x000001da141a6800 Thread exited: 0x000001da141a6800


Dynamic libraries:
0x00007ff7a02c0000 - 0x00007ff7a02d0000 	C:\Program Files\Java\jdk-17.0.2\bin\java.exe
0x00007ffdef9b0000 - 0x00007ffdefba8000 	C:\Windows\SYSTEM32\ntdll.dll
0x00007ffdeeb70000 - 0x00007ffdeec2d000 	C:\Windows\System32\KERNEL32.DLL
0x00007ffded300000 - 0x00007ffded5d3000 	C:\Windows\System32\KERNELBASE.dll
0x00007ffded6c0000 - 0x00007ffded7c0000 	C:\Windows\System32\ucrtbase.dll
0x00007ffdd87f0000 - 0x00007ffdd8808000 	C:\Program Files\Java\jdk-17.0.2\bin\jli.dll
0x00007ffdef690000 - 0x00007ffdef73e000 	C:\Windows\System32\ADVAPI32.dll
0x00007ffddd160000 - 0x00007ffddd17a000 	C:\Program Files\Java\jdk-17.0.2\bin\VCRUNTIME140.dll
0x00007ffdef8d0000 - 0x00007ffdef96e000 	C:\Windows\System32\msvcrt.dll
0x00007ffdeda70000 - 0x00007ffdedb0c000 	C:\Windows\System32\sechost.dll
0x00007ffdef7a0000 - 0x00007ffdef8c5000 	C:\Windows\System32\RPCRT4.dll
0x00007ffdef300000 - 0x00007ffdef49e000 	C:\Windows\System32\USER32.dll
0x00007ffded2d0000 - 0x00007ffded2f2000 	C:\Windows\System32\win32u.dll
0x00007ffdef770000 - 0x00007ffdef79c000 	C:\Windows\System32\GDI32.dll
0x00007ffded860000 - 0x00007ffded974000 	C:\Windows\System32\gdi32full.dll
0x00007ffded7c0000 - 0x00007ffded85d000 	C:\Windows\System32\msvcp_win.dll
0x00007ffddbe80000 - 0x00007ffddc11a000 	C:\Windows\WinSxS\amd64_microsoft.windows.common-controls_6595b64144ccf1df_6.0.19041.1110_none_60b5254171f9507e\COMCTL32.dll
0x00007ffddc720000 - 0x00007ffddc72a000 	C:\Windows\SYSTEM32\VERSION.dll
0x00007ffdef740000 - 0x00007ffdef770000 	C:\Windows\System32\IMM32.DLL
0x00007ffde1c60000 - 0x00007ffde1c6c000 	C:\Program Files\Java\jdk-17.0.2\bin\vcruntime140_1.dll
0x00007ffdce070000 - 0x00007ffdce0fd000 	C:\Program Files\Java\jdk-17.0.2\bin\msvcp140.dll
0x00007ffda8da0000 - 0x00007ffda9961000 	C:\Program Files\Java\jdk-17.0.2\bin\server\jvm.dll
0x00007ffdee1d0000 - 0x00007ffdee1d8000 	C:\Windows\System32\PSAPI.DLL
0x00007ffde7b10000 - 0x00007ffde7b19000 	C:\Windows\SYSTEM32\WSOCK32.dll
0x00007ffdeecc0000 - 0x00007ffdeed2b000 	C:\Windows\System32\WS2_32.dll
0x00007ffdd9df0000 - 0x00007ffdd9e17000 	C:\Windows\SYSTEM32\WINMM.dll
0x00007ffdeaf90000 - 0x00007ffdeafa2000 	C:\Windows\SYSTEM32\kernel.appcore.dll
0x00007ffde0730000 - 0x00007ffde073a000 	C:\Program Files\Java\jdk-17.0.2\bin\jimage.dll
0x00007ffdd3bf0000 - 0x00007ffdd3dd4000 	C:\Windows\SYSTEM32\DBGHELP.DLL
0x00007ffdd3aa0000 - 0x00007ffdd3acc000 	C:\Windows\SYSTEM32\dbgcore.DLL
0x00007ffded980000 - 0x00007ffdeda02000 	C:\Windows\System32\bcryptPrimitives.dll
0x00007ffde7430000 - 0x00007ffde743e000 	C:\Program Files\Java\jdk-17.0.2\bin\instrument.dll
0x00007ffdd59e0000 - 0x00007ffdd5a05000 	C:\Program Files\Java\jdk-17.0.2\bin\java.dll
0x00007ffdc93c0000 - 0x00007ffdc9496000 	C:\Program Files\Java\jdk-17.0.2\bin\jsvml.dll
0x00007ffdee420000 - 0x00007ffdeeb63000 	C:\Windows\System32\SHELL32.dll
0x00007ffdeb190000 - 0x00007ffdeb924000 	C:\Windows\SYSTEM32\windows.storage.dll
0x00007ffdedcc0000 - 0x00007ffdee014000 	C:\Windows\System32\combase.dll
0x00007ffdecaa0000 - 0x00007ffdecad0000 	C:\Windows\SYSTEM32\Wldp.dll
0x00007ffdef500000 - 0x00007ffdef5ad000 	C:\Windows\System32\SHCORE.dll
0x00007ffdef4a0000 - 0x00007ffdef4f5000 	C:\Windows\System32\shlwapi.dll
0x00007ffdecff0000 - 0x00007ffded00f000 	C:\Windows\SYSTEM32\profapi.dll
0x00007ffdd7db0000 - 0x00007ffdd7dc9000 	C:\Program Files\Java\jdk-17.0.2\bin\net.dll
0x00007ffde0da0000 - 0x00007ffde0ead000 	C:\Windows\SYSTEM32\WINHTTP.dll
0x00007ffdec800000 - 0x00007ffdec86a000 	C:\Windows\system32\mswsock.dll
0x00007ffdd75e0000 - 0x00007ffdd75f6000 	C:\Program Files\Java\jdk-17.0.2\bin\nio.dll
0x00007ffdd5e80000 - 0x00007ffdd5e98000 	C:\Program Files\Java\jdk-17.0.2\bin\zip.dll
0x00007ffdd5e40000 - 0x00007ffdd5e5a000 	C:\Program Files\JetBrains\IntelliJ IDEA 2022.1.3\bin\breakgen64.dll
0x000001da12f70000 - 0x000001da12f73000 	C:\Users\Andres\.openjfx\cache\17.0.1\api-ms-win-core-console-l1-1-0.dll
0x000001da12f80000 - 0x000001da12f83000 	C:\Users\Andres\.openjfx\cache\17.0.1\api-ms-win-core-console-l1-2-0.dll
0x000001da12f90000 - 0x000001da12f93000 	C:\Users\Andres\.openjfx\cache\17.0.1\api-ms-win-core-datetime-l1-1-0.dll
0x000001da12fa0000 - 0x000001da12fa3000 	C:\Users\Andres\.openjfx\cache\17.0.1\api-ms-win-core-debug-l1-1-0.dll
0x000001da12fb0000 - 0x000001da12fb3000 	C:\Users\Andres\.openjfx\cache\17.0.1\api-ms-win-core-errorhandling-l1-1-0.dll
0x000001da12fc0000 - 0x000001da12fc4000 	C:\Users\Andres\.openjfx\cache\17.0.1\api-ms-win-core-file-l1-1-0.dll
0x000001da12fd0000 - 0x000001da12fd3000 	C:\Users\Andres\.openjfx\cache\17.0.1\api-ms-win-core-file-l1-2-0.dll
0x000001da12fe0000 - 0x000001da12fe3000 	C:\Users\Andres\.openjfx\cache\17.0.1\api-ms-win-core-file-l2-1-0.dll
0x000001da12ff0000 - 0x000001da12ff3000 	C:\Users\Andres\.openjfx\cache\17.0.1\api-ms-win-core-handle-l1-1-0.dll
0x000001da154f0000 - 0x000001da154f3000 	C:\Users\Andres\.openjfx\cache\17.0.1\api-ms-win-core-heap-l1-1-0.dll
0x000001da15500000 - 0x000001da15503000 	C:\Users\Andres\.openjfx\cache\17.0.1\api-ms-win-core-interlocked-l1-1-0.dll
0x000001da15510000 - 0x000001da15513000 	C:\Users\Andres\.openjfx\cache\17.0.1\api-ms-win-core-libraryloader-l1-1-0.dll
0x000001da15520000 - 0x000001da15523000 	C:\Users\Andres\.openjfx\cache\17.0.1\api-ms-win-core-localization-l1-2-0.dll
0x000001da15530000 - 0x000001da15533000 	C:\Users\Andres\.openjfx\cache\17.0.1\api-ms-win-core-memory-l1-1-0.dll
0x000001da15540000 - 0x000001da15543000 	C:\Users\Andres\.openjfx\cache\17.0.1\api-ms-win-core-namedpipe-l1-1-0.dll
0x000001da15550000 - 0x000001da15553000 	C:\Users\Andres\.openjfx\cache\17.0.1\api-ms-win-core-processenvironment-l1-1-0.dll
0x000001da15560000 - 0x000001da15563000 	C:\Users\Andres\.openjfx\cache\17.0.1\api-ms-win-core-processthreads-l1-1-0.dll
0x000001da15570000 - 0x000001da15573000 	C:\Users\Andres\.openjfx\cache\17.0.1\api-ms-win-core-processthreads-l1-1-1.dll
0x000001da156b0000 - 0x000001da156b3000 	C:\Users\Andres\.openjfx\cache\17.0.1\api-ms-win-core-profile-l1-1-0.dll
0x000001da156c0000 - 0x000001da156c3000 	C:\Users\Andres\.openjfx\cache\17.0.1\api-ms-win-core-rtlsupport-l1-1-0.dll
0x000001da156d0000 - 0x000001da156d3000 	C:\Users\Andres\.openjfx\cache\17.0.1\api-ms-win-core-string-l1-1-0.dll
0x000001da156e0000 - 0x000001da156e3000 	C:\Users\Andres\.openjfx\cache\17.0.1\api-ms-win-core-synch-l1-1-0.dll
0x000001da156f0000 - 0x000001da156f3000 	C:\Users\Andres\.openjfx\cache\17.0.1\api-ms-win-core-synch-l1-2-0.dll
0x000001da15700000 - 0x000001da15703000 	C:\Users\Andres\.openjfx\cache\17.0.1\api-ms-win-core-sysinfo-l1-1-0.dll
0x000001da15710000 - 0x000001da15713000 	C:\Users\Andres\.openjfx\cache\17.0.1\api-ms-win-core-timezone-l1-1-0.dll
0x000001da15720000 - 0x000001da15723000 	C:\Users\Andres\.openjfx\cache\17.0.1\api-ms-win-core-util-l1-1-0.dll
0x000001da15690000 - 0x000001da15693000 	C:\Users\Andres\.openjfx\cache\17.0.1\api-ms-win-crt-conio-l1-1-0.dll
0x000001da156a0000 - 0x000001da156a4000 	C:\Users\Andres\.openjfx\cache\17.0.1\api-ms-win-crt-convert-l1-1-0.dll
0x000001da15860000 - 0x000001da15863000 	C:\Users\Andres\.openjfx\cache\17.0.1\api-ms-win-crt-environment-l1-1-0.dll
0x000001da15870000 - 0x000001da15873000 	C:\Users\Andres\.openjfx\cache\17.0.1\api-ms-win-crt-filesystem-l1-1-0.dll
0x000001da15730000 - 0x000001da15733000 	C:\Users\Andres\.openjfx\cache\17.0.1\api-ms-win-crt-heap-l1-1-0.dll
0x000001da15740000 - 0x000001da15743000 	C:\Users\Andres\.openjfx\cache\17.0.1\api-ms-win-crt-locale-l1-1-0.dll
0x000001da15750000 - 0x000001da15755000 	C:\Users\Andres\.openjfx\cache\17.0.1\api-ms-win-crt-math-l1-1-0.dll
0x000001da15760000 - 0x000001da15765000 	C:\Users\Andres\.openjfx\cache\17.0.1\api-ms-win-crt-multibyte-l1-1-0.dll
0x000001da15770000 - 0x000001da15780000 	C:\Users\Andres\.openjfx\cache\17.0.1\api-ms-win-crt-private-l1-1-0.dll
0x000001da15780000 - 0x000001da15783000 	C:\Users\Andres\.openjfx\cache\17.0.1\api-ms-win-crt-process-l1-1-0.dll
0x000001da15790000 - 0x000001da15794000 	C:\Users\Andres\.openjfx\cache\17.0.1\api-ms-win-crt-runtime-l1-1-0.dll
0x000001da157a0000 - 0x000001da157a4000 	C:\Users\Andres\.openjfx\cache\17.0.1\api-ms-win-crt-stdio-l1-1-0.dll
0x000001da157b0000 - 0x000001da157b4000 	C:\Users\Andres\.openjfx\cache\17.0.1\api-ms-win-crt-string-l1-1-0.dll
0x000001da157c0000 - 0x000001da157c3000 	C:\Users\Andres\.openjfx\cache\17.0.1\api-ms-win-crt-time-l1-1-0.dll
0x000001da15580000 - 0x000001da15583000 	C:\Users\Andres\.openjfx\cache\17.0.1\api-ms-win-crt-utility-l1-1-0.dll
0x00007ffdc92c0000 - 0x00007ffdc93bc000 	C:\Users\Andres\.openjfx\cache\17.0.1\ucrtbase.dll
0x00007ffdd5e20000 - 0x00007ffdd5e3a000 	C:\Users\Andres\.openjfx\cache\17.0.1\vcruntime140.dll
0x00007ffdd87e0000 - 0x00007ffdd87ec000 	C:\Users\Andres\.openjfx\cache\17.0.1\vcruntime140_1.dll
0x00007ffdcc790000 - 0x00007ffdcc81d000 	C:\Users\Andres\.openjfx\cache\17.0.1\msvcp140.dll
0x00007ffdd5cc0000 - 0x00007ffdd5cea000 	C:\Users\Andres\.openjfx\cache\17.0.1\prism_d3d.dll
0x00007ffdc8f10000 - 0x00007ffdc90df000 	C:\Windows\system32\d3d9.dll
0x00007ffdeaba0000 - 0x00007ffdeabcf000 	C:\Windows\SYSTEM32\dwmapi.dll
0x00007ffdeaab0000 - 0x00007ffdeab4e000 	C:\Windows\system32\uxtheme.dll
0x00007ffdb6c00000 - 0x00007ffdb913d000 	C:\Windows\SYSTEM32\igdumdim64.dll
0x00007ffdef1d0000 - 0x00007ffdef29d000 	C:\Windows\System32\OLEAUT32.dll
0x00007ffdedb90000 - 0x00007ffdedcba000 	C:\Windows\System32\ole32.dll
0x00007ffdeed40000 - 0x00007ffdef1af000 	C:\Windows\System32\SETUPAPI.dll
0x00007ffded0b0000 - 0x00007ffded0fe000 	C:\Windows\System32\cfgmgr32.dll
0x00007ffded690000 - 0x00007ffded6b7000 	C:\Windows\System32\bcrypt.dll
0x00007ffdcc260000 - 0x00007ffdcc2a2000 	C:\Users\Andres\.openjfx\cache\17.0.1\glass.dll
0x00007ffdef5b0000 - 0x00007ffdef68a000 	C:\Windows\System32\COMDLG32.dll
0x00007ffdee2f0000 - 0x00007ffdee405000 	C:\Windows\System32\MSCTF.dll
0x00007ffde2b50000 - 0x00007ffde358f000 	C:\Windows\SYSTEM32\igdusc64.dll
0x00007ffde9940000 - 0x00007ffde997b000 	C:\Windows\SYSTEM32\dxcore.dll
0x00007ffdd5bc0000 - 0x00007ffdd5bd4000 	C:\Users\Andres\.openjfx\cache\17.0.1\javafx_font.dll
0x00007ffde5f00000 - 0x00007ffde617f000 	C:\Windows\SYSTEM32\dwrite.dll
0x00007ffdee1e0000 - 0x00007ffdee28f000 	C:\Windows\System32\clbcatq.dll
0x00007ffde5d20000 - 0x00007ffde5ed4000 	C:\Windows\SYSTEM32\WindowsCodecs.dll
0x00007ffdd7960000 - 0x00007ffdd799e000 	C:\Windows\system32\dataexchange.dll
0x00007ffde96d0000 - 0x00007ffde98b3000 	C:\Windows\system32\dcomp.dll
0x00007ffde84d0000 - 0x00007ffde8733000 	C:\Windows\system32\d3d11.dll
0x00007ffdeb970000 - 0x00007ffdeba63000 	C:\Windows\system32\dxgi.dll
0x00007ffde6e50000 - 0x00007ffde7050000 	C:\Windows\system32\twinapi.appcore.dll
0x00007ffdd50c0000 - 0x00007ffdd50f4000 	C:\Program Files\Common Files\Microsoft Shared\Ink\rtscom.dll
0x00007ffde9460000 - 0x00007ffde9559000 	C:\Windows\SYSTEM32\textinputframework.dll
0x00007ffde9560000 - 0x00007ffde9652000 	C:\Windows\System32\CoreMessaging.dll
0x00007ffde9100000 - 0x00007ffde945e000 	C:\Windows\System32\CoreUIComponents.dll
0x00007ffdec1d0000 - 0x00007ffdec203000 	C:\Windows\SYSTEM32\ntmarta.dll
0x00007ffde9f60000 - 0x00007ffdea0b4000 	C:\Windows\SYSTEM32\wintypes.dll

dbghelp: loaded successfully - version: 4.0.5 - missing functions: none
symbol engine: initialized successfully - sym options: 0x614 - pdb path: .;C:\Program Files\Java\jdk-17.0.2\bin;C:\Windows\SYSTEM32;C:\Windows\WinSxS\amd64_microsoft.windows.common-controls_6595b64144ccf1df_6.0.19041.1110_none_60b5254171f9507e;C:\Program Files\Java\jdk-17.0.2\bin\server;C:\Program Files\JetBrains\IntelliJ IDEA 2022.1.3\bin;C:\Users\Andres\.openjfx\cache\17.0.1;C:\Program Files\Common Files\Microsoft Shared\Ink

VM Arguments:
jvm_args: -javaagent:C:\Program Files\JetBrains\IntelliJ IDEA 2022.1.3\lib\idea_rt.jar=54631:C:\Program Files\JetBrains\IntelliJ IDEA 2022.1.3\bin -Dfile.encoding=UTF-8 --module-path=C:\Users\Andres\.m2\repository\org\openjfx\javafx-controls\17.0.1\javafx-controls-17.0.1-win.jar;C:\Users\Andres\.m2\repository\org\openjfx\javafx-base\17.0.1\javafx-base-17.0.1-win.jar;C:\Users\Andres\.m2\repository\org\openjfx\javafx-graphics\17.0.1\javafx-graphics-17.0.1-win.jar;C:\Users\Andres\.m2\repository\org\openjfx\javafx-fxml\17.0.1\javafx-fxml-17.0.1-win.jar;C:\Users\Andres\IdeaProjects\demo2\target\classes -Djdk.module.main=com.example.demo2 
java_command: com.example.demo2/com.example.demo2.HelloApplication
java_class_path (initial): C:\Users\Andres\.m2\repository\org\openjfx\javafx-controls\17.0.1\javafx-controls-17.0.1.jar;C:\Users\Andres\.m2\repository\org\openjfx\javafx-graphics\17.0.1\javafx-graphics-17.0.1.jar;C:\Users\Andres\.m2\repository\org\openjfx\javafx-base\17.0.1\javafx-base-17.0.1.jar;C:\Users\Andres\.m2\repository\org\openjfx\javafx-fxml\17.0.1\javafx-fxml-17.0.1.jar
Launcher Type: SUN_STANDARD

[Global flags]
     intx CICompilerCount                          = 3                                         {product} {ergonomic}
     uint ConcGCThreads                            = 1                                         {product} {ergonomic}
     uint G1ConcRefinementThreads                  = 4                                         {product} {ergonomic}
   size_t G1HeapRegionSize                         = 1048576                                   {product} {ergonomic}
    uintx GCDrainStackTargetSize                   = 64                                        {product} {ergonomic}
   size_t InitialHeapSize                          = 132120576                                 {product} {ergonomic}
   size_t MarkStackSize                            = 4194304                                   {product} {ergonomic}
   size_t MaxHeapSize                              = 2101346304                                {product} {ergonomic}
   size_t MaxNewSize                               = 1260388352                                {product} {ergonomic}
   size_t MinHeapDeltaBytes                        = 1048576                                   {product} {ergonomic}
   size_t MinHeapSize                              = 8388608                                   {product} {ergonomic}
    uintx NonNMethodCodeHeapSize                   = 5832780                                {pd product} {ergonomic}
    uintx NonProfiledCodeHeapSize                  = 122912730                              {pd product} {ergonomic}
    uintx ProfiledCodeHeapSize                     = 122912730                              {pd product} {ergonomic}
    uintx ReservedCodeCacheSize                    = 251658240                              {pd product} {ergonomic}
     bool SegmentedCodeCache                       = true                                      {product} {ergonomic}
   size_t SoftMaxHeapSize                          = 2101346304                             {manageable} {ergonomic}
     bool UseCompressedClassPointers               = true                           {product lp64_product} {ergonomic}
     bool UseCompressedOops                        = true                           {product lp64_product} {ergonomic}
     bool UseG1GC                                  = true                                      {product} {ergonomic}
     bool UseLargePagesIndividualAllocation        = false                                  {pd product} {ergonomic}

Logging:
Log output configuration:
 #0: stdout all=off uptime,level,tags
 #1: stderr all=off uptime,level,tags

Environment Variables:
PATH=C:\Program Files\Common Files\Oracle\Java\javapath;C:\Program Files (x86)\Common Files\Oracle\Java\javapath;C:\watcom-1.3\binnt;C:\watcom-1.3\binw;C:\Windows\system32;C:\Windows;C:\Windows\System32\Wbem;C:\Windows\System32\WindowsPowerShell\v1.0\;C:\Windows\System32\OpenSSH\;C:\Program Files\Git\cmd;C:\Users\Andres\AppData\Local\Microsoft\WindowsApps;C:\Users\Andres\AppData\Local\Programs\Microsoft VS Code\bin;C++ Compiler: C:\Program Files (x86)\Dev-Cpp\MinGW64\bin\g++.exe;
USERNAME=Andres
OS=Windows_NT
PROCESSOR_IDENTIFIER=Intel64 Family 6 Model 60 Stepping 3, GenuineIntel



---------------  S Y S T E M  ---------------

OS:
 Windows 10 , 64 bit Build 19041 (10.0.19041.1889)
OS uptime: 1 days 2:23 hours

CPU: total 4 (initial active 4) (2 cores per cpu, 2 threads per core) family 6 model 60 stepping 3 microcode 0x27, cx8, cmov, fxsr, ht, mmx, sse, sse2, sse3, ssse3, sse4.1, sse4.2, popcnt, lzcnt, tsc, tscinvbit, avx, avx2, aes, erms, clmul, bmi1, bmi2, fma, vzeroupper, clflush

Memory: 4k page, system-wide physical 8009M (1462M free)
TotalPageFile size 9843M (AvailPageFile size 1315M)
current process WorkingSet (physical memory assigned to process): 149M, peak: 164M
current process commit charge ("private bytes"): 274M, peak: 295M

vm_info: Java HotSpot(TM) 64-Bit Server VM (17.0.2+8-LTS-86) for windows-amd64 JRE (17.0.2+8-LTS-86), built on Dec  7 2021 21:51:03 by "mach5one" with MS VC++ 16.8 / 16.9 (VS2019)

END.
