#
# A fatal error has been detected by the Java Runtime Environment:
#
#  EXCEPTION_ACCESS_VIOLATION (0xc0000005) at pc=0x00007ffdcc286a87, pid=6920, tid=9724
#
# JRE version: Java(TM) SE Runtime Environment (17.0.2+8) (build 17.0.2+8-LTS-86)
# Java VM: Java HotSpot(TM) 64-Bit Server VM (17.0.2+8-LTS-86, mixed mode, sharing, tiered, compressed oops, compressed class ptrs, g1 gc, windows-amd64)
# Problematic frame:
# C  [glass.dll+0x26a87]
#
# No core dump will be written. Minidumps are not enabled by default on client versions of Windows
#
# If you would like to submit a bug report, please visit:
#   https://bugreport.java.com/bugreport/crash.jsp
#

---------------  S U M M A R Y ------------

Command Line: -javaagent:C:\Program Files\JetBrains\IntelliJ IDEA 2022.1.3\lib\idea_rt.jar=54439:C:\Program Files\JetBrains\IntelliJ IDEA 2022.1.3\bin -Dfile.encoding=UTF-8 --module-path=C:\Users\Andres\.m2\repository\org\openjfx\javafx-base\17.0.1\javafx-base-17.0.1-win.jar;C:\Users\Andres\.m2\repository\org\openjfx\javafx-controls\17.0.1\javafx-controls-17.0.1-win.jar;C:\Users\Andres\.m2\repository\org\openjfx\javafx-graphics\17.0.1\javafx-graphics-17.0.1-win.jar;C:\Users\Andres\.m2\repository\org\openjfx\javafx-fxml\17.0.1\javafx-fxml-17.0.1-win.jar;C:\Users\Andres\IdeaProjects\demo2\target\classes -Djdk.module.main=com.example.demo2 com.example.demo2/com.example.demo2.HelloApplication

Host: Intel(R) Core(TM) i3-4130 CPU @ 3.40GHz, 4 cores, 7G,  Windows 10 , 64 bit Build 19041 (10.0.19041.1889)
Time: Wed Sep 28 13:32:58 2022 Hora estándar de línea de fecha elapsed time: 63.004365 seconds (0d 0h 1m 3s)

---------------  T H R E A D  ---------------

Current thread (0x0000029afe6aed40):  VMThread "VM Thread" [stack: 0x000000a447200000,0x000000a447300000] [id=9724]

Stack: [0x000000a447200000,0x000000a447300000],  sp=0x000000a4472fefb0,  free space=1019k
Native frames: (J=compiled Java code, j=interpreted, Vv=VM code, C=native code)
C  [glass.dll+0x26a87]


siginfo: EXCEPTION_ACCESS_VIOLATION (0xc0000005), reading address 0x0000000000000000


Register to memory mapping:

RIP=0x00007ffdcc286a87 glass.dll
RAX=0x0 is NULL
RBX=0x0000029afe6bdf88 is a global jni handle
RCX=0x0000029afe6aed40 points into unknown readable memory: 0x00007ffda971e890 | 90 e8 71 a9 fd 7f 00 00
RDX=0x000000a4472fefb0 points into unknown readable memory: 0x0000000000000000 | 00 00 00 00 00 00 00 00
RSP=0x000000a4472fefb0 points into unknown readable memory: 0x0000000000000000 | 00 00 00 00 00 00 00 00
RBP=0x0000029aff6fdaf8 points into unknown readable memory: 0x0000a0a9124acd32 | 32 cd 4a 12 a9 a0 00 00
RSI=0x0000029aff6fdad0 points into unknown readable memory: 0xf9b0a0a8edbdfd92 | 92 fd bd ed a8 a0 b0 f9
RDI=0x0000a0a9124acd32 is an unknown value
R8 =0x0000000000010002 is an unknown value
R9 =0x0000a0a9124acd32 is an unknown value
R10=0x0000000000008000 is an unknown value
R11=0x000000a4472fef40 points into unknown readable memory: 0x0000029aff6fdad0 | d0 da 6f ff 9a 02 00 00
R12=0x00007ffdcc284354 glass.dll
R13=0x0000000000000001 is an unknown value
R14=0x000000a4472ff0a8 points into unknown readable memory: 0x000000a4472ff090 | 90 f0 2f 47 a4 00 00 00
R15=0x0000029aff6fdad0 points into unknown readable memory: 0xf9b0a0a8edbdfd92 | 92 fd bd ed a8 a0 b0 f9


Registers:
RAX=0x0000000000000000, RBX=0x0000029afe6bdf88, RCX=0x0000029afe6aed40, RDX=0x000000a4472fefb0
RSP=0x000000a4472fefb0, RBP=0x0000029aff6fdaf8, RSI=0x0000029aff6fdad0, RDI=0x0000a0a9124acd32
R8 =0x0000000000010002, R9 =0x0000a0a9124acd32, R10=0x0000000000008000, R11=0x000000a4472fef40
R12=0x00007ffdcc284354, R13=0x0000000000000001, R14=0x000000a4472ff0a8, R15=0x0000029aff6fdad0
RIP=0x00007ffdcc286a87, EFLAGS=0x0000000000010202

Top of Stack: (sp=0x000000a4472fefb0)
0x000000a4472fefb0:   0000000000000000 0000029aff6fdad0
0x000000a4472fefc0:   0000000000000001 00007ffdcc284354
0x000000a4472fefd0:   0000029aff6fdad8 00007ffded6d42d6
0x000000a4472fefe0:   0000a0a9124acd32 0000029a00000000
0x000000a4472feff0:   0000029aff6fdaf8 0000029aff6fdad0
0x000000a4472ff000:   fffffffffffffffe 0000000000000000
0x000000a4472ff010:   0000000000000001 00007ffdcc260000
0x000000a4472ff020:   000000a4472ff098 00007ffded6d41fb
0x000000a4472ff030:   0000000000000000 000000a4472ff0a8
0x000000a4472ff040:   000000a4472ff3d0 00007ffded7b0e40
0x000000a4472ff050:   0000000000000001 00007ffded6d41b4
0x000000a4472ff060:   0000000000000000 0000000000000001
0x000000a4472ff070:   0000000000000001 000000a4472ff098
0x000000a4472ff080:   0000000000000001 00007ffdcc2841e1
0x000000a4472ff090:   00007ffdcc29a138 0000000000000002
0x000000a4472ff0a0:   0000000000000002 000000a4472ff090 

Instructions: (pc=0x00007ffdcc286a87)
0x00007ffdcc286987:   8b 4d 58 e8 01 cf ff ff 48 8b 4d 60 e8 f8 ce ff
0x00007ffdcc286997:   ff 48 8b 95 80 00 00 00 48 8b 8d 18 01 00 00 e8
0x00007ffdcc2869a7:   c6 c3 ff ff 33 d2 33 c9 e8 3c e1 ff ff 90 48 89
0x00007ffdcc2869b7:   54 24 10 55 48 83 ec 20 48 8b ea 48 b8 00 00 00
0x00007ffdcc2869c7:   00 00 00 00 00 48 83 c4 20 5d c3 cc 40 55 48 8b
0x00007ffdcc2869d7:   ea 48 8b 01 33 c9 81 38 05 00 00 c0 0f 94 c1 8b
0x00007ffdcc2869e7:   c1 5d c3 cc 40 55 48 83 ec 20 48 8b ea 8a 4d 40
0x00007ffdcc2869f7:   48 83 c4 20 5d e9 f7 d2 ff ff cc 40 55 48 83 ec
0x00007ffdcc286a07:   20 48 8b ea 8a 4d 20 e8 e5 d2 ff ff 90 48 83 c4
0x00007ffdcc286a17:   20 5d c3 cc 40 55 48 83 ec 20 48 8b ea 48 83 c4
0x00007ffdcc286a27:   20 5d e9 46 d1 ff ff cc 40 55 48 83 ec 30 48 8b
0x00007ffdcc286a37:   ea 48 8b 01 8b 10 48 89 4c 24 28 89 54 24 20 4c
0x00007ffdcc286a47:   8d 0d e7 d5 ff ff 4c 8b 45 70 8b 55 68 48 8b 4d
0x00007ffdcc286a57:   60 e8 87 d0 ff ff 90 48 83 c4 30 5d c3 cc cc cc
0x00007ffdcc286a67:   cc cc cc cc cc cc cc cc cc 40 53 48 83 ec 20 48
0x00007ffdcc286a77:   8b 1d b3 30 01 00 48 85 db 74 16 e8 09 8b ff ff
0x00007ffdcc286a87:   4c 8b 00 48 8b d3 48 8b c8 41 ff 90 b0 00 00 00
0x00007ffdcc286a97:   90 48 83 c4 20 5b c3 cc cc 40 53 48 83 ec 20 48
0x00007ffdcc286aa7:   8b 1d 2b 32 01 00 48 85 db 74 57 b8 ff ff ff ff
0x00007ffdcc286ab7:   f0 0f c1 43 10 83 f8 01 75 3d 48 85 db 74 38 48
0x00007ffdcc286ac7:   8b 0b 48 85 c9 74 0d ff 15 d4 07 00 00 48 c7 03
0x00007ffdcc286ad7:   00 00 00 00 48 8b 4b 08 48 85 c9 74 0d e8 a7 cd
0x00007ffdcc286ae7:   ff ff 48 c7 43 08 00 00 00 00 ba 18 00 00 00 48
0x00007ffdcc286af7:   8b cb e8 92 cd ff ff 48 c7 05 cf 31 01 00 00 00
0x00007ffdcc286b07:   00 00 48 83 c4 20 5b c3 cc 40 53 48 83 ec 20 48
0x00007ffdcc286b17:   8b 1d 9b 31 01 00 48 85 db 74 57 b8 ff ff ff ff
0x00007ffdcc286b27:   f0 0f c1 43 10 83 f8 01 75 3d 48 85 db 74 38 48
0x00007ffdcc286b37:   8b 0b 48 85 c9 74 0d ff 15 64 07 00 00 48 c7 03
0x00007ffdcc286b47:   00 00 00 00 48 8b 4b 08 48 85 c9 74 0d e8 37 cd
0x00007ffdcc286b57:   ff ff 48 c7 43 08 00 00 00 00 ba 18 00 00 00 48
0x00007ffdcc286b67:   8b cb e8 22 cd ff ff 48 c7 05 3f 31 01 00 00 00
0x00007ffdcc286b77:   00 00 48 83 c4 20 5b c3 cc 40 53 48 83 ec 20 48 


Stack slot to memory mapping:
stack at sp + 0 slots: 0x0 is NULL
stack at sp + 1 slots: 0x0000029aff6fdad0 points into unknown readable memory: 0xf9b0a0a8edbdfd92 | 92 fd bd ed a8 a0 b0 f9
stack at sp + 2 slots: 0x0000000000000001 is an unknown value
stack at sp + 3 slots: 0x00007ffdcc284354 glass.dll
stack at sp + 4 slots: 0x0000029aff6fdad8 points into unknown readable memory: 0x0000a0a9124acd32 | 32 cd 4a 12 a9 a0 00 00
stack at sp + 5 slots: 0x00007ffded6d42d6 ucrtbase.dll
stack at sp + 6 slots: 0x0000a0a9124acd32 is an unknown value
stack at sp + 7 slots: 0x0000029a00000000 is an unknown value

VM_Operation (0x000000a4469ff210): Exit, mode: safepoint, requested by thread 0x0000029affb53690


---------------  P R O C E S S  ---------------

Threads class SMR info:
_java_thread_list=0x0000029a861cd460, length=20, elements={
0x0000029ae6e1e330, 0x0000029afe6b7c70, 0x0000029afe6b89f0, 0x0000029afe6cb1f0,
0x0000029afe6cbab0, 0x0000029afe6cc370, 0x0000029afe6ccf60, 0x0000029afe6e5520,
0x0000029afe6f65e0, 0x0000029afe6a0110, 0x0000029aff9dac90, 0x0000029aff974bd0,
0x0000029a85f48430, 0x0000029affc7c9a0, 0x0000029affc44f90, 0x0000029affb50b40,
0x0000029affb51e80, 0x0000029affb531c0, 0x0000029affb54030, 0x0000029affb53690
}

Java Threads: ( => current thread )
  0x0000029ae6e1e330 JavaThread "main" [_thread_blocked, id=10024, stack(0x000000a446c00000,0x000000a446d00000)]
  0x0000029afe6b7c70 JavaThread "Reference Handler" daemon [_thread_blocked, id=10016, stack(0x000000a447300000,0x000000a447400000)]
  0x0000029afe6b89f0 JavaThread "Finalizer" daemon [_thread_blocked, id=6888, stack(0x000000a447400000,0x000000a447500000)]
  0x0000029afe6cb1f0 JavaThread "Attach Listener" daemon [_thread_blocked, id=4980, stack(0x000000a447600000,0x000000a447700000)]
  0x0000029afe6cbab0 JavaThread "Service Thread" daemon [_thread_blocked, id=4368, stack(0x000000a447700000,0x000000a447800000)]
  0x0000029afe6cc370 JavaThread "Monitor Deflation Thread" daemon [_thread_blocked, id=3184, stack(0x000000a447800000,0x000000a447900000)]
  0x0000029afe6ccf60 JavaThread "C2 CompilerThread0" daemon [_thread_blocked, id=4504, stack(0x000000a447900000,0x000000a447a00000)]
  0x0000029afe6e5520 JavaThread "C1 CompilerThread0" daemon [_thread_blocked, id=9644, stack(0x000000a447a00000,0x000000a447b00000)]
  0x0000029afe6f65e0 JavaThread "Sweeper thread" daemon [_thread_blocked, id=8788, stack(0x000000a447b00000,0x000000a447c00000)]
  0x0000029afe6a0110 JavaThread "Common-Cleaner" daemon [_thread_blocked, id=4900, stack(0x000000a447c00000,0x000000a447d00000)]
  0x0000029aff9dac90 JavaThread "Monitor Ctrl-Break" daemon [_thread_in_native, id=2760, stack(0x000000a447e00000,0x000000a447f00000)]
  0x0000029aff974bd0 JavaThread "Notification Thread" daemon [_thread_blocked, id=8528, stack(0x000000a447f00000,0x000000a448000000)]
  0x0000029a85f48430 JavaThread "QuantumRenderer-0" daemon [_thread_blocked, id=6092, stack(0x000000a448100000,0x000000a448200000)]
  0x0000029affc7c9a0 JavaThread "InvokeLaterDispatcher" daemon [_thread_blocked, id=6772, stack(0x000000a448500000,0x000000a448600000)]
  0x0000029affc44f90 JavaThread "JavaFX Application Thread" [_thread_in_native, id=9928, stack(0x000000a448600000,0x000000a448700000)]
  0x0000029affb50b40 JavaThread "Thread-1" daemon [_thread_in_native, id=7924, stack(0x000000a448a00000,0x000000a448b00000)]
  0x0000029affb51e80 JavaThread "JavaFX-Launcher" [_thread_blocked, id=3836, stack(0x000000a447d00000,0x000000a447e00000)]
  0x0000029affb531c0 JavaThread "Prism Font Disposer" daemon [_thread_blocked, id=9356, stack(0x000000a448f00000,0x000000a449000000)]
  0x0000029affb54030 JavaThread "Cleaner-0" daemon [_thread_blocked, id=6220, stack(0x000000a449000000,0x000000a449100000)]
  0x0000029affb53690 JavaThread "SIGINT handler" daemon [_thread_blocked, id=9952, stack(0x000000a446900000,0x000000a446a00000)]

Other Threads:
=>0x0000029afe6aed40 VMThread "VM Thread" [stack: 0x000000a447200000,0x000000a447300000] [id=9724]
  0x0000029ae6e5acf0 GCTaskThread "GC Thread#0" [stack: 0x000000a446d00000,0x000000a446e00000] [id=7816]
  0x0000029affc77e50 GCTaskThread "GC Thread#1" [stack: 0x000000a448200000,0x000000a448300000] [id=5804]
  0x0000029aff9cacc0 GCTaskThread "GC Thread#2" [stack: 0x000000a448300000,0x000000a448400000] [id=8768]
  0x0000029a85f5f6a0 GCTaskThread "GC Thread#3" [stack: 0x000000a448400000,0x000000a448500000] [id=10220]
  0x0000029ae6e6b800 ConcurrentGCThread "G1 Main Marker" terminated
  0x0000029ae6e6c9b0 ConcurrentGCThread "G1 Conc#0" [stack: 0x000000a446f00000,0x000000a447000000] [id=10044]
  0x0000029ae6ee4660 ConcurrentGCThread "G1 Refine#0" terminated
  0x0000029ae6ee5fa0 ConcurrentGCThread "G1 Service" terminated

Threads with active compile tasks:

VM state: at safepoint (shutting down)

VM Mutex/Monitor currently owned by a thread:  ([mutex/lock_event])
[0x0000029ae6e18350] Threads_lock - owner thread: 0x0000029afe6aed40
[0x0000029ae6e18d70] Heap_lock - owner thread: 0x0000029affb53690

Heap address: 0x0000000082c00000, size: 2004 MB, Compressed Oops mode: 32-bit

CDS archive(s) mapped at: [0x0000000800000000-0x0000000800bc0000-0x0000000800bc0000), size 12320768, SharedBaseAddress: 0x0000000800000000, ArchiveRelocationMode: 0.
Compressed class space mapped at: 0x0000000800c00000-0x0000000840c00000, reserved size: 1073741824
Narrow klass base: 0x0000000800000000, Narrow klass shift: 0, Narrow klass range: 0x100000000

GC Precious Log:
 CPUs: 4 total, 4 available
 Memory: 8009M
 Large Page Support: Disabled
 NUMA Support: Disabled
 Compressed Oops: Enabled (32-bit)
 Heap Region Size: 1M
 Heap Min Capacity: 8M
 Heap Initial Capacity: 126M
 Heap Max Capacity: 2004M
 Pre-touch: Disabled
 Parallel Workers: 4
 Concurrent Workers: 1
 Concurrent Refinement Workers: 4
 Periodic GC: Disabled

Heap:
 garbage-first heap   total 129024K, used 47457K [0x0000000082c00000, 0x0000000100000000)
  region size 1024K, 45 young (46080K), 3 survivors (3072K)
 Metaspace       used 17698K, committed 17920K, reserved 1064960K
  class space    used 2589K, committed 2688K, reserved 1048576K

Heap Regions: E=young(eden), S=young(survivor), O=old, HS=humongous(starts), HC=humongous(continues), CS=collection set, F=free, OA=open archive, CA=closed archive, TAMS=top-at-mark-start (previous, next)
|   0|0x0000000082c00000, 0x0000000082d00000, 0x0000000082d00000|100%| O|  |TAMS 0x0000000082c00000, 0x0000000082c00000| Untracked 
|   1|0x0000000082d00000, 0x0000000082dafc00, 0x0000000082e00000| 68%| O|  |TAMS 0x0000000082d00000, 0x0000000082d00000| Untracked 
|   2|0x0000000082e00000, 0x0000000082f00000, 0x0000000082f00000|100%|HS|  |TAMS 0x0000000082e00000, 0x0000000082e00000| Complete 
|   3|0x0000000082f00000, 0x0000000083000000, 0x0000000083000000|100%|HC|  |TAMS 0x0000000082f00000, 0x0000000082f00000| Complete 
|   4|0x0000000083000000, 0x0000000083000000, 0x0000000083100000|  0%| F|  |TAMS 0x0000000083000000, 0x0000000083000000| Untracked 
|   5|0x0000000083100000, 0x0000000083100000, 0x0000000083200000|  0%| F|  |TAMS 0x0000000083100000, 0x0000000083100000| Untracked 
|   6|0x0000000083200000, 0x0000000083200000, 0x0000000083300000|  0%| F|  |TAMS 0x0000000083200000, 0x0000000083200000| Untracked 
|   7|0x0000000083300000, 0x0000000083300000, 0x0000000083400000|  0%| F|  |TAMS 0x0000000083300000, 0x0000000083300000| Untracked 
|   8|0x0000000083400000, 0x0000000083400000, 0x0000000083500000|  0%| F|  |TAMS 0x0000000083400000, 0x0000000083400000| Untracked 
|   9|0x0000000083500000, 0x0000000083500000, 0x0000000083600000|  0%| F|  |TAMS 0x0000000083500000, 0x0000000083500000| Untracked 
|  10|0x0000000083600000, 0x0000000083600000, 0x0000000083700000|  0%| F|  |TAMS 0x0000000083600000, 0x0000000083600000| Untracked 
|  11|0x0000000083700000, 0x0000000083700000, 0x0000000083800000|  0%| F|  |TAMS 0x0000000083700000, 0x0000000083700000| Untracked 
|  12|0x0000000083800000, 0x0000000083800000, 0x0000000083900000|  0%| F|  |TAMS 0x0000000083800000, 0x0000000083800000| Untracked 
|  13|0x0000000083900000, 0x0000000083900000, 0x0000000083a00000|  0%| F|  |TAMS 0x0000000083900000, 0x0000000083900000| Untracked 
|  14|0x0000000083a00000, 0x0000000083a00000, 0x0000000083b00000|  0%| F|  |TAMS 0x0000000083a00000, 0x0000000083a00000| Untracked 
|  15|0x0000000083b00000, 0x0000000083b00000, 0x0000000083c00000|  0%| F|  |TAMS 0x0000000083b00000, 0x0000000083b00000| Untracked 
|  16|0x0000000083c00000, 0x0000000083c00000, 0x0000000083d00000|  0%| F|  |TAMS 0x0000000083c00000, 0x0000000083c00000| Untracked 
|  17|0x0000000083d00000, 0x0000000083d00000, 0x0000000083e00000|  0%| F|  |TAMS 0x0000000083d00000, 0x0000000083d00000| Untracked 
|  18|0x0000000083e00000, 0x0000000083e00000, 0x0000000083f00000|  0%| F|  |TAMS 0x0000000083e00000, 0x0000000083e00000| Untracked 
|  19|0x0000000083f00000, 0x0000000083f00000, 0x0000000084000000|  0%| F|  |TAMS 0x0000000083f00000, 0x0000000083f00000| Untracked 
|  20|0x0000000084000000, 0x0000000084000000, 0x0000000084100000|  0%| F|  |TAMS 0x0000000084000000, 0x0000000084000000| Untracked 
|  21|0x0000000084100000, 0x0000000084100000, 0x0000000084200000|  0%| F|  |TAMS 0x0000000084100000, 0x0000000084100000| Untracked 
|  22|0x0000000084200000, 0x0000000084200000, 0x0000000084300000|  0%| F|  |TAMS 0x0000000084200000, 0x0000000084200000| Untracked 
|  23|0x0000000084300000, 0x0000000084300000, 0x0000000084400000|  0%| F|  |TAMS 0x0000000084300000, 0x0000000084300000| Untracked 
|  24|0x0000000084400000, 0x0000000084400000, 0x0000000084500000|  0%| F|  |TAMS 0x0000000084400000, 0x0000000084400000| Untracked 
|  25|0x0000000084500000, 0x0000000084500000, 0x0000000084600000|  0%| F|  |TAMS 0x0000000084500000, 0x0000000084500000| Untracked 
|  26|0x0000000084600000, 0x0000000084600000, 0x0000000084700000|  0%| F|  |TAMS 0x0000000084600000, 0x0000000084600000| Untracked 
|  27|0x0000000084700000, 0x0000000084700000, 0x0000000084800000|  0%| F|  |TAMS 0x0000000084700000, 0x0000000084700000| Untracked 
|  28|0x0000000084800000, 0x0000000084800000, 0x0000000084900000|  0%| F|  |TAMS 0x0000000084800000, 0x0000000084800000| Untracked 
|  29|0x0000000084900000, 0x0000000084900000, 0x0000000084a00000|  0%| F|  |TAMS 0x0000000084900000, 0x0000000084900000| Untracked 
|  30|0x0000000084a00000, 0x0000000084a00000, 0x0000000084b00000|  0%| F|  |TAMS 0x0000000084a00000, 0x0000000084a00000| Untracked 
|  31|0x0000000084b00000, 0x0000000084b00000, 0x0000000084c00000|  0%| F|  |TAMS 0x0000000084b00000, 0x0000000084b00000| Untracked 
|  32|0x0000000084c00000, 0x0000000084c00000, 0x0000000084d00000|  0%| F|  |TAMS 0x0000000084c00000, 0x0000000084c00000| Untracked 
|  33|0x0000000084d00000, 0x0000000084d00000, 0x0000000084e00000|  0%| F|  |TAMS 0x0000000084d00000, 0x0000000084d00000| Untracked 
|  34|0x0000000084e00000, 0x0000000084e00000, 0x0000000084f00000|  0%| F|  |TAMS 0x0000000084e00000, 0x0000000084e00000| Untracked 
|  35|0x0000000084f00000, 0x0000000084f00000, 0x0000000085000000|  0%| F|  |TAMS 0x0000000084f00000, 0x0000000084f00000| Untracked 
|  36|0x0000000085000000, 0x0000000085000000, 0x0000000085100000|  0%| F|  |TAMS 0x0000000085000000, 0x0000000085000000| Untracked 
|  37|0x0000000085100000, 0x0000000085100000, 0x0000000085200000|  0%| F|  |TAMS 0x0000000085100000, 0x0000000085100000| Untracked 
|  38|0x0000000085200000, 0x0000000085200000, 0x0000000085300000|  0%| F|  |TAMS 0x0000000085200000, 0x0000000085200000| Untracked 
|  39|0x0000000085300000, 0x0000000085300000, 0x0000000085400000|  0%| F|  |TAMS 0x0000000085300000, 0x0000000085300000| Untracked 
|  40|0x0000000085400000, 0x0000000085400000, 0x0000000085500000|  0%| F|  |TAMS 0x0000000085400000, 0x0000000085400000| Untracked 
|  41|0x0000000085500000, 0x0000000085500000, 0x0000000085600000|  0%| F|  |TAMS 0x0000000085500000, 0x0000000085500000| Untracked 
|  42|0x0000000085600000, 0x0000000085600000, 0x0000000085700000|  0%| F|  |TAMS 0x0000000085600000, 0x0000000085600000| Untracked 
|  43|0x0000000085700000, 0x0000000085700000, 0x0000000085800000|  0%| F|  |TAMS 0x0000000085700000, 0x0000000085700000| Untracked 
|  44|0x0000000085800000, 0x0000000085800000, 0x0000000085900000|  0%| F|  |TAMS 0x0000000085800000, 0x0000000085800000| Untracked 
|  45|0x0000000085900000, 0x0000000085900000, 0x0000000085a00000|  0%| F|  |TAMS 0x0000000085900000, 0x0000000085900000| Untracked 
|  46|0x0000000085a00000, 0x0000000085a00000, 0x0000000085b00000|  0%| F|  |TAMS 0x0000000085a00000, 0x0000000085a00000| Untracked 
|  47|0x0000000085b00000, 0x0000000085b00000, 0x0000000085c00000|  0%| F|  |TAMS 0x0000000085b00000, 0x0000000085b00000| Untracked 
|  48|0x0000000085c00000, 0x0000000085c00000, 0x0000000085d00000|  0%| F|  |TAMS 0x0000000085c00000, 0x0000000085c00000| Untracked 
|  49|0x0000000085d00000, 0x0000000085d00000, 0x0000000085e00000|  0%| F|  |TAMS 0x0000000085d00000, 0x0000000085d00000| Untracked 
|  50|0x0000000085e00000, 0x0000000085e00000, 0x0000000085f00000|  0%| F|  |TAMS 0x0000000085e00000, 0x0000000085e00000| Untracked 
|  51|0x0000000085f00000, 0x0000000085f00000, 0x0000000086000000|  0%| F|  |TAMS 0x0000000085f00000, 0x0000000085f00000| Untracked 
|  52|0x0000000086000000, 0x0000000086000000, 0x0000000086100000|  0%| F|  |TAMS 0x0000000086000000, 0x0000000086000000| Untracked 
|  53|0x0000000086100000, 0x0000000086100000, 0x0000000086200000|  0%| F|  |TAMS 0x0000000086100000, 0x0000000086100000| Untracked 
|  54|0x0000000086200000, 0x0000000086200000, 0x0000000086300000|  0%| F|  |TAMS 0x0000000086200000, 0x0000000086200000| Untracked 
|  55|0x0000000086300000, 0x0000000086300000, 0x0000000086400000|  0%| F|  |TAMS 0x0000000086300000, 0x0000000086300000| Untracked 
|  56|0x0000000086400000, 0x0000000086400000, 0x0000000086500000|  0%| F|  |TAMS 0x0000000086400000, 0x0000000086400000| Untracked 
|  57|0x0000000086500000, 0x0000000086500000, 0x0000000086600000|  0%| F|  |TAMS 0x0000000086500000, 0x0000000086500000| Untracked 
|  58|0x0000000086600000, 0x0000000086600000, 0x0000000086700000|  0%| F|  |TAMS 0x0000000086600000, 0x0000000086600000| Untracked 
|  59|0x0000000086700000, 0x0000000086700000, 0x0000000086800000|  0%| F|  |TAMS 0x0000000086700000, 0x0000000086700000| Untracked 
|  60|0x0000000086800000, 0x0000000086800000, 0x0000000086900000|  0%| F|  |TAMS 0x0000000086800000, 0x0000000086800000| Untracked 
|  61|0x0000000086900000, 0x0000000086900000, 0x0000000086a00000|  0%| F|  |TAMS 0x0000000086900000, 0x0000000086900000| Untracked 
|  62|0x0000000086a00000, 0x0000000086a00000, 0x0000000086b00000|  0%| F|  |TAMS 0x0000000086a00000, 0x0000000086a00000| Untracked 
|  63|0x0000000086b00000, 0x0000000086b00000, 0x0000000086c00000|  0%| F|  |TAMS 0x0000000086b00000, 0x0000000086b00000| Untracked 
|  64|0x0000000086c00000, 0x0000000086c00000, 0x0000000086d00000|  0%| F|  |TAMS 0x0000000086c00000, 0x0000000086c00000| Untracked 
|  65|0x0000000086d00000, 0x0000000086d00000, 0x0000000086e00000|  0%| F|  |TAMS 0x0000000086d00000, 0x0000000086d00000| Untracked 
|  66|0x0000000086e00000, 0x0000000086e00000, 0x0000000086f00000|  0%| F|  |TAMS 0x0000000086e00000, 0x0000000086e00000| Untracked 
|  67|0x0000000086f00000, 0x0000000086f00000, 0x0000000087000000|  0%| F|  |TAMS 0x0000000086f00000, 0x0000000086f00000| Untracked 
|  68|0x0000000087000000, 0x0000000087000000, 0x0000000087100000|  0%| F|  |TAMS 0x0000000087000000, 0x0000000087000000| Untracked 
|  69|0x0000000087100000, 0x0000000087100000, 0x0000000087200000|  0%| F|  |TAMS 0x0000000087100000, 0x0000000087100000| Untracked 
|  70|0x0000000087200000, 0x0000000087200000, 0x0000000087300000|  0%| F|  |TAMS 0x0000000087200000, 0x0000000087200000| Untracked 
|  71|0x0000000087300000, 0x0000000087300000, 0x0000000087400000|  0%| F|  |TAMS 0x0000000087300000, 0x0000000087300000| Untracked 
|  72|0x0000000087400000, 0x0000000087400000, 0x0000000087500000|  0%| F|  |TAMS 0x0000000087400000, 0x0000000087400000| Untracked 
|  73|0x0000000087500000, 0x0000000087500000, 0x0000000087600000|  0%| F|  |TAMS 0x0000000087500000, 0x0000000087500000| Untracked 
|  74|0x0000000087600000, 0x0000000087600000, 0x0000000087700000|  0%| F|  |TAMS 0x0000000087600000, 0x0000000087600000| Untracked 
|  75|0x0000000087700000, 0x0000000087700000, 0x0000000087800000|  0%| F|  |TAMS 0x0000000087700000, 0x0000000087700000| Untracked 
|  76|0x0000000087800000, 0x0000000087800000, 0x0000000087900000|  0%| F|  |TAMS 0x0000000087800000, 0x0000000087800000| Untracked 
|  77|0x0000000087900000, 0x0000000087900000, 0x0000000087a00000|  0%| F|  |TAMS 0x0000000087900000, 0x0000000087900000| Untracked 
|  78|0x0000000087a00000, 0x0000000087a00000, 0x0000000087b00000|  0%| F|  |TAMS 0x0000000087a00000, 0x0000000087a00000| Untracked 
|  79|0x0000000087b00000, 0x0000000087b00000, 0x0000000087c00000|  0%| F|  |TAMS 0x0000000087b00000, 0x0000000087b00000| Untracked 
|  80|0x0000000087c00000, 0x0000000087c00000, 0x0000000087d00000|  0%| F|  |TAMS 0x0000000087c00000, 0x0000000087c00000| Untracked 
|  81|0x0000000087d00000, 0x0000000087dddb40, 0x0000000087e00000| 86%| E|  |TAMS 0x0000000087d00000, 0x0000000087d00000| Complete 
|  82|0x0000000087e00000, 0x0000000087f00000, 0x0000000087f00000|100%| E|CS|TAMS 0x0000000087e00000, 0x0000000087e00000| Complete 
|  83|0x0000000087f00000, 0x0000000088000000, 0x0000000088000000|100%| E|CS|TAMS 0x0000000087f00000, 0x0000000087f00000| Complete 
|  84|0x0000000088000000, 0x0000000088100000, 0x0000000088100000|100%| E|CS|TAMS 0x0000000088000000, 0x0000000088000000| Complete 
|  85|0x0000000088100000, 0x0000000088200000, 0x0000000088200000|100%| E|CS|TAMS 0x0000000088100000, 0x0000000088100000| Complete 
|  86|0x0000000088200000, 0x0000000088300000, 0x0000000088300000|100%| E|CS|TAMS 0x0000000088200000, 0x0000000088200000| Complete 
|  87|0x0000000088300000, 0x0000000088400000, 0x0000000088400000|100%| E|CS|TAMS 0x0000000088300000, 0x0000000088300000| Complete 
|  88|0x0000000088400000, 0x0000000088500000, 0x0000000088500000|100%| E|CS|TAMS 0x0000000088400000, 0x0000000088400000| Complete 
|  89|0x0000000088500000, 0x0000000088600000, 0x0000000088600000|100%| E|CS|TAMS 0x0000000088500000, 0x0000000088500000| Complete 
|  90|0x0000000088600000, 0x0000000088700000, 0x0000000088700000|100%| E|CS|TAMS 0x0000000088600000, 0x0000000088600000| Complete 
|  91|0x0000000088700000, 0x0000000088800000, 0x0000000088800000|100%| E|CS|TAMS 0x0000000088700000, 0x0000000088700000| Complete 
|  92|0x0000000088800000, 0x0000000088900000, 0x0000000088900000|100%| E|CS|TAMS 0x0000000088800000, 0x0000000088800000| Complete 
|  93|0x0000000088900000, 0x0000000088a00000, 0x0000000088a00000|100%| E|CS|TAMS 0x0000000088900000, 0x0000000088900000| Complete 
|  94|0x0000000088a00000, 0x0000000088b00000, 0x0000000088b00000|100%| E|CS|TAMS 0x0000000088a00000, 0x0000000088a00000| Complete 
|  95|0x0000000088b00000, 0x0000000088c00000, 0x0000000088c00000|100%| E|CS|TAMS 0x0000000088b00000, 0x0000000088b00000| Complete 
|  96|0x0000000088c00000, 0x0000000088d00000, 0x0000000088d00000|100%| E|CS|TAMS 0x0000000088c00000, 0x0000000088c00000| Complete 
|  97|0x0000000088d00000, 0x0000000088e00000, 0x0000000088e00000|100%| E|CS|TAMS 0x0000000088d00000, 0x0000000088d00000| Complete 
|  98|0x0000000088e00000, 0x0000000088f00000, 0x0000000088f00000|100%| E|CS|TAMS 0x0000000088e00000, 0x0000000088e00000| Complete 
|  99|0x0000000088f00000, 0x0000000089000000, 0x0000000089000000|100%| E|CS|TAMS 0x0000000088f00000, 0x0000000088f00000| Complete 
| 100|0x0000000089000000, 0x0000000089100000, 0x0000000089100000|100%| E|CS|TAMS 0x0000000089000000, 0x0000000089000000| Complete 
| 101|0x0000000089100000, 0x0000000089200000, 0x0000000089200000|100%| E|CS|TAMS 0x0000000089100000, 0x0000000089100000| Complete 
| 102|0x0000000089200000, 0x0000000089300000, 0x0000000089300000|100%| E|CS|TAMS 0x0000000089200000, 0x0000000089200000| Complete 
| 103|0x0000000089300000, 0x0000000089400000, 0x0000000089400000|100%| E|CS|TAMS 0x0000000089300000, 0x0000000089300000| Complete 
| 104|0x0000000089400000, 0x00000000894a8b50, 0x0000000089500000| 65%| S|CS|TAMS 0x0000000089400000, 0x0000000089400000| Complete 
| 105|0x0000000089500000, 0x0000000089600000, 0x0000000089600000|100%| S|CS|TAMS 0x0000000089500000, 0x0000000089500000| Complete 
| 106|0x0000000089600000, 0x0000000089700000, 0x0000000089700000|100%| S|CS|TAMS 0x0000000089600000, 0x0000000089600000| Complete 
| 107|0x0000000089700000, 0x0000000089800000, 0x0000000089800000|100%| E|CS|TAMS 0x0000000089700000, 0x0000000089700000| Complete 
| 108|0x0000000089800000, 0x0000000089900000, 0x0000000089900000|100%| E|CS|TAMS 0x0000000089800000, 0x0000000089800000| Complete 
| 109|0x0000000089900000, 0x0000000089a00000, 0x0000000089a00000|100%| E|CS|TAMS 0x0000000089900000, 0x0000000089900000| Complete 
| 110|0x0000000089a00000, 0x0000000089b00000, 0x0000000089b00000|100%| E|CS|TAMS 0x0000000089a00000, 0x0000000089a00000| Complete 
| 111|0x0000000089b00000, 0x0000000089c00000, 0x0000000089c00000|100%| E|CS|TAMS 0x0000000089b00000, 0x0000000089b00000| Complete 
| 112|0x0000000089c00000, 0x0000000089d00000, 0x0000000089d00000|100%| E|CS|TAMS 0x0000000089c00000, 0x0000000089c00000| Complete 
| 113|0x0000000089d00000, 0x0000000089e00000, 0x0000000089e00000|100%| E|CS|TAMS 0x0000000089d00000, 0x0000000089d00000| Complete 
| 114|0x0000000089e00000, 0x0000000089f00000, 0x0000000089f00000|100%| E|CS|TAMS 0x0000000089e00000, 0x0000000089e00000| Complete 
| 115|0x0000000089f00000, 0x000000008a000000, 0x000000008a000000|100%| E|CS|TAMS 0x0000000089f00000, 0x0000000089f00000| Complete 
| 116|0x000000008a000000, 0x000000008a100000, 0x000000008a100000|100%| E|CS|TAMS 0x000000008a000000, 0x000000008a000000| Complete 
| 117|0x000000008a100000, 0x000000008a200000, 0x000000008a200000|100%| E|CS|TAMS 0x000000008a100000, 0x000000008a100000| Complete 
| 118|0x000000008a200000, 0x000000008a300000, 0x000000008a300000|100%| E|CS|TAMS 0x000000008a200000, 0x000000008a200000| Complete 
| 119|0x000000008a300000, 0x000000008a400000, 0x000000008a400000|100%| E|CS|TAMS 0x000000008a300000, 0x000000008a300000| Complete 
| 120|0x000000008a400000, 0x000000008a500000, 0x000000008a500000|100%| E|CS|TAMS 0x000000008a400000, 0x000000008a400000| Complete 
| 121|0x000000008a500000, 0x000000008a600000, 0x000000008a600000|100%| E|CS|TAMS 0x000000008a500000, 0x000000008a500000| Complete 
| 122|0x000000008a600000, 0x000000008a700000, 0x000000008a700000|100%| E|CS|TAMS 0x000000008a600000, 0x000000008a600000| Complete 
| 123|0x000000008a700000, 0x000000008a800000, 0x000000008a800000|100%| E|CS|TAMS 0x000000008a700000, 0x000000008a700000| Complete 
| 124|0x000000008a800000, 0x000000008a900000, 0x000000008a900000|100%| E|CS|TAMS 0x000000008a800000, 0x000000008a800000| Complete 
| 125|0x000000008a900000, 0x000000008aa00000, 0x000000008aa00000|100%| E|  |TAMS 0x000000008a900000, 0x000000008a900000| Complete 

Card table byte_map: [0x0000029afda70000,0x0000029afde60000] _byte_map_base: 0x0000029afd65a000

Marking Bits (Prev, Next): (CMBitMap*) 0x0000029ae6e5b300, (CMBitMap*) 0x0000029ae6e5b340
 Prev Bits: [0x0000029a80000000, 0x0000029a81f50000)
 Next Bits: [0x0000029a81f50000, 0x0000029a83ea0000)

Polling page: 0x0000029ae4d90000

Metaspace:

Usage:
  Non-class:     14.76 MB used.
      Class:      2.53 MB used.
       Both:     17.28 MB used.

Virtual space:
  Non-class space:       16.00 MB reserved,      14.88 MB ( 93%) committed,  2 nodes.
      Class space:        1.00 GB reserved,       2.62 MB ( <1%) committed,  1 nodes.
             Both:        1.02 GB reserved,      17.50 MB (  2%) committed. 

Chunk freelists:
   Non-Class:  709.00 KB
       Class:  1.35 MB
        Both:  2.04 MB

MaxMetaspaceSize: unlimited
CompressedClassSpaceSize: 1.00 GB
Initial GC threshold: 21.00 MB
Current GC threshold: 21.00 MB
CDS: on
MetaspaceReclaimPolicy: balanced
 - commit_granule_bytes: 65536.
 - commit_granule_words: 8192.
 - virtual_space_node_default_size: 1048576.
 - enlarge_chunks_in_place: 1.
 - new_chunks_are_fully_committed: 0.
 - uncommit_free_chunks: 1.
 - use_allocation_guard: 0.
 - handle_deallocations: 1.


Internal statistics:

num_allocs_failed_limit: 0.
num_arena_births: 204.
num_arena_deaths: 0.
num_vsnodes_births: 3.
num_vsnodes_deaths: 0.
num_space_committed: 280.
num_space_uncommitted: 0.
num_chunks_returned_to_freelist: 0.
num_chunks_taken_from_freelist: 773.
num_chunk_merges: 0.
num_chunk_splits: 538.
num_chunks_enlarged: 424.
num_purges: 0.
num_inconsistent_stats: 0.

CodeHeap 'non-profiled nmethods': size=120000Kb used=1101Kb max_used=1101Kb free=118898Kb
 bounds [0x0000029af6150000, 0x0000029af63c0000, 0x0000029afd680000]
CodeHeap 'profiled nmethods': size=120000Kb used=5792Kb max_used=5792Kb free=114207Kb
 bounds [0x0000029aeec20000, 0x0000029aef1d0000, 0x0000029af6150000]
CodeHeap 'non-nmethods': size=5760Kb used=1436Kb max_used=1460Kb free=4323Kb
 bounds [0x0000029aee680000, 0x0000029aee8f0000, 0x0000029aeec20000]
 total_blobs=3794 nmethods=2995 adapters=710
 compilation: enabled
              stopped_count=0, restarted_count=0
 full_count=0

Compilation events (20 events):
Event: 7.910 Thread 0x0000029afe6e5520 nmethod 2991 0x0000029aef1c4e10 code [0x0000029aef1c4fa0, 0x0000029aef1c5098]
Event: 7.910 Thread 0x0000029afe6e5520 2993       3       java.nio.Buffer::clear (20 bytes)
Event: 7.910 Thread 0x0000029afe6e5520 nmethod 2993 0x0000029aef1c5110 code [0x0000029aef1c52a0, 0x0000029aef1c53b8]
Event: 7.910 Thread 0x0000029afe6e5520 2994       3       java.lang.StackTraceElement::<init> (10 bytes)
Event: 7.910 Thread 0x0000029afe6e5520 nmethod 2994 0x0000029aef1c5490 code [0x0000029aef1c5620, 0x0000029aef1c5798]
Event: 7.910 Thread 0x0000029afe6e5520 2995  s!   3       java.lang.StackTraceElement::computeFormat (71 bytes)
Event: 7.911 Thread 0x0000029afe6e5520 nmethod 2995 0x0000029aef1c5890 code [0x0000029aef1c5aa0, 0x0000029aef1c6358]
Event: 7.911 Thread 0x0000029afe6e5520 2996       3       java.lang.StackTraceElement::isHashedInJavaBase (31 bytes)
Event: 7.911 Thread 0x0000029afe6e5520 nmethod 2996 0x0000029aef1c6610 code [0x0000029aef1c6800, 0x0000029aef1c6d18]
Event: 7.911 Thread 0x0000029afe6e5520 2997       3       java.lang.Module::getLayer (43 bytes)
Event: 7.912 Thread 0x0000029afe6e5520 nmethod 2997 0x0000029aef1c6e90 code [0x0000029aef1c7060, 0x0000029aef1c7428]
Event: 7.912 Thread 0x0000029afe6e5520 2998       3       java.lang.StackTraceElement$HashedModules::contains (13 bytes)
Event: 7.912 Thread 0x0000029afe6e5520 nmethod 2998 0x0000029aef1c7510 code [0x0000029aef1c76c0, 0x0000029aef1c78a8]
Event: 7.914 Thread 0x0000029afe6ccf60 nmethod 2974 0x0000029af6262010 code [0x0000029af62621c0, 0x0000029af6262998]
Event: 7.914 Thread 0x0000029afe6ccf60 2992       4       java.lang.StringBuilder::<init> (7 bytes)
Event: 7.915 Thread 0x0000029afe6ccf60 nmethod 2992 0x0000029af6262d90 code [0x0000029af6262f20, 0x0000029af62630d8]
Event: 7.915 Thread 0x0000029afe6ccf60 2990       4       java.nio.Buffer::position (52 bytes)
Event: 7.915 Thread 0x0000029afe6ccf60 nmethod 2990 0x0000029af6263190 code [0x0000029af6263300, 0x0000029af62633d8]
Event: 8.794 Thread 0x0000029afe6e5520 2999       3       javafx.scene.Node::pseudoClassStateChanged (59 bytes)
Event: 8.795 Thread 0x0000029afe6e5520 nmethod 2999 0x0000029aef1c7990 code [0x0000029aef1c7b80, 0x0000029aef1c8098]

GC Heap History (4 events):
Event: 0.684 GC heap before
{Heap before GC invocations=0 (full 0):
 garbage-first heap   total 129024K, used 12288K [0x0000000082c00000, 0x0000000100000000)
  region size 1024K, 13 young (13312K), 0 survivors (0K)
 Metaspace       used 2900K, committed 3072K, reserved 1056768K
  class space    used 309K, committed 384K, reserved 1048576K
}
Event: 0.687 GC heap after
{Heap after GC invocations=1 (full 0):
 garbage-first heap   total 129024K, used 1809K [0x0000000082c00000, 0x0000000100000000)
  region size 1024K, 2 young (2048K), 2 survivors (2048K)
 Metaspace       used 2900K, committed 3072K, reserved 1056768K
  class space    used 309K, committed 384K, reserved 1048576K
}
Event: 1.059 GC heap before
{Heap before GC invocations=1 (full 0):
 garbage-first heap   total 129024K, used 18193K [0x0000000082c00000, 0x0000000100000000)
  region size 1024K, 19 young (19456K), 2 survivors (2048K)
 Metaspace       used 8602K, committed 8768K, reserved 1056768K
  class space    used 1079K, committed 1152K, reserved 1048576K
}
Event: 1.064 GC heap after
{Heap after GC invocations=2 (full 0):
 garbage-first heap   total 129024K, used 4449K [0x0000000082c00000, 0x0000000100000000)
  region size 1024K, 3 young (3072K), 3 survivors (3072K)
 Metaspace       used 8602K, committed 8768K, reserved 1056768K
  class space    used 1079K, committed 1152K, reserved 1048576K
}

Deoptimization events (20 events):
Event: 5.921 Thread 0x0000029affc44f90 Uncommon trap: trap_request=0xffffffd6 fr.pc=0x0000029af62493e0 relative=0x0000000000000220
Event: 5.921 Thread 0x0000029affc44f90 Uncommon trap: reason=array_check action=maybe_recompile pc=0x0000029af62493e0 method=javafx.css.SimpleSelector.applies(Ljavafx/css/Styleable;[Ljava/util/Set;I)Z @ 37 c2
Event: 5.921 Thread 0x0000029affc44f90 DEOPT PACKING pc=0x0000029af62493e0 sp=0x000000a4486f6430
Event: 5.921 Thread 0x0000029affc44f90 DEOPT UNPACKING pc=0x0000029aee6d23a3 sp=0x000000a4486f63d8 mode 2
Event: 5.921 Thread 0x0000029affc44f90 Uncommon trap: trap_request=0xffffffd6 fr.pc=0x0000029af6246128 relative=0x0000000000001028
Event: 5.921 Thread 0x0000029affc44f90 Uncommon trap: reason=array_check action=maybe_recompile pc=0x0000029af6246128 method=javafx.css.SimpleSelector.applies(Ljavafx/css/Styleable;[Ljava/util/Set;I)Z @ 37 c2
Event: 5.921 Thread 0x0000029affc44f90 DEOPT PACKING pc=0x0000029af6246128 sp=0x000000a4486f6360
Event: 5.921 Thread 0x0000029affc44f90 DEOPT UNPACKING pc=0x0000029aee6d23a3 sp=0x000000a4486f62c0 mode 2
Event: 5.942 Thread 0x0000029affc44f90 Uncommon trap: trap_request=0xffffffd6 fr.pc=0x0000029af6246128 relative=0x0000000000001028
Event: 5.942 Thread 0x0000029affc44f90 Uncommon trap: reason=array_check action=maybe_recompile pc=0x0000029af6246128 method=javafx.css.SimpleSelector.applies(Ljavafx/css/Styleable;[Ljava/util/Set;I)Z @ 37 c2
Event: 5.942 Thread 0x0000029affc44f90 DEOPT PACKING pc=0x0000029af6246128 sp=0x000000a4486f83e0
Event: 5.942 Thread 0x0000029affc44f90 DEOPT UNPACKING pc=0x0000029aee6d23a3 sp=0x000000a4486f8340 mode 2
Event: 5.942 Thread 0x0000029affc44f90 Uncommon trap: trap_request=0xffffffd6 fr.pc=0x0000029af6246128 relative=0x0000000000001028
Event: 5.942 Thread 0x0000029affc44f90 Uncommon trap: reason=array_check action=maybe_recompile pc=0x0000029af6246128 method=javafx.css.SimpleSelector.applies(Ljavafx/css/Styleable;[Ljava/util/Set;I)Z @ 37 c2
Event: 5.942 Thread 0x0000029affc44f90 DEOPT PACKING pc=0x0000029af6246128 sp=0x000000a4486f83e0
Event: 5.942 Thread 0x0000029affc44f90 DEOPT UNPACKING pc=0x0000029aee6d23a3 sp=0x000000a4486f8340 mode 2
Event: 5.942 Thread 0x0000029affc44f90 Uncommon trap: trap_request=0xffffffd6 fr.pc=0x0000029af62493e0 relative=0x0000000000000220
Event: 5.942 Thread 0x0000029affc44f90 Uncommon trap: reason=array_check action=maybe_recompile pc=0x0000029af62493e0 method=javafx.css.SimpleSelector.applies(Ljavafx/css/Styleable;[Ljava/util/Set;I)Z @ 37 c2
Event: 5.942 Thread 0x0000029affc44f90 DEOPT PACKING pc=0x0000029af62493e0 sp=0x000000a4486f8370
Event: 5.942 Thread 0x0000029affc44f90 DEOPT UNPACKING pc=0x0000029aee6d23a3 sp=0x000000a4486f8338 mode 2

Classes unloaded (0 events):
No events

Classes redefined (0 events):
No events

Internal exceptions (20 events):
Event: 1.230 Thread 0x0000029affc44f90 Exception <a 'sun/nio/fs/WindowsException'{0x000000008a275fc8}> (0x000000008a275fc8) 
thrown [t:\workspace\open\src\hotspot\share\prims\jni.cpp, line 516]
Event: 1.251 Thread 0x0000029affc44f90 Implicit null exception at 0x0000029af616ead9 to 0x0000029af616ed08
Event: 1.290 Thread 0x0000029affc44f90 Implicit null exception at 0x0000029af61b1b51 to 0x0000029af61b23c0
Event: 1.294 Thread 0x0000029affc44f90 Implicit null exception at 0x0000029af61ab1ad to 0x0000029af61ab8e4
Event: 1.295 Thread 0x0000029affc44f90 Implicit null exception at 0x0000029af616b72c to 0x0000029af616b918
Event: 1.447 Thread 0x0000029affc44f90 Exception <a 'java/lang/NoSuchMethodError'{0x0000000089b0a080}: 'java.lang.Object java.lang.invoke.DirectMethodHandle$Holder.invokeInterface(java.lang.Object, java.lang.Object, java.lang.Object)'> (0x0000000089b0a080) 
thrown [t:\workspace\open\src\hotspot\share\interpreter\linkResolver.cpp, line 766]
Event: 1.448 Thread 0x0000029affc44f90 Exception <a 'java/lang/IncompatibleClassChangeError'{0x0000000089b0da08}: Found class java.lang.Object, but interface was expected> (0x0000000089b0da08) 
thrown [t:\workspace\open\src\hotspot\share\interpreter\linkResolver.cpp, line 833]
Event: 1.507 Thread 0x0000029affc44f90 Exception <a 'java/lang/ClassNotFoundException'{0x000000008992cb60}: com/sun/javafx/scene/control/skin/resources/controls> (0x000000008992cb60) 
thrown [t:\workspace\open\src\hotspot\share\prims\jni.cpp, line 535]
Event: 1.508 Thread 0x0000029affc44f90 Exception <a 'java/lang/ClassNotFoundException'{0x000000008993ab00}: com/sun/javafx/scene/control/skin/resources/controls_es> (0x000000008993ab00) 
thrown [t:\workspace\open\src\hotspot\share\prims\jni.cpp, line 535]
Event: 1.509 Thread 0x0000029affc44f90 Exception <a 'java/lang/ClassNotFoundException'{0x0000000089948760}: com/sun/javafx/scene/control/skin/resources/controls_es_UY> (0x0000000089948760) 
thrown [t:\workspace\open\src\hotspot\share\prims\jni.cpp, line 535]
Event: 1.679 Thread 0x0000029affc44f90 Exception <a 'java/lang/NoSuchMethodError'{0x0000000089073880}: 'void java.lang.invoke.DirectMethodHandle$Holder.invokeSpecial(java.lang.Object, java.lang.Object, java.lang.Object, java.lang.Object, java.lang.Object, java.lang.Object)'> (0x0000000089073880) 
thrown [t:\workspace\open\src\hotspot\share\interpreter\linkResolver.cpp, line 766]
Event: 1.814 Thread 0x0000029affc44f90 Exception <a 'java/lang/NoSuchMethodError'{0x0000000088c86b50}: 'java.lang.Object java.lang.invoke.DirectMethodHandle$Holder.newInvokeSpecial(java.lang.Object, java.lang.Object, int)'> (0x0000000088c86b50) 
thrown [t:\workspace\open\src\hotspot\share\interpreter\linkResolver.cpp, line 766]
Event: 1.876 Thread 0x0000029a85f48430 Exception <a 'java/lang/NoSuchMethodError'{0x0000000088bd83c0}: 'int java.lang.invoke.DirectMethodHandle$Holder.invokeStaticInit(java.lang.Object, java.lang.Object)'> (0x0000000088bd83c0) 
thrown [t:\workspace\open\src\hotspot\share\interpreter\linkResolver.cpp, line 766]
Event: 3.047 Thread 0x0000029affc44f90 Exception <a 'java/lang/NoSuchMethodError'{0x00000000887b1610}: 'long java.lang.invoke.DirectMethodHandle$Holder.invokeStatic(java.lang.Object, java.lang.Object, java.lang.Object)'> (0x00000000887b1610) 
thrown [t:\workspace\open\src\hotspot\share\interpreter\linkResolver.cpp, line 766]
Event: 3.047 Thread 0x0000029affc44f90 Exception <a 'java/lang/NoSuchMethodError'{0x00000000887b4db8}: 'long java.lang.invoke.DirectMethodHandle$Holder.invokeStaticInit(java.lang.Object, java.lang.Object, java.lang.Object)'> (0x00000000887b4db8) 
thrown [t:\workspace\open\src\hotspot\share\interpreter\linkResolver.cpp, line 766]
Event: 3.051 Thread 0x0000029affc44f90 Exception <a 'java/lang/NoSuchMethodError'{0x00000000887cc9c0}: 'java.lang.Object java.lang.invoke.DirectMethodHandle$Holder.newInvokeSpecial(java.lang.Object, java.lang.Object, long)'> (0x00000000887cc9c0) 
thrown [t:\workspace\open\src\hotspot\share\interpreter\linkResolver.cpp, line 766]
Event: 3.052 Thread 0x0000029affc44f90 Exception <a 'java/lang/NoSuchMethodError'{0x00000000887d0530}: 'java.lang.Object java.lang.invoke.Invokers$Holder.linkToTargetMethod(java.lang.Object, long, java.lang.Object)'> (0x00000000887d0530) 
thrown [t:\workspace\open\src\hotspot\share\interpreter\linkResolver.cpp, line 766]
Event: 3.095 Thread 0x0000029affc44f90 Exception <a 'sun/nio/fs/WindowsException'{0x00000000887f6020}> (0x00000000887f6020) 
thrown [t:\workspace\open\src\hotspot\share\prims\jni.cpp, line 516]
Event: 7.903 Thread 0x0000029affc44f90 Exception <a 'java/lang/ClassCastException'{0x0000000087e4b070}: class com.example.demo2.controladorCreacionPreguntas cannot be cast to class com.example.demo2.controladorvistaagregar (com.example.demo2.controladorCreacionPreguntas and com.example.demo2.controladorvistaagregar are in module com.example.demo2 of loader 'app')> (0x0000000087e4b070) 
thrown [t:\workspace\open\src\hotspot\share\interpreter\interpreterRuntime.cpp, line 444]
Event: 7.903 Thread 0x0000029affc44f90 Exception <a 'java/lang/reflect/InvocationTargetException'{0x0000000087e4c088}> (0x0000000087e4c088) 
thrown [t:\workspace\open\src\hotspot\share\runtime\reflection.cpp, line 1121]

VM Operations (20 events):
Event: 1.052 Executing VM operation: HandshakeAllThreads done
Event: 1.059 Executing VM operation: G1CollectForAllocation
Event: 1.064 Executing VM operation: G1CollectForAllocation done
Event: 1.602 Executing VM operation: ICBufferFull
Event: 1.602 Executing VM operation: ICBufferFull done
Event: 2.545 Executing VM operation: ICBufferFull
Event: 2.545 Executing VM operation: ICBufferFull done
Event: 3.536 Executing VM operation: ICBufferFull
Event: 3.536 Executing VM operation: ICBufferFull done
Event: 4.537 Executing VM operation: Cleanup
Event: 4.538 Executing VM operation: Cleanup done
Event: 4.755 Executing VM operation: HandshakeAllThreads
Event: 4.755 Executing VM operation: HandshakeAllThreads done
Event: 5.754 Executing VM operation: Cleanup
Event: 5.755 Executing VM operation: Cleanup done
Event: 7.755 Executing VM operation: Cleanup
Event: 7.755 Executing VM operation: Cleanup done
Event: 9.755 Executing VM operation: Cleanup
Event: 9.755 Executing VM operation: Cleanup done
Event: 62.643 Executing VM operation: Exit

Events (20 events):
Event: 4.045 loading class java/text/BreakIterator$BreakIteratorCache
Event: 4.045 loading class java/text/BreakIterator$BreakIteratorCache done
Event: 4.757 loading class java/io/SequenceInputStream
Event: 4.757 loading class java/io/SequenceInputStream done
Event: 4.761 loading class java/util/Vector$1
Event: 4.761 loading class java/util/Vector$1 done
Event: 5.956 Thread 0x0000029a8edcea80 Thread added: 0x0000029a8edcea80
Event: 6.161 Thread 0x0000029a8edcea80 Thread exited: 0x0000029a8edcea80
Event: 7.904 loading class java/lang/Throwable$WrappedPrintStream
Event: 7.904 loading class java/lang/Throwable$PrintStreamOrWriter
Event: 7.904 loading class java/lang/Throwable$PrintStreamOrWriter done
Event: 7.904 loading class java/lang/Throwable$WrappedPrintStream done
Event: 62.640 loading class jdk/internal/misc/Signal$1
Event: 62.641 loading class jdk/internal/misc/Signal$1 done
Event: 62.641 Thread 0x0000029affb53690 Thread added: 0x0000029affb53690
Event: 62.641 Thread 0x0000029affb51010 Thread added: 0x0000029affb51010
Event: 62.641 Thread 0x0000029affb514e0 Thread added: 0x0000029affb514e0
Event: 62.642 Thread 0x0000029affb51010 Thread exited: 0x0000029affb51010
Event: 62.643 Thread 0x0000029affb514e0 Thread exited: 0x0000029affb514e0
Event: 62.643 Thread 0x0000029afe6c8920 Thread exited: 0x0000029afe6c8920


Dynamic libraries:
0x00007ff7a02c0000 - 0x00007ff7a02d0000 	C:\Program Files\Java\jdk-17.0.2\bin\java.exe
0x00007ffdef9b0000 - 0x00007ffdefba8000 	C:\Windows\SYSTEM32\ntdll.dll
0x00007ffdeeb70000 - 0x00007ffdeec2d000 	C:\Windows\System32\KERNEL32.DLL
0x00007ffded300000 - 0x00007ffded5d3000 	C:\Windows\System32\KERNELBASE.dll
0x00007ffded6c0000 - 0x00007ffded7c0000 	C:\Windows\System32\ucrtbase.dll
0x00007ffdd87f0000 - 0x00007ffdd8808000 	C:\Program Files\Java\jdk-17.0.2\bin\jli.dll
0x00007ffddd160000 - 0x00007ffddd17a000 	C:\Program Files\Java\jdk-17.0.2\bin\VCRUNTIME140.dll
0x00007ffdef690000 - 0x00007ffdef73e000 	C:\Windows\System32\ADVAPI32.dll
0x00007ffdef8d0000 - 0x00007ffdef96e000 	C:\Windows\System32\msvcrt.dll
0x00007ffdeda70000 - 0x00007ffdedb0c000 	C:\Windows\System32\sechost.dll
0x00007ffdef7a0000 - 0x00007ffdef8c5000 	C:\Windows\System32\RPCRT4.dll
0x00007ffdef300000 - 0x00007ffdef49e000 	C:\Windows\System32\USER32.dll
0x00007ffddbe80000 - 0x00007ffddc11a000 	C:\Windows\WinSxS\amd64_microsoft.windows.common-controls_6595b64144ccf1df_6.0.19041.1110_none_60b5254171f9507e\COMCTL32.dll
0x00007ffdef770000 - 0x00007ffdef79c000 	C:\Windows\System32\GDI32.dll
0x00007ffded2d0000 - 0x00007ffded2f2000 	C:\Windows\System32\win32u.dll
0x00007ffded860000 - 0x00007ffded974000 	C:\Windows\System32\gdi32full.dll
0x00007ffded7c0000 - 0x00007ffded85d000 	C:\Windows\System32\msvcp_win.dll
0x00007ffddc720000 - 0x00007ffddc72a000 	C:\Windows\SYSTEM32\VERSION.dll
0x00007ffdef740000 - 0x00007ffdef770000 	C:\Windows\System32\IMM32.DLL
0x00007ffde1c60000 - 0x00007ffde1c6c000 	C:\Program Files\Java\jdk-17.0.2\bin\vcruntime140_1.dll
0x00007ffdce070000 - 0x00007ffdce0fd000 	C:\Program Files\Java\jdk-17.0.2\bin\msvcp140.dll
0x00007ffda8da0000 - 0x00007ffda9961000 	C:\Program Files\Java\jdk-17.0.2\bin\server\jvm.dll
0x00007ffdee1d0000 - 0x00007ffdee1d8000 	C:\Windows\System32\PSAPI.DLL
0x00007ffde7b10000 - 0x00007ffde7b19000 	C:\Windows\SYSTEM32\WSOCK32.dll
0x00007ffdd9df0000 - 0x00007ffdd9e17000 	C:\Windows\SYSTEM32\WINMM.dll
0x00007ffdeecc0000 - 0x00007ffdeed2b000 	C:\Windows\System32\WS2_32.dll
0x00007ffdeaf90000 - 0x00007ffdeafa2000 	C:\Windows\SYSTEM32\kernel.appcore.dll
0x00007ffde0730000 - 0x00007ffde073a000 	C:\Program Files\Java\jdk-17.0.2\bin\jimage.dll
0x00007ffdd3bf0000 - 0x00007ffdd3dd4000 	C:\Windows\SYSTEM32\DBGHELP.DLL
0x00007ffdd3aa0000 - 0x00007ffdd3acc000 	C:\Windows\SYSTEM32\dbgcore.DLL
0x00007ffded980000 - 0x00007ffdeda02000 	C:\Windows\System32\bcryptPrimitives.dll
0x00007ffde7430000 - 0x00007ffde743e000 	C:\Program Files\Java\jdk-17.0.2\bin\instrument.dll
0x00007ffdd59e0000 - 0x00007ffdd5a05000 	C:\Program Files\Java\jdk-17.0.2\bin\java.dll
0x00007ffdc93c0000 - 0x00007ffdc9496000 	C:\Program Files\Java\jdk-17.0.2\bin\jsvml.dll
0x00007ffdee420000 - 0x00007ffdeeb63000 	C:\Windows\System32\SHELL32.dll
0x00007ffdeb190000 - 0x00007ffdeb924000 	C:\Windows\SYSTEM32\windows.storage.dll
0x00007ffdedcc0000 - 0x00007ffdee014000 	C:\Windows\System32\combase.dll
0x00007ffdecaa0000 - 0x00007ffdecad0000 	C:\Windows\SYSTEM32\Wldp.dll
0x00007ffdef500000 - 0x00007ffdef5ad000 	C:\Windows\System32\SHCORE.dll
0x00007ffdef4a0000 - 0x00007ffdef4f5000 	C:\Windows\System32\shlwapi.dll
0x00007ffdecff0000 - 0x00007ffded00f000 	C:\Windows\SYSTEM32\profapi.dll
0x00007ffdd7db0000 - 0x00007ffdd7dc9000 	C:\Program Files\Java\jdk-17.0.2\bin\net.dll
0x00007ffde0da0000 - 0x00007ffde0ead000 	C:\Windows\SYSTEM32\WINHTTP.dll
0x00007ffdec800000 - 0x00007ffdec86a000 	C:\Windows\system32\mswsock.dll
0x00007ffdd75e0000 - 0x00007ffdd75f6000 	C:\Program Files\Java\jdk-17.0.2\bin\nio.dll
0x00007ffdd5e80000 - 0x00007ffdd5e98000 	C:\Program Files\Java\jdk-17.0.2\bin\zip.dll
0x00007ffdd5e40000 - 0x00007ffdd5e5a000 	C:\Program Files\JetBrains\IntelliJ IDEA 2022.1.3\bin\breakgen64.dll
0x0000029ae4e30000 - 0x0000029ae4e33000 	C:\Users\Andres\.openjfx\cache\17.0.1\api-ms-win-core-console-l1-1-0.dll
0x0000029ae4e40000 - 0x0000029ae4e43000 	C:\Users\Andres\.openjfx\cache\17.0.1\api-ms-win-core-console-l1-2-0.dll
0x0000029ae6d30000 - 0x0000029ae6d33000 	C:\Users\Andres\.openjfx\cache\17.0.1\api-ms-win-core-datetime-l1-1-0.dll
0x0000029a86e70000 - 0x0000029a86e73000 	C:\Users\Andres\.openjfx\cache\17.0.1\api-ms-win-core-debug-l1-1-0.dll
0x0000029a86e80000 - 0x0000029a86e83000 	C:\Users\Andres\.openjfx\cache\17.0.1\api-ms-win-core-errorhandling-l1-1-0.dll
0x0000029a86e90000 - 0x0000029a86e94000 	C:\Users\Andres\.openjfx\cache\17.0.1\api-ms-win-core-file-l1-1-0.dll
0x0000029a86ea0000 - 0x0000029a86ea3000 	C:\Users\Andres\.openjfx\cache\17.0.1\api-ms-win-core-file-l1-2-0.dll
0x0000029a86eb0000 - 0x0000029a86eb3000 	C:\Users\Andres\.openjfx\cache\17.0.1\api-ms-win-core-file-l2-1-0.dll
0x0000029a86ec0000 - 0x0000029a86ec3000 	C:\Users\Andres\.openjfx\cache\17.0.1\api-ms-win-core-handle-l1-1-0.dll
0x0000029a86ed0000 - 0x0000029a86ed3000 	C:\Users\Andres\.openjfx\cache\17.0.1\api-ms-win-core-heap-l1-1-0.dll
0x0000029a86ee0000 - 0x0000029a86ee3000 	C:\Users\Andres\.openjfx\cache\17.0.1\api-ms-win-core-interlocked-l1-1-0.dll
0x0000029a86ef0000 - 0x0000029a86ef3000 	C:\Users\Andres\.openjfx\cache\17.0.1\api-ms-win-core-libraryloader-l1-1-0.dll
0x0000029a86f00000 - 0x0000029a86f03000 	C:\Users\Andres\.openjfx\cache\17.0.1\api-ms-win-core-localization-l1-2-0.dll
0x0000029a86f10000 - 0x0000029a86f13000 	C:\Users\Andres\.openjfx\cache\17.0.1\api-ms-win-core-memory-l1-1-0.dll
0x0000029a86f20000 - 0x0000029a86f23000 	C:\Users\Andres\.openjfx\cache\17.0.1\api-ms-win-core-namedpipe-l1-1-0.dll
0x0000029a86f30000 - 0x0000029a86f33000 	C:\Users\Andres\.openjfx\cache\17.0.1\api-ms-win-core-processenvironment-l1-1-0.dll
0x0000029a86f40000 - 0x0000029a86f43000 	C:\Users\Andres\.openjfx\cache\17.0.1\api-ms-win-core-processthreads-l1-1-0.dll
0x0000029a86f50000 - 0x0000029a86f53000 	C:\Users\Andres\.openjfx\cache\17.0.1\api-ms-win-core-processthreads-l1-1-1.dll
0x0000029a87080000 - 0x0000029a87083000 	C:\Users\Andres\.openjfx\cache\17.0.1\api-ms-win-core-profile-l1-1-0.dll
0x0000029a87090000 - 0x0000029a87093000 	C:\Users\Andres\.openjfx\cache\17.0.1\api-ms-win-core-rtlsupport-l1-1-0.dll
0x0000029a870a0000 - 0x0000029a870a3000 	C:\Users\Andres\.openjfx\cache\17.0.1\api-ms-win-core-string-l1-1-0.dll
0x0000029a870b0000 - 0x0000029a870b3000 	C:\Users\Andres\.openjfx\cache\17.0.1\api-ms-win-core-synch-l1-1-0.dll
0x0000029a870c0000 - 0x0000029a870c3000 	C:\Users\Andres\.openjfx\cache\17.0.1\api-ms-win-core-synch-l1-2-0.dll
0x0000029a870d0000 - 0x0000029a870d3000 	C:\Users\Andres\.openjfx\cache\17.0.1\api-ms-win-core-sysinfo-l1-1-0.dll
0x0000029a870e0000 - 0x0000029a870e3000 	C:\Users\Andres\.openjfx\cache\17.0.1\api-ms-win-core-timezone-l1-1-0.dll
0x0000029a87220000 - 0x0000029a87223000 	C:\Users\Andres\.openjfx\cache\17.0.1\api-ms-win-core-util-l1-1-0.dll
0x0000029a87230000 - 0x0000029a87233000 	C:\Users\Andres\.openjfx\cache\17.0.1\api-ms-win-crt-conio-l1-1-0.dll
0x0000029a87240000 - 0x0000029a87244000 	C:\Users\Andres\.openjfx\cache\17.0.1\api-ms-win-crt-convert-l1-1-0.dll
0x0000029a87250000 - 0x0000029a87253000 	C:\Users\Andres\.openjfx\cache\17.0.1\api-ms-win-crt-environment-l1-1-0.dll
0x0000029a87260000 - 0x0000029a87263000 	C:\Users\Andres\.openjfx\cache\17.0.1\api-ms-win-crt-filesystem-l1-1-0.dll
0x0000029a87270000 - 0x0000029a87273000 	C:\Users\Andres\.openjfx\cache\17.0.1\api-ms-win-crt-heap-l1-1-0.dll
0x0000029a87280000 - 0x0000029a87283000 	C:\Users\Andres\.openjfx\cache\17.0.1\api-ms-win-crt-locale-l1-1-0.dll
0x0000029a87290000 - 0x0000029a87295000 	C:\Users\Andres\.openjfx\cache\17.0.1\api-ms-win-crt-math-l1-1-0.dll
0x0000029a872a0000 - 0x0000029a872a5000 	C:\Users\Andres\.openjfx\cache\17.0.1\api-ms-win-crt-multibyte-l1-1-0.dll
0x0000029a872b0000 - 0x0000029a872c0000 	C:\Users\Andres\.openjfx\cache\17.0.1\api-ms-win-crt-private-l1-1-0.dll
0x0000029a872c0000 - 0x0000029a872c3000 	C:\Users\Andres\.openjfx\cache\17.0.1\api-ms-win-crt-process-l1-1-0.dll
0x0000029a872d0000 - 0x0000029a872d4000 	C:\Users\Andres\.openjfx\cache\17.0.1\api-ms-win-crt-runtime-l1-1-0.dll
0x0000029a872e0000 - 0x0000029a872e4000 	C:\Users\Andres\.openjfx\cache\17.0.1\api-ms-win-crt-stdio-l1-1-0.dll
0x0000029a872f0000 - 0x0000029a872f4000 	C:\Users\Andres\.openjfx\cache\17.0.1\api-ms-win-crt-string-l1-1-0.dll
0x0000029a87300000 - 0x0000029a87303000 	C:\Users\Andres\.openjfx\cache\17.0.1\api-ms-win-crt-time-l1-1-0.dll
0x0000029a87310000 - 0x0000029a87313000 	C:\Users\Andres\.openjfx\cache\17.0.1\api-ms-win-crt-utility-l1-1-0.dll
0x00007ffdc92c0000 - 0x00007ffdc93bc000 	C:\Users\Andres\.openjfx\cache\17.0.1\ucrtbase.dll
0x00007ffdd5db0000 - 0x00007ffdd5dca000 	C:\Users\Andres\.openjfx\cache\17.0.1\vcruntime140.dll
0x00007ffdd87e0000 - 0x00007ffdd87ec000 	C:\Users\Andres\.openjfx\cache\17.0.1\vcruntime140_1.dll
0x00007ffdcc790000 - 0x00007ffdcc81d000 	C:\Users\Andres\.openjfx\cache\17.0.1\msvcp140.dll
0x00007ffdd5d80000 - 0x00007ffdd5daa000 	C:\Users\Andres\.openjfx\cache\17.0.1\prism_d3d.dll
0x00007ffdc8f10000 - 0x00007ffdc90df000 	C:\Windows\system32\d3d9.dll
0x00007ffdeaba0000 - 0x00007ffdeabcf000 	C:\Windows\SYSTEM32\dwmapi.dll
0x00007ffdeaab0000 - 0x00007ffdeab4e000 	C:\Windows\system32\uxtheme.dll
0x00007ffdb6c00000 - 0x00007ffdb913d000 	C:\Windows\SYSTEM32\igdumdim64.dll
0x00007ffdef1d0000 - 0x00007ffdef29d000 	C:\Windows\System32\OLEAUT32.dll
0x00007ffdedb90000 - 0x00007ffdedcba000 	C:\Windows\System32\ole32.dll
0x00007ffdeed40000 - 0x00007ffdef1af000 	C:\Windows\System32\SETUPAPI.dll
0x00007ffded0b0000 - 0x00007ffded0fe000 	C:\Windows\System32\cfgmgr32.dll
0x00007ffded690000 - 0x00007ffded6b7000 	C:\Windows\System32\bcrypt.dll
0x00007ffdcc260000 - 0x00007ffdcc2a2000 	C:\Users\Andres\.openjfx\cache\17.0.1\glass.dll
0x00007ffdef5b0000 - 0x00007ffdef68a000 	C:\Windows\System32\COMDLG32.dll
0x00007ffdee2f0000 - 0x00007ffdee405000 	C:\Windows\System32\MSCTF.dll
0x00007ffde2b50000 - 0x00007ffde358f000 	C:\Windows\SYSTEM32\igdusc64.dll
0x00007ffde9940000 - 0x00007ffde997b000 	C:\Windows\SYSTEM32\dxcore.dll
0x00007ffdd5d60000 - 0x00007ffdd5d74000 	C:\Users\Andres\.openjfx\cache\17.0.1\javafx_font.dll
0x00007ffde5f00000 - 0x00007ffde617f000 	C:\Windows\SYSTEM32\dwrite.dll
0x00007ffdee1e0000 - 0x00007ffdee28f000 	C:\Windows\System32\clbcatq.dll
0x00007ffde5d20000 - 0x00007ffde5ed4000 	C:\Windows\SYSTEM32\WindowsCodecs.dll
0x00007ffdd7960000 - 0x00007ffdd799e000 	C:\Windows\system32\dataexchange.dll
0x00007ffde96d0000 - 0x00007ffde98b3000 	C:\Windows\system32\dcomp.dll
0x00007ffde84d0000 - 0x00007ffde8733000 	C:\Windows\system32\d3d11.dll
0x00007ffdeb970000 - 0x00007ffdeba63000 	C:\Windows\system32\dxgi.dll
0x00007ffde6e50000 - 0x00007ffde7050000 	C:\Windows\system32\twinapi.appcore.dll
0x00007ffdd50c0000 - 0x00007ffdd50f4000 	C:\Program Files\Common Files\Microsoft Shared\Ink\rtscom.dll
0x00007ffde9460000 - 0x00007ffde9559000 	C:\Windows\SYSTEM32\textinputframework.dll
0x00007ffde9100000 - 0x00007ffde945e000 	C:\Windows\System32\CoreUIComponents.dll
0x00007ffde9560000 - 0x00007ffde9652000 	C:\Windows\System32\CoreMessaging.dll
0x00007ffdec1d0000 - 0x00007ffdec203000 	C:\Windows\SYSTEM32\ntmarta.dll
0x00007ffde9f60000 - 0x00007ffdea0b4000 	C:\Windows\SYSTEM32\wintypes.dll

dbghelp: loaded successfully - version: 4.0.5 - missing functions: none
symbol engine: initialized successfully - sym options: 0x614 - pdb path: .;C:\Program Files\Java\jdk-17.0.2\bin;C:\Windows\SYSTEM32;C:\Windows\WinSxS\amd64_microsoft.windows.common-controls_6595b64144ccf1df_6.0.19041.1110_none_60b5254171f9507e;C:\Program Files\Java\jdk-17.0.2\bin\server;C:\Program Files\JetBrains\IntelliJ IDEA 2022.1.3\bin;C:\Users\Andres\.openjfx\cache\17.0.1;C:\Program Files\Common Files\Microsoft Shared\Ink

VM Arguments:
jvm_args: -javaagent:C:\Program Files\JetBrains\IntelliJ IDEA 2022.1.3\lib\idea_rt.jar=54439:C:\Program Files\JetBrains\IntelliJ IDEA 2022.1.3\bin -Dfile.encoding=UTF-8 --module-path=C:\Users\Andres\.m2\repository\org\openjfx\javafx-base\17.0.1\javafx-base-17.0.1-win.jar;C:\Users\Andres\.m2\repository\org\openjfx\javafx-controls\17.0.1\javafx-controls-17.0.1-win.jar;C:\Users\Andres\.m2\repository\org\openjfx\javafx-graphics\17.0.1\javafx-graphics-17.0.1-win.jar;C:\Users\Andres\.m2\repository\org\openjfx\javafx-fxml\17.0.1\javafx-fxml-17.0.1-win.jar;C:\Users\Andres\IdeaProjects\demo2\target\classes -Djdk.module.main=com.example.demo2 
java_command: com.example.demo2/com.example.demo2.HelloApplication
java_class_path (initial): C:\Users\Andres\.m2\repository\org\openjfx\javafx-controls\17.0.1\javafx-controls-17.0.1.jar;C:\Users\Andres\.m2\repository\org\openjfx\javafx-graphics\17.0.1\javafx-graphics-17.0.1.jar;C:\Users\Andres\.m2\repository\org\openjfx\javafx-base\17.0.1\javafx-base-17.0.1.jar;C:\Users\Andres\.m2\repository\org\openjfx\javafx-fxml\17.0.1\javafx-fxml-17.0.1.jar
Launcher Type: SUN_STANDARD

[Global flags]
     intx CICompilerCount                          = 3                                         {product} {ergonomic}
     uint ConcGCThreads                            = 1                                         {product} {ergonomic}
     uint G1ConcRefinementThreads                  = 4                                         {product} {ergonomic}
   size_t G1HeapRegionSize                         = 1048576                                   {product} {ergonomic}
    uintx GCDrainStackTargetSize                   = 64                                        {product} {ergonomic}
   size_t InitialHeapSize                          = 132120576                                 {product} {ergonomic}
   size_t MarkStackSize                            = 4194304                                   {product} {ergonomic}
   size_t MaxHeapSize                              = 2101346304                                {product} {ergonomic}
   size_t MaxNewSize                               = 1260388352                                {product} {ergonomic}
   size_t MinHeapDeltaBytes                        = 1048576                                   {product} {ergonomic}
   size_t MinHeapSize                              = 8388608                                   {product} {ergonomic}
    uintx NonNMethodCodeHeapSize                   = 5832780                                {pd product} {ergonomic}
    uintx NonProfiledCodeHeapSize                  = 122912730                              {pd product} {ergonomic}
    uintx ProfiledCodeHeapSize                     = 122912730                              {pd product} {ergonomic}
    uintx ReservedCodeCacheSize                    = 251658240                              {pd product} {ergonomic}
     bool SegmentedCodeCache                       = true                                      {product} {ergonomic}
   size_t SoftMaxHeapSize                          = 2101346304                             {manageable} {ergonomic}
     bool UseCompressedClassPointers               = true                           {product lp64_product} {ergonomic}
     bool UseCompressedOops                        = true                           {product lp64_product} {ergonomic}
     bool UseG1GC                                  = true                                      {product} {ergonomic}
     bool UseLargePagesIndividualAllocation        = false                                  {pd product} {ergonomic}

Logging:
Log output configuration:
 #0: stdout all=off uptime,level,tags
 #1: stderr all=off uptime,level,tags

Environment Variables:
PATH=C:\Program Files\Common Files\Oracle\Java\javapath;C:\Program Files (x86)\Common Files\Oracle\Java\javapath;C:\watcom-1.3\binnt;C:\watcom-1.3\binw;C:\Windows\system32;C:\Windows;C:\Windows\System32\Wbem;C:\Windows\System32\WindowsPowerShell\v1.0\;C:\Windows\System32\OpenSSH\;C:\Program Files\Git\cmd;C:\Users\Andres\AppData\Local\Microsoft\WindowsApps;C:\Users\Andres\AppData\Local\Programs\Microsoft VS Code\bin;C++ Compiler: C:\Program Files (x86)\Dev-Cpp\MinGW64\bin\g++.exe;
USERNAME=Andres
OS=Windows_NT
PROCESSOR_IDENTIFIER=Intel64 Family 6 Model 60 Stepping 3, GenuineIntel



---------------  S Y S T E M  ---------------

OS:
 Windows 10 , 64 bit Build 19041 (10.0.19041.1889)
OS uptime: 1 days 1:56 hours

CPU: total 4 (initial active 4) (2 cores per cpu, 2 threads per core) family 6 model 60 stepping 3 microcode 0x27, cx8, cmov, fxsr, ht, mmx, sse, sse2, sse3, ssse3, sse4.1, sse4.2, popcnt, lzcnt, tsc, tscinvbit, avx, avx2, aes, erms, clmul, bmi1, bmi2, fma, vzeroupper, clflush

Memory: 4k page, system-wide physical 8009M (1481M free)
TotalPageFile size 9843M (AvailPageFile size 1303M)
current process WorkingSet (physical memory assigned to process): 148M, peak: 164M
current process commit charge ("private bytes"): 276M, peak: 294M

vm_info: Java HotSpot(TM) 64-Bit Server VM (17.0.2+8-LTS-86) for windows-amd64 JRE (17.0.2+8-LTS-86), built on Dec  7 2021 21:51:03 by "mach5one" with MS VC++ 16.8 / 16.9 (VS2019)

END.
